<?xml version="1.0" encoding="UTF-8"?>
<!-- Generated by org.testng.reporters.JUnitXMLReporter -->
<testsuite hostname="Santosh" ignored="0" name="LoginPageTest" tests="1" failures="0" timestamp="12 Aug 2020 15:21:07 GMT" time="4.418" errors="0">
  <testcase name="@BeforeMethod setUp" time="0.0" classname="com.flipkart.tests.LoginPageTest">
    <failure type="org.openqa.selenium.SessionNotCreatedException" message="session not created: This version of ChromeDriver only supports Chrome version 85
Build info: version: &amp;apos;3.141.59&amp;apos;, revision: &amp;apos;e82be7d358&amp;apos;, time: &amp;apos;2018-11-14T08:17:03&amp;apos;
System info: host: &amp;apos;SANTOSH&amp;apos;, ip: &amp;apos;192.168.43.236&amp;apos;, os.name: &amp;apos;Windows 10&amp;apos;, os.arch: &amp;apos;amd64&amp;apos;, os.version: &amp;apos;10.0&amp;apos;, java.version: &amp;apos;1.8.0_121&amp;apos;
Driver info: driver.version: Driver
remote stacktrace: Backtrace:
	Ordinal0 [0x00E0C933+3131699]
	Ordinal0 [0x00CF9EC1+2006721]
	Ordinal0 [0x00B9AE28+568872]
	Ordinal0 [0x00B213BF+70591]
	Ordinal0 [0x00B1CC83+52355]
	Ordinal0 [0x00B40E2C+200236]
	Ordinal0 [0x00B40C4D+199757]
	Ordinal0 [0x00B3EB3B+191291]
	Ordinal0 [0x00B22E97+77463]
	Ordinal0 [0x00B23E5E+81502]
	Ordinal0 [0x00B23DE9+81385]
	Ordinal0 [0x00D10A79+2099833]
	GetHandleVerifier [0x00F7AC3A+1396666]
	GetHandleVerifier [0x00F7A8B9+1395769]
	GetHandleVerifier [0x00F86536+1444022]
	GetHandleVerifier [0x00F7B1C8+1398088]
	Ordinal0 [0x00D07D41+2063681]
	Ordinal0 [0x00D1208B+2105483]
	Ordinal0 [0x00D121B1+2105777]
	Ordinal0 [0x00D24754+2180948]
	BaseThreadInitThunk [0x75E66359+25]
	RtlGetAppContainerNamedObjectPath [0x77A97C24+228]
	RtlGetAppContainerNamedObjectPath [0x77A97BF4+180]
">
      <![CDATA[org.openqa.selenium.SessionNotCreatedException: session not created: This version of ChromeDriver only supports Chrome version 85
Build info: version: '3.141.59', revision: 'e82be7d358', time: '2018-11-14T08:17:03'
System info: host: 'SANTOSH', ip: '192.168.43.236', os.name: 'Windows 10', os.arch: 'amd64', os.version: '10.0', java.version: '1.8.0_121'
Driver info: driver.version: Driver
remote stacktrace: Backtrace:
	Ordinal0 [0x00E0C933+3131699]
	Ordinal0 [0x00CF9EC1+2006721]
	Ordinal0 [0x00B9AE28+568872]
	Ordinal0 [0x00B213BF+70591]
	Ordinal0 [0x00B1CC83+52355]
	Ordinal0 [0x00B40E2C+200236]
	Ordinal0 [0x00B40C4D+199757]
	Ordinal0 [0x00B3EB3B+191291]
	Ordinal0 [0x00B22E97+77463]
	Ordinal0 [0x00B23E5E+81502]
	Ordinal0 [0x00B23DE9+81385]
	Ordinal0 [0x00D10A79+2099833]
	GetHandleVerifier [0x00F7AC3A+1396666]
	GetHandleVerifier [0x00F7A8B9+1395769]
	GetHandleVerifier [0x00F86536+1444022]
	GetHandleVerifier [0x00F7B1C8+1398088]
	Ordinal0 [0x00D07D41+2063681]
	Ordinal0 [0x00D1208B+2105483]
	Ordinal0 [0x00D121B1+2105777]
	Ordinal0 [0x00D24754+2180948]
	BaseThreadInitThunk [0x75E66359+25]
	RtlGetAppContainerNamedObjectPath [0x77A97C24+228]
	RtlGetAppContainerNamedObjectPath [0x77A97BF4+180]

	at org.openqa.selenium.remote.W3CHandshakeResponse.lambda$errorHandler$0(W3CHandshakeResponse.java:62)
	at org.openqa.selenium.remote.HandshakeResponse.lambda$getResponseFunction$0(HandshakeResponse.java:30)
	at org.openqa.selenium.remote.ProtocolHandshake.lambda$createSession$0(ProtocolHandshake.java:126)
	at java.util.stream.ReferencePipeline$3$1.accept(Unknown Source)
	at java.util.Spliterators$ArraySpliterator.tryAdvance(Unknown Source)
	at java.util.stream.ReferencePipeline.forEachWithCancel(Unknown Source)
	at java.util.stream.AbstractPipeline.copyIntoWithCancel(Unknown Source)
	at java.util.stream.AbstractPipeline.copyInto(Unknown Source)
	at java.util.stream.AbstractPipeline.wrapAndCopyInto(Unknown Source)
	at java.util.stream.FindOps$FindOp.evaluateSequential(Unknown Source)
	at java.util.stream.AbstractPipeline.evaluate(Unknown Source)
	at java.util.stream.ReferencePipeline.findFirst(Unknown Source)
	at org.openqa.selenium.remote.ProtocolHandshake.createSession(ProtocolHandshake.java:128)
	at org.openqa.selenium.remote.ProtocolHandshake.createSession(ProtocolHandshake.java:74)
	at org.openqa.selenium.remote.HttpCommandExecutor.execute(HttpCommandExecutor.java:136)
	at org.openqa.selenium.remote.service.DriverCommandExecutor.execute(DriverCommandExecutor.java:83)
	at org.openqa.selenium.remote.RemoteWebDriver.execute(RemoteWebDriver.java:552)
	at org.openqa.selenium.remote.RemoteWebDriver.startSession(RemoteWebDriver.java:213)
	at org.openqa.selenium.remote.RemoteWebDriver.<init>(RemoteWebDriver.java:131)
	at org.openqa.selenium.chrome.ChromeDriver.<init>(ChromeDriver.java:181)
	at org.openqa.selenium.chrome.ChromeDriver.<init>(ChromeDriver.java:168)
	at org.openqa.selenium.chrome.ChromeDriver.<init>(ChromeDriver.java:123)
	at com.flipkart.base.Driver.initialize(Driver.java:56)
	at com.flipkart.tests.LoginPageTest.setUp(LoginPageTest.java:29)
... Removed 31 stack frames]]>
    </failure>
  </testcase> <!-- @BeforeMethod setUp -->
  <testcase name="@AfterMethod tearDown" time="0.0" classname="com.flipkart.tests.LoginPageTest">
    <skipped/>
  </testcase> <!-- @AfterMethod tearDown -->
  <testcase name="LoginPageVerifyLogin" time="0.009" classname="com.flipkart.tests.LoginPageTest">
    <skipped/>
  </testcase> <!-- LoginPageVerifyLogin -->
</testsuite> <!-- LoginPageTest -->
