<!DOCTYPE html PUBLIC "-//W3C//DTD XHTML 1.1//EN" "http://www.w3.org/TR/xhtml11/DTD/xhtml11.dtd">
<html xmlns="http://www.w3.org/1999/xhtml"><head><title>TestNG Report</title><style type="text/css">table {margin-bottom:10px;border-collapse:collapse;empty-cells:show}th,td {border:1px solid #009;padding:.25em .5em}th {vertical-align:bottom}td {vertical-align:top}table a {font-weight:bold}.stripe td {background-color: #E6EBF9}.num {text-align:right}.passedodd td {background-color: #3F3}.passedeven td {background-color: #0A0}.skippedodd td {background-color: #DDD}.skippedeven td {background-color: #CCC}.failedodd td,.attn {background-color: #F33}.failedeven td,.stripe .attn {background-color: #D00}.stacktrace {white-space:pre;font-family:monospace}.totop {font-size:85%;text-align:center;border-bottom:2px solid #000}</style></head><body><table><tr><th>Test</th><th># Passed</th><th># Skipped</th><th># Failed</th><th>Time (ms)</th><th>Included Groups</th><th>Excluded Groups</th></tr><tr><th colspan="7">FlipKart.com Test</th></tr><tr><td><a href="#t0">LoginPageTest</a></td><td class="num">0</td><td class="num attn">1</td><td class="num">0</td><td class="num">4,418</td><td></td><td></td></tr><tr class="stripe"><td><a href="#t1">HomePageTest</a></td><td class="num">0</td><td class="num attn">3</td><td class="num">0</td><td class="num">1,879</td><td></td><td></td></tr><tr><td><a href="#t2">SearchPageTest</a></td><td class="num">0</td><td class="num attn">2</td><td class="num">0</td><td class="num">2,054</td><td></td><td></td></tr><tr class="stripe"><td><a href="#t3">ProductpageTest</a></td><td class="num">0</td><td class="num attn">1</td><td class="num">0</td><td class="num">2,187</td><td></td><td></td></tr><tr><td><a href="#t4">CartpageTest</a></td><td class="num">0</td><td class="num attn">3</td><td class="num">0</td><td class="num">2,148</td><td></td><td></td></tr><tr><th>Total</th><th class="num">0</th><th class="num attn">10</th><th class="num">0</th><th class="num">12,686</th><th colspan="2"></th></tr></table><table><thead><tr><th>Class</th><th>Method</th><th>Start</th><th>Time (ms)</th></tr></thead><tbody><tr><th colspan="4">FlipKart.com Test</th></tr></tbody><tbody id="t0"><tr><th colspan="4">LoginPageTest &#8212; failed (configuration methods)</th></tr><tr class="failedeven"><td rowspan="1">com.flipkart.tests.LoginPageTest</td><td><a href="#m0">setUp</a></td><td rowspan="1">1597245662824</td><td rowspan="1">0</td></tr><tr><th colspan="4">LoginPageTest &#8212; skipped (configuration methods)</th></tr><tr class="skippedeven"><td rowspan="1">com.flipkart.tests.LoginPageTest</td><td><a href="#m1">tearDown</a></td><td rowspan="1">1597245667207</td><td rowspan="1">0</td></tr><tr><th colspan="4">LoginPageTest &#8212; skipped</th></tr><tr class="skippedeven"><td rowspan="1">com.flipkart.tests.LoginPageTest</td><td><a href="#m2">LoginPageVerifyLogin</a></td><td rowspan="1">1597245667189</td><td rowspan="1">9</td></tr></tbody><tbody id="t1"><tr><th colspan="4">HomePageTest &#8212; failed (configuration methods)</th></tr><tr class="failedeven"><td rowspan="1">com.flipkart.tests.HomepageTest</td><td><a href="#m3">setUp</a></td><td rowspan="1">1597245667305</td><td rowspan="1">0</td></tr><tr><th colspan="4">HomePageTest &#8212; skipped (configuration methods)</th></tr><tr class="skippedeven"><td rowspan="5">com.flipkart.tests.HomepageTest</td><td><a href="#m4">setUp</a></td><td rowspan="2">1597245669155</td><td rowspan="2">0</td></tr><tr class="skippedeven"><td><a href="#m5">setUp</a></td></tr><tr class="skippedeven"><td><a href="#m6">teardown</a></td><td rowspan="3">1597245669177</td><td rowspan="3">0</td></tr><tr class="skippedeven"><td><a href="#m7">teardown</a></td></tr><tr class="skippedeven"><td><a href="#m8">teardown</a></td></tr><tr><th colspan="4">HomePageTest &#8212; skipped</th></tr><tr class="skippedeven"><td rowspan="3">com.flipkart.tests.HomepageTest</td><td><a href="#m9">searchProductFromHomepage</a></td><td rowspan="1">1597245669170</td><td rowspan="1">3</td></tr><tr class="skippedeven"><td><a href="#m10">verifyHomePageTitileTest</a></td><td rowspan="1">1597245669141</td><td rowspan="1">2</td></tr><tr class="skippedeven"><td><a href="#m11">verifyHomepageCorrectSignIn</a></td><td rowspan="1">1597245669158</td><td rowspan="1">2</td></tr></tbody><tbody id="t2"><tr><th colspan="4">SearchPageTest &#8212; failed (configuration methods)</th></tr><tr class="failedeven"><td rowspan="1">com.flipkart.tests.SearchPageTest</td><td><a href="#m12">setUp</a></td><td rowspan="1">1597245669354</td><td rowspan="1">0</td></tr><tr><th colspan="4">SearchPageTest &#8212; skipped (configuration methods)</th></tr><tr class="skippedeven"><td rowspan="3">com.flipkart.tests.SearchPageTest</td><td><a href="#m13">setUp</a></td><td rowspan="1">1597245671362</td><td rowspan="1">0</td></tr><tr class="skippedeven"><td><a href="#m14">teardown</a></td><td rowspan="2">1597245671389</td><td rowspan="2">0</td></tr><tr class="skippedeven"><td><a href="#m15">teardown</a></td></tr><tr><th colspan="4">SearchPageTest &#8212; skipped</th></tr><tr class="skippedeven"><td rowspan="2">com.flipkart.tests.SearchPageTest</td><td><a href="#m16">clickonProductinSearchPage</a></td><td rowspan="1">1597245671370</td><td rowspan="1">7</td></tr><tr class="skippedeven"><td><a href="#m17">countProductsOnPageinSearchPage</a></td><td rowspan="1">1597245671345</td><td rowspan="1">3</td></tr></tbody><tbody id="t3"><tr><th colspan="4">ProductpageTest &#8212; failed (configuration methods)</th></tr><tr class="failedeven"><td rowspan="1">com.flipkart.tests.ProductpageTest</td><td><a href="#m18">setUp</a></td><td rowspan="1">1597245671444</td><td rowspan="1">0</td></tr><tr><th colspan="4">ProductpageTest &#8212; skipped (configuration methods)</th></tr><tr class="skippedeven"><td rowspan="1">com.flipkart.tests.ProductpageTest</td><td><a href="#m19">teardown</a></td><td rowspan="1">1597245673624</td><td rowspan="1">0</td></tr><tr><th colspan="4">ProductpageTest &#8212; skipped</th></tr><tr class="skippedeven"><td rowspan="1">com.flipkart.tests.ProductpageTest</td><td><a href="#m20">verifyCartAdditionfromProductPage</a></td><td rowspan="1">1597245673615</td><td rowspan="1">3</td></tr></tbody><tbody id="t4"><tr><th colspan="4">CartpageTest &#8212; failed (configuration methods)</th></tr><tr class="failedeven"><td rowspan="1">com.flipkart.tests.CartPageTest</td><td><a href="#m21">setUp</a></td><td rowspan="1">1597245673659</td><td rowspan="1">0</td></tr><tr><th colspan="4">CartpageTest &#8212; skipped (configuration methods)</th></tr><tr class="skippedeven"><td rowspan="5">com.flipkart.tests.CartPageTest</td><td><a href="#m22">setUp</a></td><td rowspan="2">1597245675731</td><td rowspan="2">0</td></tr><tr class="skippedeven"><td><a href="#m23">setUp</a></td></tr><tr class="skippedeven"><td><a href="#m24">teardown</a></td><td rowspan="3">1597245675746</td><td rowspan="3">0</td></tr><tr class="skippedeven"><td><a href="#m25">teardown</a></td></tr><tr class="skippedeven"><td><a href="#m26">teardown</a></td></tr><tr><th colspan="4">CartpageTest &#8212; skipped</th></tr><tr class="skippedeven"><td rowspan="3">com.flipkart.tests.CartPageTest</td><td><a href="#m27">ScreenshotCartPage</a></td><td rowspan="1">1597245675684</td><td rowspan="1">2</td></tr><tr class="skippedeven"><td><a href="#m28">logoutfromAppinCart</a></td><td rowspan="1">1597245675738</td><td rowspan="1">4</td></tr><tr class="skippedeven"><td><a href="#m29">removeFromCart</a></td><td rowspan="1">1597245675705</td><td rowspan="1">2</td></tr></tbody></table><h2>LoginPageTest</h2><h3 id="m0">com.flipkart.tests.LoginPageTest#setUp</h3><table class="result"><tr><th>Exception</th></tr><tr><td><div class="stacktrace">org.openqa.selenium.SessionNotCreatedException: session not created: This version of ChromeDriver only supports Chrome version 85
Build info: version: &apos;3.141.59&apos;, revision: &apos;e82be7d358&apos;, time: &apos;2018-11-14T08:17:03&apos;
System info: host: &apos;SANTOSH&apos;, ip: &apos;192.168.43.236&apos;, os.name: &apos;Windows 10&apos;, os.arch: &apos;amd64&apos;, os.version: &apos;10.0&apos;, java.version: &apos;1.8.0_121&apos;
Driver info: driver.version: Driver
remote stacktrace: Backtrace:
	Ordinal0 [0x00E0C933+3131699]
	Ordinal0 [0x00CF9EC1+2006721]
	Ordinal0 [0x00B9AE28+568872]
	Ordinal0 [0x00B213BF+70591]
	Ordinal0 [0x00B1CC83+52355]
	Ordinal0 [0x00B40E2C+200236]
	Ordinal0 [0x00B40C4D+199757]
	Ordinal0 [0x00B3EB3B+191291]
	Ordinal0 [0x00B22E97+77463]
	Ordinal0 [0x00B23E5E+81502]
	Ordinal0 [0x00B23DE9+81385]
	Ordinal0 [0x00D10A79+2099833]
	GetHandleVerifier [0x00F7AC3A+1396666]
	GetHandleVerifier [0x00F7A8B9+1395769]
	GetHandleVerifier [0x00F86536+1444022]
	GetHandleVerifier [0x00F7B1C8+1398088]
	Ordinal0 [0x00D07D41+2063681]
	Ordinal0 [0x00D1208B+2105483]
	Ordinal0 [0x00D121B1+2105777]
	Ordinal0 [0x00D24754+2180948]
	BaseThreadInitThunk [0x75E66359+25]
	RtlGetAppContainerNamedObjectPath [0x77A97C24+228]
	RtlGetAppContainerNamedObjectPath [0x77A97BF4+180]

	at org.openqa.selenium.remote.W3CHandshakeResponse.lambda$errorHandler$0(W3CHandshakeResponse.java:62)
	at org.openqa.selenium.remote.HandshakeResponse.lambda$getResponseFunction$0(HandshakeResponse.java:30)
	at org.openqa.selenium.remote.ProtocolHandshake.lambda$createSession$0(ProtocolHandshake.java:126)
	at java.util.stream.ReferencePipeline$3$1.accept(Unknown Source)
	at java.util.Spliterators$ArraySpliterator.tryAdvance(Unknown Source)
	at java.util.stream.ReferencePipeline.forEachWithCancel(Unknown Source)
	at java.util.stream.AbstractPipeline.copyIntoWithCancel(Unknown Source)
	at java.util.stream.AbstractPipeline.copyInto(Unknown Source)
	at java.util.stream.AbstractPipeline.wrapAndCopyInto(Unknown Source)
	at java.util.stream.FindOps$FindOp.evaluateSequential(Unknown Source)
	at java.util.stream.AbstractPipeline.evaluate(Unknown Source)
	at java.util.stream.ReferencePipeline.findFirst(Unknown Source)
	at org.openqa.selenium.remote.ProtocolHandshake.createSession(ProtocolHandshake.java:128)
	at org.openqa.selenium.remote.ProtocolHandshake.createSession(ProtocolHandshake.java:74)
	at org.openqa.selenium.remote.HttpCommandExecutor.execute(HttpCommandExecutor.java:136)
	at org.openqa.selenium.remote.service.DriverCommandExecutor.execute(DriverCommandExecutor.java:83)
	at org.openqa.selenium.remote.RemoteWebDriver.execute(RemoteWebDriver.java:552)
	at org.openqa.selenium.remote.RemoteWebDriver.startSession(RemoteWebDriver.java:213)
	at org.openqa.selenium.remote.RemoteWebDriver.&lt;init&gt;(RemoteWebDriver.java:131)
	at org.openqa.selenium.chrome.ChromeDriver.&lt;init&gt;(ChromeDriver.java:181)
	at org.openqa.selenium.chrome.ChromeDriver.&lt;init&gt;(ChromeDriver.java:168)
	at org.openqa.selenium.chrome.ChromeDriver.&lt;init&gt;(ChromeDriver.java:123)
	at com.flipkart.base.Driver.initialize(Driver.java:56)
	at com.flipkart.tests.LoginPageTest.setUp(LoginPageTest.java:29)
... Removed 31 stack frames</div></td></tr></table><p class="totop"><a href="#summary">back to summary</a></p><h3 id="m1">com.flipkart.tests.LoginPageTest#tearDown</h3><table class="result"></table><p class="totop"><a href="#summary">back to summary</a></p><h3 id="m2">com.flipkart.tests.LoginPageTest#LoginPageVerifyLogin</h3><table class="result"><tr><th>Exception</th></tr><tr><td><div class="stacktrace">org.openqa.selenium.SessionNotCreatedException: session not created: This version of ChromeDriver only supports Chrome version 85
Build info: version: &apos;3.141.59&apos;, revision: &apos;e82be7d358&apos;, time: &apos;2018-11-14T08:17:03&apos;
System info: host: &apos;SANTOSH&apos;, ip: &apos;192.168.43.236&apos;, os.name: &apos;Windows 10&apos;, os.arch: &apos;amd64&apos;, os.version: &apos;10.0&apos;, java.version: &apos;1.8.0_121&apos;
Driver info: driver.version: Driver
remote stacktrace: Backtrace:
	Ordinal0 [0x00E0C933+3131699]
	Ordinal0 [0x00CF9EC1+2006721]
	Ordinal0 [0x00B9AE28+568872]
	Ordinal0 [0x00B213BF+70591]
	Ordinal0 [0x00B1CC83+52355]
	Ordinal0 [0x00B40E2C+200236]
	Ordinal0 [0x00B40C4D+199757]
	Ordinal0 [0x00B3EB3B+191291]
	Ordinal0 [0x00B22E97+77463]
	Ordinal0 [0x00B23E5E+81502]
	Ordinal0 [0x00B23DE9+81385]
	Ordinal0 [0x00D10A79+2099833]
	GetHandleVerifier [0x00F7AC3A+1396666]
	GetHandleVerifier [0x00F7A8B9+1395769]
	GetHandleVerifier [0x00F86536+1444022]
	GetHandleVerifier [0x00F7B1C8+1398088]
	Ordinal0 [0x00D07D41+2063681]
	Ordinal0 [0x00D1208B+2105483]
	Ordinal0 [0x00D121B1+2105777]
	Ordinal0 [0x00D24754+2180948]
	BaseThreadInitThunk [0x75E66359+25]
	RtlGetAppContainerNamedObjectPath [0x77A97C24+228]
	RtlGetAppContainerNamedObjectPath [0x77A97BF4+180]

	at org.openqa.selenium.remote.W3CHandshakeResponse.lambda$errorHandler$0(W3CHandshakeResponse.java:62)
	at org.openqa.selenium.remote.HandshakeResponse.lambda$getResponseFunction$0(HandshakeResponse.java:30)
	at org.openqa.selenium.remote.ProtocolHandshake.lambda$createSession$0(ProtocolHandshake.java:126)
	at java.util.stream.ReferencePipeline$3$1.accept(Unknown Source)
	at java.util.Spliterators$ArraySpliterator.tryAdvance(Unknown Source)
	at java.util.stream.ReferencePipeline.forEachWithCancel(Unknown Source)
	at java.util.stream.AbstractPipeline.copyIntoWithCancel(Unknown Source)
	at java.util.stream.AbstractPipeline.copyInto(Unknown Source)
	at java.util.stream.AbstractPipeline.wrapAndCopyInto(Unknown Source)
	at java.util.stream.FindOps$FindOp.evaluateSequential(Unknown Source)
	at java.util.stream.AbstractPipeline.evaluate(Unknown Source)
	at java.util.stream.ReferencePipeline.findFirst(Unknown Source)
	at org.openqa.selenium.remote.ProtocolHandshake.createSession(ProtocolHandshake.java:128)
	at org.openqa.selenium.remote.ProtocolHandshake.createSession(ProtocolHandshake.java:74)
	at org.openqa.selenium.remote.HttpCommandExecutor.execute(HttpCommandExecutor.java:136)
	at org.openqa.selenium.remote.service.DriverCommandExecutor.execute(DriverCommandExecutor.java:83)
	at org.openqa.selenium.remote.RemoteWebDriver.execute(RemoteWebDriver.java:552)
	at org.openqa.selenium.remote.RemoteWebDriver.startSession(RemoteWebDriver.java:213)
	at org.openqa.selenium.remote.RemoteWebDriver.&lt;init&gt;(RemoteWebDriver.java:131)
	at org.openqa.selenium.chrome.ChromeDriver.&lt;init&gt;(ChromeDriver.java:181)
	at org.openqa.selenium.chrome.ChromeDriver.&lt;init&gt;(ChromeDriver.java:168)
	at org.openqa.selenium.chrome.ChromeDriver.&lt;init&gt;(ChromeDriver.java:123)
	at com.flipkart.base.Driver.initialize(Driver.java:56)
	at com.flipkart.tests.LoginPageTest.setUp(LoginPageTest.java:29)
... Removed 31 stack frames</div></td></tr></table><p class="totop"><a href="#summary">back to summary</a></p><h2>HomePageTest</h2><h3 id="m3">com.flipkart.tests.HomepageTest#setUp</h3><table class="result"><tr><th>Exception</th></tr><tr><td><div class="stacktrace">org.openqa.selenium.SessionNotCreatedException: session not created: This version of ChromeDriver only supports Chrome version 85
Build info: version: &apos;3.141.59&apos;, revision: &apos;e82be7d358&apos;, time: &apos;2018-11-14T08:17:03&apos;
System info: host: &apos;SANTOSH&apos;, ip: &apos;192.168.43.236&apos;, os.name: &apos;Windows 10&apos;, os.arch: &apos;amd64&apos;, os.version: &apos;10.0&apos;, java.version: &apos;1.8.0_121&apos;
Driver info: driver.version: Driver
remote stacktrace: Backtrace:
	Ordinal0 [0x00E0C933+3131699]
	Ordinal0 [0x00CF9EC1+2006721]
	Ordinal0 [0x00B9AE28+568872]
	Ordinal0 [0x00B213BF+70591]
	Ordinal0 [0x00B1CC83+52355]
	Ordinal0 [0x00B40E2C+200236]
	Ordinal0 [0x00B40C4D+199757]
	Ordinal0 [0x00B3EB3B+191291]
	Ordinal0 [0x00B22E97+77463]
	Ordinal0 [0x00B23E5E+81502]
	Ordinal0 [0x00B23DE9+81385]
	Ordinal0 [0x00D10A79+2099833]
	GetHandleVerifier [0x00F7AC3A+1396666]
	GetHandleVerifier [0x00F7A8B9+1395769]
	GetHandleVerifier [0x00F86536+1444022]
	GetHandleVerifier [0x00F7B1C8+1398088]
	Ordinal0 [0x00D07D41+2063681]
	Ordinal0 [0x00D1208B+2105483]
	Ordinal0 [0x00D121B1+2105777]
	Ordinal0 [0x00D24754+2180948]
	BaseThreadInitThunk [0x75E66359+25]
	RtlGetAppContainerNamedObjectPath [0x77A97C24+228]
	RtlGetAppContainerNamedObjectPath [0x77A97BF4+180]

	at org.openqa.selenium.remote.W3CHandshakeResponse.lambda$errorHandler$0(W3CHandshakeResponse.java:62)
	at org.openqa.selenium.remote.HandshakeResponse.lambda$getResponseFunction$0(HandshakeResponse.java:30)
	at org.openqa.selenium.remote.ProtocolHandshake.lambda$createSession$0(ProtocolHandshake.java:126)
	at java.util.stream.ReferencePipeline$3$1.accept(Unknown Source)
	at java.util.Spliterators$ArraySpliterator.tryAdvance(Unknown Source)
	at java.util.stream.ReferencePipeline.forEachWithCancel(Unknown Source)
	at java.util.stream.AbstractPipeline.copyIntoWithCancel(Unknown Source)
	at java.util.stream.AbstractPipeline.copyInto(Unknown Source)
	at java.util.stream.AbstractPipeline.wrapAndCopyInto(Unknown Source)
	at java.util.stream.FindOps$FindOp.evaluateSequential(Unknown Source)
	at java.util.stream.AbstractPipeline.evaluate(Unknown Source)
	at java.util.stream.ReferencePipeline.findFirst(Unknown Source)
	at org.openqa.selenium.remote.ProtocolHandshake.createSession(ProtocolHandshake.java:128)
	at org.openqa.selenium.remote.ProtocolHandshake.createSession(ProtocolHandshake.java:74)
	at org.openqa.selenium.remote.HttpCommandExecutor.execute(HttpCommandExecutor.java:136)
	at org.openqa.selenium.remote.service.DriverCommandExecutor.execute(DriverCommandExecutor.java:83)
	at org.openqa.selenium.remote.RemoteWebDriver.execute(RemoteWebDriver.java:552)
	at org.openqa.selenium.remote.RemoteWebDriver.startSession(RemoteWebDriver.java:213)
	at org.openqa.selenium.remote.RemoteWebDriver.&lt;init&gt;(RemoteWebDriver.java:131)
	at org.openqa.selenium.chrome.ChromeDriver.&lt;init&gt;(ChromeDriver.java:181)
	at org.openqa.selenium.chrome.ChromeDriver.&lt;init&gt;(ChromeDriver.java:168)
	at org.openqa.selenium.chrome.ChromeDriver.&lt;init&gt;(ChromeDriver.java:123)
	at com.flipkart.base.Driver.initialize(Driver.java:56)
	at com.flipkart.tests.HomepageTest.setUp(HomepageTest.java:33)
... Removed 31 stack frames</div></td></tr></table><p class="totop"><a href="#summary">back to summary</a></p><h3 id="m4">com.flipkart.tests.HomepageTest#setUp</h3><table class="result"></table><p class="totop"><a href="#summary">back to summary</a></p><h3 id="m5">com.flipkart.tests.HomepageTest#setUp</h3><table class="result"></table><p class="totop"><a href="#summary">back to summary</a></p><h3 id="m6">com.flipkart.tests.HomepageTest#teardown</h3><table class="result"></table><p class="totop"><a href="#summary">back to summary</a></p><h3 id="m7">com.flipkart.tests.HomepageTest#teardown</h3><table class="result"></table><p class="totop"><a href="#summary">back to summary</a></p><h3 id="m8">com.flipkart.tests.HomepageTest#teardown</h3><table class="result"></table><p class="totop"><a href="#summary">back to summary</a></p><h3 id="m9">com.flipkart.tests.HomepageTest#searchProductFromHomepage</h3><table class="result"><tr><th>Exception</th></tr><tr><td><div class="stacktrace">org.openqa.selenium.SessionNotCreatedException: session not created: This version of ChromeDriver only supports Chrome version 85
Build info: version: &apos;3.141.59&apos;, revision: &apos;e82be7d358&apos;, time: &apos;2018-11-14T08:17:03&apos;
System info: host: &apos;SANTOSH&apos;, ip: &apos;192.168.43.236&apos;, os.name: &apos;Windows 10&apos;, os.arch: &apos;amd64&apos;, os.version: &apos;10.0&apos;, java.version: &apos;1.8.0_121&apos;
Driver info: driver.version: Driver
remote stacktrace: Backtrace:
	Ordinal0 [0x00E0C933+3131699]
	Ordinal0 [0x00CF9EC1+2006721]
	Ordinal0 [0x00B9AE28+568872]
	Ordinal0 [0x00B213BF+70591]
	Ordinal0 [0x00B1CC83+52355]
	Ordinal0 [0x00B40E2C+200236]
	Ordinal0 [0x00B40C4D+199757]
	Ordinal0 [0x00B3EB3B+191291]
	Ordinal0 [0x00B22E97+77463]
	Ordinal0 [0x00B23E5E+81502]
	Ordinal0 [0x00B23DE9+81385]
	Ordinal0 [0x00D10A79+2099833]
	GetHandleVerifier [0x00F7AC3A+1396666]
	GetHandleVerifier [0x00F7A8B9+1395769]
	GetHandleVerifier [0x00F86536+1444022]
	GetHandleVerifier [0x00F7B1C8+1398088]
	Ordinal0 [0x00D07D41+2063681]
	Ordinal0 [0x00D1208B+2105483]
	Ordinal0 [0x00D121B1+2105777]
	Ordinal0 [0x00D24754+2180948]
	BaseThreadInitThunk [0x75E66359+25]
	RtlGetAppContainerNamedObjectPath [0x77A97C24+228]
	RtlGetAppContainerNamedObjectPath [0x77A97BF4+180]

	at org.openqa.selenium.remote.W3CHandshakeResponse.lambda$errorHandler$0(W3CHandshakeResponse.java:62)
	at org.openqa.selenium.remote.HandshakeResponse.lambda$getResponseFunction$0(HandshakeResponse.java:30)
	at org.openqa.selenium.remote.ProtocolHandshake.lambda$createSession$0(ProtocolHandshake.java:126)
	at java.util.stream.ReferencePipeline$3$1.accept(Unknown Source)
	at java.util.Spliterators$ArraySpliterator.tryAdvance(Unknown Source)
	at java.util.stream.ReferencePipeline.forEachWithCancel(Unknown Source)
	at java.util.stream.AbstractPipeline.copyIntoWithCancel(Unknown Source)
	at java.util.stream.AbstractPipeline.copyInto(Unknown Source)
	at java.util.stream.AbstractPipeline.wrapAndCopyInto(Unknown Source)
	at java.util.stream.FindOps$FindOp.evaluateSequential(Unknown Source)
	at java.util.stream.AbstractPipeline.evaluate(Unknown Source)
	at java.util.stream.ReferencePipeline.findFirst(Unknown Source)
	at org.openqa.selenium.remote.ProtocolHandshake.createSession(ProtocolHandshake.java:128)
	at org.openqa.selenium.remote.ProtocolHandshake.createSession(ProtocolHandshake.java:74)
	at org.openqa.selenium.remote.HttpCommandExecutor.execute(HttpCommandExecutor.java:136)
	at org.openqa.selenium.remote.service.DriverCommandExecutor.execute(DriverCommandExecutor.java:83)
	at org.openqa.selenium.remote.RemoteWebDriver.execute(RemoteWebDriver.java:552)
	at org.openqa.selenium.remote.RemoteWebDriver.startSession(RemoteWebDriver.java:213)
	at org.openqa.selenium.remote.RemoteWebDriver.&lt;init&gt;(RemoteWebDriver.java:131)
	at org.openqa.selenium.chrome.ChromeDriver.&lt;init&gt;(ChromeDriver.java:181)
	at org.openqa.selenium.chrome.ChromeDriver.&lt;init&gt;(ChromeDriver.java:168)
	at org.openqa.selenium.chrome.ChromeDriver.&lt;init&gt;(ChromeDriver.java:123)
	at com.flipkart.base.Driver.initialize(Driver.java:56)
	at com.flipkart.tests.HomepageTest.setUp(HomepageTest.java:33)
... Removed 31 stack frames</div></td></tr></table><p class="totop"><a href="#summary">back to summary</a></p><h3 id="m10">com.flipkart.tests.HomepageTest#verifyHomePageTitileTest</h3><table class="result"><tr><th>Exception</th></tr><tr><td><div class="stacktrace">org.openqa.selenium.SessionNotCreatedException: session not created: This version of ChromeDriver only supports Chrome version 85
Build info: version: &apos;3.141.59&apos;, revision: &apos;e82be7d358&apos;, time: &apos;2018-11-14T08:17:03&apos;
System info: host: &apos;SANTOSH&apos;, ip: &apos;192.168.43.236&apos;, os.name: &apos;Windows 10&apos;, os.arch: &apos;amd64&apos;, os.version: &apos;10.0&apos;, java.version: &apos;1.8.0_121&apos;
Driver info: driver.version: Driver
remote stacktrace: Backtrace:
	Ordinal0 [0x00E0C933+3131699]
	Ordinal0 [0x00CF9EC1+2006721]
	Ordinal0 [0x00B9AE28+568872]
	Ordinal0 [0x00B213BF+70591]
	Ordinal0 [0x00B1CC83+52355]
	Ordinal0 [0x00B40E2C+200236]
	Ordinal0 [0x00B40C4D+199757]
	Ordinal0 [0x00B3EB3B+191291]
	Ordinal0 [0x00B22E97+77463]
	Ordinal0 [0x00B23E5E+81502]
	Ordinal0 [0x00B23DE9+81385]
	Ordinal0 [0x00D10A79+2099833]
	GetHandleVerifier [0x00F7AC3A+1396666]
	GetHandleVerifier [0x00F7A8B9+1395769]
	GetHandleVerifier [0x00F86536+1444022]
	GetHandleVerifier [0x00F7B1C8+1398088]
	Ordinal0 [0x00D07D41+2063681]
	Ordinal0 [0x00D1208B+2105483]
	Ordinal0 [0x00D121B1+2105777]
	Ordinal0 [0x00D24754+2180948]
	BaseThreadInitThunk [0x75E66359+25]
	RtlGetAppContainerNamedObjectPath [0x77A97C24+228]
	RtlGetAppContainerNamedObjectPath [0x77A97BF4+180]

	at org.openqa.selenium.remote.W3CHandshakeResponse.lambda$errorHandler$0(W3CHandshakeResponse.java:62)
	at org.openqa.selenium.remote.HandshakeResponse.lambda$getResponseFunction$0(HandshakeResponse.java:30)
	at org.openqa.selenium.remote.ProtocolHandshake.lambda$createSession$0(ProtocolHandshake.java:126)
	at java.util.stream.ReferencePipeline$3$1.accept(Unknown Source)
	at java.util.Spliterators$ArraySpliterator.tryAdvance(Unknown Source)
	at java.util.stream.ReferencePipeline.forEachWithCancel(Unknown Source)
	at java.util.stream.AbstractPipeline.copyIntoWithCancel(Unknown Source)
	at java.util.stream.AbstractPipeline.copyInto(Unknown Source)
	at java.util.stream.AbstractPipeline.wrapAndCopyInto(Unknown Source)
	at java.util.stream.FindOps$FindOp.evaluateSequential(Unknown Source)
	at java.util.stream.AbstractPipeline.evaluate(Unknown Source)
	at java.util.stream.ReferencePipeline.findFirst(Unknown Source)
	at org.openqa.selenium.remote.ProtocolHandshake.createSession(ProtocolHandshake.java:128)
	at org.openqa.selenium.remote.ProtocolHandshake.createSession(ProtocolHandshake.java:74)
	at org.openqa.selenium.remote.HttpCommandExecutor.execute(HttpCommandExecutor.java:136)
	at org.openqa.selenium.remote.service.DriverCommandExecutor.execute(DriverCommandExecutor.java:83)
	at org.openqa.selenium.remote.RemoteWebDriver.execute(RemoteWebDriver.java:552)
	at org.openqa.selenium.remote.RemoteWebDriver.startSession(RemoteWebDriver.java:213)
	at org.openqa.selenium.remote.RemoteWebDriver.&lt;init&gt;(RemoteWebDriver.java:131)
	at org.openqa.selenium.chrome.ChromeDriver.&lt;init&gt;(ChromeDriver.java:181)
	at org.openqa.selenium.chrome.ChromeDriver.&lt;init&gt;(ChromeDriver.java:168)
	at org.openqa.selenium.chrome.ChromeDriver.&lt;init&gt;(ChromeDriver.java:123)
	at com.flipkart.base.Driver.initialize(Driver.java:56)
	at com.flipkart.tests.HomepageTest.setUp(HomepageTest.java:33)
... Removed 31 stack frames</div></td></tr></table><p class="totop"><a href="#summary">back to summary</a></p><h3 id="m11">com.flipkart.tests.HomepageTest#verifyHomepageCorrectSignIn</h3><table class="result"><tr><th>Exception</th></tr><tr><td><div class="stacktrace">org.openqa.selenium.SessionNotCreatedException: session not created: This version of ChromeDriver only supports Chrome version 85
Build info: version: &apos;3.141.59&apos;, revision: &apos;e82be7d358&apos;, time: &apos;2018-11-14T08:17:03&apos;
System info: host: &apos;SANTOSH&apos;, ip: &apos;192.168.43.236&apos;, os.name: &apos;Windows 10&apos;, os.arch: &apos;amd64&apos;, os.version: &apos;10.0&apos;, java.version: &apos;1.8.0_121&apos;
Driver info: driver.version: Driver
remote stacktrace: Backtrace:
	Ordinal0 [0x00E0C933+3131699]
	Ordinal0 [0x00CF9EC1+2006721]
	Ordinal0 [0x00B9AE28+568872]
	Ordinal0 [0x00B213BF+70591]
	Ordinal0 [0x00B1CC83+52355]
	Ordinal0 [0x00B40E2C+200236]
	Ordinal0 [0x00B40C4D+199757]
	Ordinal0 [0x00B3EB3B+191291]
	Ordinal0 [0x00B22E97+77463]
	Ordinal0 [0x00B23E5E+81502]
	Ordinal0 [0x00B23DE9+81385]
	Ordinal0 [0x00D10A79+2099833]
	GetHandleVerifier [0x00F7AC3A+1396666]
	GetHandleVerifier [0x00F7A8B9+1395769]
	GetHandleVerifier [0x00F86536+1444022]
	GetHandleVerifier [0x00F7B1C8+1398088]
	Ordinal0 [0x00D07D41+2063681]
	Ordinal0 [0x00D1208B+2105483]
	Ordinal0 [0x00D121B1+2105777]
	Ordinal0 [0x00D24754+2180948]
	BaseThreadInitThunk [0x75E66359+25]
	RtlGetAppContainerNamedObjectPath [0x77A97C24+228]
	RtlGetAppContainerNamedObjectPath [0x77A97BF4+180]

	at org.openqa.selenium.remote.W3CHandshakeResponse.lambda$errorHandler$0(W3CHandshakeResponse.java:62)
	at org.openqa.selenium.remote.HandshakeResponse.lambda$getResponseFunction$0(HandshakeResponse.java:30)
	at org.openqa.selenium.remote.ProtocolHandshake.lambda$createSession$0(ProtocolHandshake.java:126)
	at java.util.stream.ReferencePipeline$3$1.accept(Unknown Source)
	at java.util.Spliterators$ArraySpliterator.tryAdvance(Unknown Source)
	at java.util.stream.ReferencePipeline.forEachWithCancel(Unknown Source)
	at java.util.stream.AbstractPipeline.copyIntoWithCancel(Unknown Source)
	at java.util.stream.AbstractPipeline.copyInto(Unknown Source)
	at java.util.stream.AbstractPipeline.wrapAndCopyInto(Unknown Source)
	at java.util.stream.FindOps$FindOp.evaluateSequential(Unknown Source)
	at java.util.stream.AbstractPipeline.evaluate(Unknown Source)
	at java.util.stream.ReferencePipeline.findFirst(Unknown Source)
	at org.openqa.selenium.remote.ProtocolHandshake.createSession(ProtocolHandshake.java:128)
	at org.openqa.selenium.remote.ProtocolHandshake.createSession(ProtocolHandshake.java:74)
	at org.openqa.selenium.remote.HttpCommandExecutor.execute(HttpCommandExecutor.java:136)
	at org.openqa.selenium.remote.service.DriverCommandExecutor.execute(DriverCommandExecutor.java:83)
	at org.openqa.selenium.remote.RemoteWebDriver.execute(RemoteWebDriver.java:552)
	at org.openqa.selenium.remote.RemoteWebDriver.startSession(RemoteWebDriver.java:213)
	at org.openqa.selenium.remote.RemoteWebDriver.&lt;init&gt;(RemoteWebDriver.java:131)
	at org.openqa.selenium.chrome.ChromeDriver.&lt;init&gt;(ChromeDriver.java:181)
	at org.openqa.selenium.chrome.ChromeDriver.&lt;init&gt;(ChromeDriver.java:168)
	at org.openqa.selenium.chrome.ChromeDriver.&lt;init&gt;(ChromeDriver.java:123)
	at com.flipkart.base.Driver.initialize(Driver.java:56)
	at com.flipkart.tests.HomepageTest.setUp(HomepageTest.java:33)
... Removed 31 stack frames</div></td></tr></table><p class="totop"><a href="#summary">back to summary</a></p><h2>SearchPageTest</h2><h3 id="m12">com.flipkart.tests.SearchPageTest#setUp</h3><table class="result"><tr><th>Exception</th></tr><tr><td><div class="stacktrace">org.openqa.selenium.SessionNotCreatedException: session not created: This version of ChromeDriver only supports Chrome version 85
Build info: version: &apos;3.141.59&apos;, revision: &apos;e82be7d358&apos;, time: &apos;2018-11-14T08:17:03&apos;
System info: host: &apos;SANTOSH&apos;, ip: &apos;192.168.43.236&apos;, os.name: &apos;Windows 10&apos;, os.arch: &apos;amd64&apos;, os.version: &apos;10.0&apos;, java.version: &apos;1.8.0_121&apos;
Driver info: driver.version: Driver
remote stacktrace: Backtrace:
	Ordinal0 [0x00E0C933+3131699]
	Ordinal0 [0x00CF9EC1+2006721]
	Ordinal0 [0x00B9AE28+568872]
	Ordinal0 [0x00B213BF+70591]
	Ordinal0 [0x00B1CC83+52355]
	Ordinal0 [0x00B40E2C+200236]
	Ordinal0 [0x00B40C4D+199757]
	Ordinal0 [0x00B3EB3B+191291]
	Ordinal0 [0x00B22E97+77463]
	Ordinal0 [0x00B23E5E+81502]
	Ordinal0 [0x00B23DE9+81385]
	Ordinal0 [0x00D10A79+2099833]
	GetHandleVerifier [0x00F7AC3A+1396666]
	GetHandleVerifier [0x00F7A8B9+1395769]
	GetHandleVerifier [0x00F86536+1444022]
	GetHandleVerifier [0x00F7B1C8+1398088]
	Ordinal0 [0x00D07D41+2063681]
	Ordinal0 [0x00D1208B+2105483]
	Ordinal0 [0x00D121B1+2105777]
	Ordinal0 [0x00D24754+2180948]
	BaseThreadInitThunk [0x75E66359+25]
	RtlGetAppContainerNamedObjectPath [0x77A97C24+228]
	RtlGetAppContainerNamedObjectPath [0x77A97BF4+180]

	at org.openqa.selenium.remote.W3CHandshakeResponse.lambda$errorHandler$0(W3CHandshakeResponse.java:62)
	at org.openqa.selenium.remote.HandshakeResponse.lambda$getResponseFunction$0(HandshakeResponse.java:30)
	at org.openqa.selenium.remote.ProtocolHandshake.lambda$createSession$0(ProtocolHandshake.java:126)
	at java.util.stream.ReferencePipeline$3$1.accept(Unknown Source)
	at java.util.Spliterators$ArraySpliterator.tryAdvance(Unknown Source)
	at java.util.stream.ReferencePipeline.forEachWithCancel(Unknown Source)
	at java.util.stream.AbstractPipeline.copyIntoWithCancel(Unknown Source)
	at java.util.stream.AbstractPipeline.copyInto(Unknown Source)
	at java.util.stream.AbstractPipeline.wrapAndCopyInto(Unknown Source)
	at java.util.stream.FindOps$FindOp.evaluateSequential(Unknown Source)
	at java.util.stream.AbstractPipeline.evaluate(Unknown Source)
	at java.util.stream.ReferencePipeline.findFirst(Unknown Source)
	at org.openqa.selenium.remote.ProtocolHandshake.createSession(ProtocolHandshake.java:128)
	at org.openqa.selenium.remote.ProtocolHandshake.createSession(ProtocolHandshake.java:74)
	at org.openqa.selenium.remote.HttpCommandExecutor.execute(HttpCommandExecutor.java:136)
	at org.openqa.selenium.remote.service.DriverCommandExecutor.execute(DriverCommandExecutor.java:83)
	at org.openqa.selenium.remote.RemoteWebDriver.execute(RemoteWebDriver.java:552)
	at org.openqa.selenium.remote.RemoteWebDriver.startSession(RemoteWebDriver.java:213)
	at org.openqa.selenium.remote.RemoteWebDriver.&lt;init&gt;(RemoteWebDriver.java:131)
	at org.openqa.selenium.chrome.ChromeDriver.&lt;init&gt;(ChromeDriver.java:181)
	at org.openqa.selenium.chrome.ChromeDriver.&lt;init&gt;(ChromeDriver.java:168)
	at org.openqa.selenium.chrome.ChromeDriver.&lt;init&gt;(ChromeDriver.java:123)
	at com.flipkart.base.Driver.initialize(Driver.java:56)
	at com.flipkart.tests.SearchPageTest.setUp(SearchPageTest.java:40)
... Removed 31 stack frames</div></td></tr></table><p class="totop"><a href="#summary">back to summary</a></p><h3 id="m13">com.flipkart.tests.SearchPageTest#setUp</h3><table class="result"></table><p class="totop"><a href="#summary">back to summary</a></p><h3 id="m14">com.flipkart.tests.SearchPageTest#teardown</h3><table class="result"></table><p class="totop"><a href="#summary">back to summary</a></p><h3 id="m15">com.flipkart.tests.SearchPageTest#teardown</h3><table class="result"></table><p class="totop"><a href="#summary">back to summary</a></p><h3 id="m16">com.flipkart.tests.SearchPageTest#clickonProductinSearchPage</h3><table class="result"><tr><th>Exception</th></tr><tr><td><div class="stacktrace">org.openqa.selenium.SessionNotCreatedException: session not created: This version of ChromeDriver only supports Chrome version 85
Build info: version: &apos;3.141.59&apos;, revision: &apos;e82be7d358&apos;, time: &apos;2018-11-14T08:17:03&apos;
System info: host: &apos;SANTOSH&apos;, ip: &apos;192.168.43.236&apos;, os.name: &apos;Windows 10&apos;, os.arch: &apos;amd64&apos;, os.version: &apos;10.0&apos;, java.version: &apos;1.8.0_121&apos;
Driver info: driver.version: Driver
remote stacktrace: Backtrace:
	Ordinal0 [0x00E0C933+3131699]
	Ordinal0 [0x00CF9EC1+2006721]
	Ordinal0 [0x00B9AE28+568872]
	Ordinal0 [0x00B213BF+70591]
	Ordinal0 [0x00B1CC83+52355]
	Ordinal0 [0x00B40E2C+200236]
	Ordinal0 [0x00B40C4D+199757]
	Ordinal0 [0x00B3EB3B+191291]
	Ordinal0 [0x00B22E97+77463]
	Ordinal0 [0x00B23E5E+81502]
	Ordinal0 [0x00B23DE9+81385]
	Ordinal0 [0x00D10A79+2099833]
	GetHandleVerifier [0x00F7AC3A+1396666]
	GetHandleVerifier [0x00F7A8B9+1395769]
	GetHandleVerifier [0x00F86536+1444022]
	GetHandleVerifier [0x00F7B1C8+1398088]
	Ordinal0 [0x00D07D41+2063681]
	Ordinal0 [0x00D1208B+2105483]
	Ordinal0 [0x00D121B1+2105777]
	Ordinal0 [0x00D24754+2180948]
	BaseThreadInitThunk [0x75E66359+25]
	RtlGetAppContainerNamedObjectPath [0x77A97C24+228]
	RtlGetAppContainerNamedObjectPath [0x77A97BF4+180]

	at org.openqa.selenium.remote.W3CHandshakeResponse.lambda$errorHandler$0(W3CHandshakeResponse.java:62)
	at org.openqa.selenium.remote.HandshakeResponse.lambda$getResponseFunction$0(HandshakeResponse.java:30)
	at org.openqa.selenium.remote.ProtocolHandshake.lambda$createSession$0(ProtocolHandshake.java:126)
	at java.util.stream.ReferencePipeline$3$1.accept(Unknown Source)
	at java.util.Spliterators$ArraySpliterator.tryAdvance(Unknown Source)
	at java.util.stream.ReferencePipeline.forEachWithCancel(Unknown Source)
	at java.util.stream.AbstractPipeline.copyIntoWithCancel(Unknown Source)
	at java.util.stream.AbstractPipeline.copyInto(Unknown Source)
	at java.util.stream.AbstractPipeline.wrapAndCopyInto(Unknown Source)
	at java.util.stream.FindOps$FindOp.evaluateSequential(Unknown Source)
	at java.util.stream.AbstractPipeline.evaluate(Unknown Source)
	at java.util.stream.ReferencePipeline.findFirst(Unknown Source)
	at org.openqa.selenium.remote.ProtocolHandshake.createSession(ProtocolHandshake.java:128)
	at org.openqa.selenium.remote.ProtocolHandshake.createSession(ProtocolHandshake.java:74)
	at org.openqa.selenium.remote.HttpCommandExecutor.execute(HttpCommandExecutor.java:136)
	at org.openqa.selenium.remote.service.DriverCommandExecutor.execute(DriverCommandExecutor.java:83)
	at org.openqa.selenium.remote.RemoteWebDriver.execute(RemoteWebDriver.java:552)
	at org.openqa.selenium.remote.RemoteWebDriver.startSession(RemoteWebDriver.java:213)
	at org.openqa.selenium.remote.RemoteWebDriver.&lt;init&gt;(RemoteWebDriver.java:131)
	at org.openqa.selenium.chrome.ChromeDriver.&lt;init&gt;(ChromeDriver.java:181)
	at org.openqa.selenium.chrome.ChromeDriver.&lt;init&gt;(ChromeDriver.java:168)
	at org.openqa.selenium.chrome.ChromeDriver.&lt;init&gt;(ChromeDriver.java:123)
	at com.flipkart.base.Driver.initialize(Driver.java:56)
	at com.flipkart.tests.SearchPageTest.setUp(SearchPageTest.java:40)
... Removed 31 stack frames</div></td></tr></table><p class="totop"><a href="#summary">back to summary</a></p><h3 id="m17">com.flipkart.tests.SearchPageTest#countProductsOnPageinSearchPage</h3><table class="result"><tr><th>Exception</th></tr><tr><td><div class="stacktrace">org.openqa.selenium.SessionNotCreatedException: session not created: This version of ChromeDriver only supports Chrome version 85
Build info: version: &apos;3.141.59&apos;, revision: &apos;e82be7d358&apos;, time: &apos;2018-11-14T08:17:03&apos;
System info: host: &apos;SANTOSH&apos;, ip: &apos;192.168.43.236&apos;, os.name: &apos;Windows 10&apos;, os.arch: &apos;amd64&apos;, os.version: &apos;10.0&apos;, java.version: &apos;1.8.0_121&apos;
Driver info: driver.version: Driver
remote stacktrace: Backtrace:
	Ordinal0 [0x00E0C933+3131699]
	Ordinal0 [0x00CF9EC1+2006721]
	Ordinal0 [0x00B9AE28+568872]
	Ordinal0 [0x00B213BF+70591]
	Ordinal0 [0x00B1CC83+52355]
	Ordinal0 [0x00B40E2C+200236]
	Ordinal0 [0x00B40C4D+199757]
	Ordinal0 [0x00B3EB3B+191291]
	Ordinal0 [0x00B22E97+77463]
	Ordinal0 [0x00B23E5E+81502]
	Ordinal0 [0x00B23DE9+81385]
	Ordinal0 [0x00D10A79+2099833]
	GetHandleVerifier [0x00F7AC3A+1396666]
	GetHandleVerifier [0x00F7A8B9+1395769]
	GetHandleVerifier [0x00F86536+1444022]
	GetHandleVerifier [0x00F7B1C8+1398088]
	Ordinal0 [0x00D07D41+2063681]
	Ordinal0 [0x00D1208B+2105483]
	Ordinal0 [0x00D121B1+2105777]
	Ordinal0 [0x00D24754+2180948]
	BaseThreadInitThunk [0x75E66359+25]
	RtlGetAppContainerNamedObjectPath [0x77A97C24+228]
	RtlGetAppContainerNamedObjectPath [0x77A97BF4+180]

	at org.openqa.selenium.remote.W3CHandshakeResponse.lambda$errorHandler$0(W3CHandshakeResponse.java:62)
	at org.openqa.selenium.remote.HandshakeResponse.lambda$getResponseFunction$0(HandshakeResponse.java:30)
	at org.openqa.selenium.remote.ProtocolHandshake.lambda$createSession$0(ProtocolHandshake.java:126)
	at java.util.stream.ReferencePipeline$3$1.accept(Unknown Source)
	at java.util.Spliterators$ArraySpliterator.tryAdvance(Unknown Source)
	at java.util.stream.ReferencePipeline.forEachWithCancel(Unknown Source)
	at java.util.stream.AbstractPipeline.copyIntoWithCancel(Unknown Source)
	at java.util.stream.AbstractPipeline.copyInto(Unknown Source)
	at java.util.stream.AbstractPipeline.wrapAndCopyInto(Unknown Source)
	at java.util.stream.FindOps$FindOp.evaluateSequential(Unknown Source)
	at java.util.stream.AbstractPipeline.evaluate(Unknown Source)
	at java.util.stream.ReferencePipeline.findFirst(Unknown Source)
	at org.openqa.selenium.remote.ProtocolHandshake.createSession(ProtocolHandshake.java:128)
	at org.openqa.selenium.remote.ProtocolHandshake.createSession(ProtocolHandshake.java:74)
	at org.openqa.selenium.remote.HttpCommandExecutor.execute(HttpCommandExecutor.java:136)
	at org.openqa.selenium.remote.service.DriverCommandExecutor.execute(DriverCommandExecutor.java:83)
	at org.openqa.selenium.remote.RemoteWebDriver.execute(RemoteWebDriver.java:552)
	at org.openqa.selenium.remote.RemoteWebDriver.startSession(RemoteWebDriver.java:213)
	at org.openqa.selenium.remote.RemoteWebDriver.&lt;init&gt;(RemoteWebDriver.java:131)
	at org.openqa.selenium.chrome.ChromeDriver.&lt;init&gt;(ChromeDriver.java:181)
	at org.openqa.selenium.chrome.ChromeDriver.&lt;init&gt;(ChromeDriver.java:168)
	at org.openqa.selenium.chrome.ChromeDriver.&lt;init&gt;(ChromeDriver.java:123)
	at com.flipkart.base.Driver.initialize(Driver.java:56)
	at com.flipkart.tests.SearchPageTest.setUp(SearchPageTest.java:40)
... Removed 31 stack frames</div></td></tr></table><p class="totop"><a href="#summary">back to summary</a></p><h2>ProductpageTest</h2><h3 id="m18">com.flipkart.tests.ProductpageTest#setUp</h3><table class="result"><tr><th>Exception</th></tr><tr><td><div class="stacktrace">org.openqa.selenium.SessionNotCreatedException: session not created: This version of ChromeDriver only supports Chrome version 85
Build info: version: &apos;3.141.59&apos;, revision: &apos;e82be7d358&apos;, time: &apos;2018-11-14T08:17:03&apos;
System info: host: &apos;SANTOSH&apos;, ip: &apos;192.168.43.236&apos;, os.name: &apos;Windows 10&apos;, os.arch: &apos;amd64&apos;, os.version: &apos;10.0&apos;, java.version: &apos;1.8.0_121&apos;
Driver info: driver.version: Driver
remote stacktrace: Backtrace:
	Ordinal0 [0x00E0C933+3131699]
	Ordinal0 [0x00CF9EC1+2006721]
	Ordinal0 [0x00B9AE28+568872]
	Ordinal0 [0x00B213BF+70591]
	Ordinal0 [0x00B1CC83+52355]
	Ordinal0 [0x00B40E2C+200236]
	Ordinal0 [0x00B40C4D+199757]
	Ordinal0 [0x00B3EB3B+191291]
	Ordinal0 [0x00B22E97+77463]
	Ordinal0 [0x00B23E5E+81502]
	Ordinal0 [0x00B23DE9+81385]
	Ordinal0 [0x00D10A79+2099833]
	GetHandleVerifier [0x00F7AC3A+1396666]
	GetHandleVerifier [0x00F7A8B9+1395769]
	GetHandleVerifier [0x00F86536+1444022]
	GetHandleVerifier [0x00F7B1C8+1398088]
	Ordinal0 [0x00D07D41+2063681]
	Ordinal0 [0x00D1208B+2105483]
	Ordinal0 [0x00D121B1+2105777]
	Ordinal0 [0x00D24754+2180948]
	BaseThreadInitThunk [0x75E66359+25]
	RtlGetAppContainerNamedObjectPath [0x77A97C24+228]
	RtlGetAppContainerNamedObjectPath [0x77A97BF4+180]

	at org.openqa.selenium.remote.W3CHandshakeResponse.lambda$errorHandler$0(W3CHandshakeResponse.java:62)
	at org.openqa.selenium.remote.HandshakeResponse.lambda$getResponseFunction$0(HandshakeResponse.java:30)
	at org.openqa.selenium.remote.ProtocolHandshake.lambda$createSession$0(ProtocolHandshake.java:126)
	at java.util.stream.ReferencePipeline$3$1.accept(Unknown Source)
	at java.util.Spliterators$ArraySpliterator.tryAdvance(Unknown Source)
	at java.util.stream.ReferencePipeline.forEachWithCancel(Unknown Source)
	at java.util.stream.AbstractPipeline.copyIntoWithCancel(Unknown Source)
	at java.util.stream.AbstractPipeline.copyInto(Unknown Source)
	at java.util.stream.AbstractPipeline.wrapAndCopyInto(Unknown Source)
	at java.util.stream.FindOps$FindOp.evaluateSequential(Unknown Source)
	at java.util.stream.AbstractPipeline.evaluate(Unknown Source)
	at java.util.stream.ReferencePipeline.findFirst(Unknown Source)
	at org.openqa.selenium.remote.ProtocolHandshake.createSession(ProtocolHandshake.java:128)
	at org.openqa.selenium.remote.ProtocolHandshake.createSession(ProtocolHandshake.java:74)
	at org.openqa.selenium.remote.HttpCommandExecutor.execute(HttpCommandExecutor.java:136)
	at org.openqa.selenium.remote.service.DriverCommandExecutor.execute(DriverCommandExecutor.java:83)
	at org.openqa.selenium.remote.RemoteWebDriver.execute(RemoteWebDriver.java:552)
	at org.openqa.selenium.remote.RemoteWebDriver.startSession(RemoteWebDriver.java:213)
	at org.openqa.selenium.remote.RemoteWebDriver.&lt;init&gt;(RemoteWebDriver.java:131)
	at org.openqa.selenium.chrome.ChromeDriver.&lt;init&gt;(ChromeDriver.java:181)
	at org.openqa.selenium.chrome.ChromeDriver.&lt;init&gt;(ChromeDriver.java:168)
	at org.openqa.selenium.chrome.ChromeDriver.&lt;init&gt;(ChromeDriver.java:123)
	at com.flipkart.base.Driver.initialize(Driver.java:56)
	at com.flipkart.tests.ProductpageTest.setUp(ProductpageTest.java:35)
... Removed 31 stack frames</div></td></tr></table><p class="totop"><a href="#summary">back to summary</a></p><h3 id="m19">com.flipkart.tests.ProductpageTest#teardown</h3><table class="result"></table><p class="totop"><a href="#summary">back to summary</a></p><h3 id="m20">com.flipkart.tests.ProductpageTest#verifyCartAdditionfromProductPage</h3><table class="result"><tr><th>Exception</th></tr><tr><td><div class="stacktrace">org.openqa.selenium.SessionNotCreatedException: session not created: This version of ChromeDriver only supports Chrome version 85
Build info: version: &apos;3.141.59&apos;, revision: &apos;e82be7d358&apos;, time: &apos;2018-11-14T08:17:03&apos;
System info: host: &apos;SANTOSH&apos;, ip: &apos;192.168.43.236&apos;, os.name: &apos;Windows 10&apos;, os.arch: &apos;amd64&apos;, os.version: &apos;10.0&apos;, java.version: &apos;1.8.0_121&apos;
Driver info: driver.version: Driver
remote stacktrace: Backtrace:
	Ordinal0 [0x00E0C933+3131699]
	Ordinal0 [0x00CF9EC1+2006721]
	Ordinal0 [0x00B9AE28+568872]
	Ordinal0 [0x00B213BF+70591]
	Ordinal0 [0x00B1CC83+52355]
	Ordinal0 [0x00B40E2C+200236]
	Ordinal0 [0x00B40C4D+199757]
	Ordinal0 [0x00B3EB3B+191291]
	Ordinal0 [0x00B22E97+77463]
	Ordinal0 [0x00B23E5E+81502]
	Ordinal0 [0x00B23DE9+81385]
	Ordinal0 [0x00D10A79+2099833]
	GetHandleVerifier [0x00F7AC3A+1396666]
	GetHandleVerifier [0x00F7A8B9+1395769]
	GetHandleVerifier [0x00F86536+1444022]
	GetHandleVerifier [0x00F7B1C8+1398088]
	Ordinal0 [0x00D07D41+2063681]
	Ordinal0 [0x00D1208B+2105483]
	Ordinal0 [0x00D121B1+2105777]
	Ordinal0 [0x00D24754+2180948]
	BaseThreadInitThunk [0x75E66359+25]
	RtlGetAppContainerNamedObjectPath [0x77A97C24+228]
	RtlGetAppContainerNamedObjectPath [0x77A97BF4+180]

	at org.openqa.selenium.remote.W3CHandshakeResponse.lambda$errorHandler$0(W3CHandshakeResponse.java:62)
	at org.openqa.selenium.remote.HandshakeResponse.lambda$getResponseFunction$0(HandshakeResponse.java:30)
	at org.openqa.selenium.remote.ProtocolHandshake.lambda$createSession$0(ProtocolHandshake.java:126)
	at java.util.stream.ReferencePipeline$3$1.accept(Unknown Source)
	at java.util.Spliterators$ArraySpliterator.tryAdvance(Unknown Source)
	at java.util.stream.ReferencePipeline.forEachWithCancel(Unknown Source)
	at java.util.stream.AbstractPipeline.copyIntoWithCancel(Unknown Source)
	at java.util.stream.AbstractPipeline.copyInto(Unknown Source)
	at java.util.stream.AbstractPipeline.wrapAndCopyInto(Unknown Source)
	at java.util.stream.FindOps$FindOp.evaluateSequential(Unknown Source)
	at java.util.stream.AbstractPipeline.evaluate(Unknown Source)
	at java.util.stream.ReferencePipeline.findFirst(Unknown Source)
	at org.openqa.selenium.remote.ProtocolHandshake.createSession(ProtocolHandshake.java:128)
	at org.openqa.selenium.remote.ProtocolHandshake.createSession(ProtocolHandshake.java:74)
	at org.openqa.selenium.remote.HttpCommandExecutor.execute(HttpCommandExecutor.java:136)
	at org.openqa.selenium.remote.service.DriverCommandExecutor.execute(DriverCommandExecutor.java:83)
	at org.openqa.selenium.remote.RemoteWebDriver.execute(RemoteWebDriver.java:552)
	at org.openqa.selenium.remote.RemoteWebDriver.startSession(RemoteWebDriver.java:213)
	at org.openqa.selenium.remote.RemoteWebDriver.&lt;init&gt;(RemoteWebDriver.java:131)
	at org.openqa.selenium.chrome.ChromeDriver.&lt;init&gt;(ChromeDriver.java:181)
	at org.openqa.selenium.chrome.ChromeDriver.&lt;init&gt;(ChromeDriver.java:168)
	at org.openqa.selenium.chrome.ChromeDriver.&lt;init&gt;(ChromeDriver.java:123)
	at com.flipkart.base.Driver.initialize(Driver.java:56)
	at com.flipkart.tests.ProductpageTest.setUp(ProductpageTest.java:35)
... Removed 31 stack frames</div></td></tr></table><p class="totop"><a href="#summary">back to summary</a></p><h2>CartpageTest</h2><h3 id="m21">com.flipkart.tests.CartPageTest#setUp</h3><table class="result"><tr><th>Exception</th></tr><tr><td><div class="stacktrace">org.openqa.selenium.SessionNotCreatedException: session not created: This version of ChromeDriver only supports Chrome version 85
Build info: version: &apos;3.141.59&apos;, revision: &apos;e82be7d358&apos;, time: &apos;2018-11-14T08:17:03&apos;
System info: host: &apos;SANTOSH&apos;, ip: &apos;192.168.43.236&apos;, os.name: &apos;Windows 10&apos;, os.arch: &apos;amd64&apos;, os.version: &apos;10.0&apos;, java.version: &apos;1.8.0_121&apos;
Driver info: driver.version: Driver
remote stacktrace: Backtrace:
	Ordinal0 [0x00E0C933+3131699]
	Ordinal0 [0x00CF9EC1+2006721]
	Ordinal0 [0x00B9AE28+568872]
	Ordinal0 [0x00B213BF+70591]
	Ordinal0 [0x00B1CC83+52355]
	Ordinal0 [0x00B40E2C+200236]
	Ordinal0 [0x00B40C4D+199757]
	Ordinal0 [0x00B3EB3B+191291]
	Ordinal0 [0x00B22E97+77463]
	Ordinal0 [0x00B23E5E+81502]
	Ordinal0 [0x00B23DE9+81385]
	Ordinal0 [0x00D10A79+2099833]
	GetHandleVerifier [0x00F7AC3A+1396666]
	GetHandleVerifier [0x00F7A8B9+1395769]
	GetHandleVerifier [0x00F86536+1444022]
	GetHandleVerifier [0x00F7B1C8+1398088]
	Ordinal0 [0x00D07D41+2063681]
	Ordinal0 [0x00D1208B+2105483]
	Ordinal0 [0x00D121B1+2105777]
	Ordinal0 [0x00D24754+2180948]
	BaseThreadInitThunk [0x75E66359+25]
	RtlGetAppContainerNamedObjectPath [0x77A97C24+228]
	RtlGetAppContainerNamedObjectPath [0x77A97BF4+180]

	at org.openqa.selenium.remote.W3CHandshakeResponse.lambda$errorHandler$0(W3CHandshakeResponse.java:62)
	at org.openqa.selenium.remote.HandshakeResponse.lambda$getResponseFunction$0(HandshakeResponse.java:30)
	at org.openqa.selenium.remote.ProtocolHandshake.lambda$createSession$0(ProtocolHandshake.java:126)
	at java.util.stream.ReferencePipeline$3$1.accept(Unknown Source)
	at java.util.Spliterators$ArraySpliterator.tryAdvance(Unknown Source)
	at java.util.stream.ReferencePipeline.forEachWithCancel(Unknown Source)
	at java.util.stream.AbstractPipeline.copyIntoWithCancel(Unknown Source)
	at java.util.stream.AbstractPipeline.copyInto(Unknown Source)
	at java.util.stream.AbstractPipeline.wrapAndCopyInto(Unknown Source)
	at java.util.stream.FindOps$FindOp.evaluateSequential(Unknown Source)
	at java.util.stream.AbstractPipeline.evaluate(Unknown Source)
	at java.util.stream.ReferencePipeline.findFirst(Unknown Source)
	at org.openqa.selenium.remote.ProtocolHandshake.createSession(ProtocolHandshake.java:128)
	at org.openqa.selenium.remote.ProtocolHandshake.createSession(ProtocolHandshake.java:74)
	at org.openqa.selenium.remote.HttpCommandExecutor.execute(HttpCommandExecutor.java:136)
	at org.openqa.selenium.remote.service.DriverCommandExecutor.execute(DriverCommandExecutor.java:83)
	at org.openqa.selenium.remote.RemoteWebDriver.execute(RemoteWebDriver.java:552)
	at org.openqa.selenium.remote.RemoteWebDriver.startSession(RemoteWebDriver.java:213)
	at org.openqa.selenium.remote.RemoteWebDriver.&lt;init&gt;(RemoteWebDriver.java:131)
	at org.openqa.selenium.chrome.ChromeDriver.&lt;init&gt;(ChromeDriver.java:181)
	at org.openqa.selenium.chrome.ChromeDriver.&lt;init&gt;(ChromeDriver.java:168)
	at org.openqa.selenium.chrome.ChromeDriver.&lt;init&gt;(ChromeDriver.java:123)
	at com.flipkart.base.Driver.initialize(Driver.java:56)
	at com.flipkart.tests.CartPageTest.setUp(CartPageTest.java:38)
... Removed 31 stack frames</div></td></tr></table><p class="totop"><a href="#summary">back to summary</a></p><h3 id="m22">com.flipkart.tests.CartPageTest#setUp</h3><table class="result"></table><p class="totop"><a href="#summary">back to summary</a></p><h3 id="m23">com.flipkart.tests.CartPageTest#setUp</h3><table class="result"></table><p class="totop"><a href="#summary">back to summary</a></p><h3 id="m24">com.flipkart.tests.CartPageTest#teardown</h3><table class="result"></table><p class="totop"><a href="#summary">back to summary</a></p><h3 id="m25">com.flipkart.tests.CartPageTest#teardown</h3><table class="result"></table><p class="totop"><a href="#summary">back to summary</a></p><h3 id="m26">com.flipkart.tests.CartPageTest#teardown</h3><table class="result"></table><p class="totop"><a href="#summary">back to summary</a></p><h3 id="m27">com.flipkart.tests.CartPageTest#ScreenshotCartPage</h3><table class="result"><tr><th>Exception</th></tr><tr><td><div class="stacktrace">org.openqa.selenium.SessionNotCreatedException: session not created: This version of ChromeDriver only supports Chrome version 85
Build info: version: &apos;3.141.59&apos;, revision: &apos;e82be7d358&apos;, time: &apos;2018-11-14T08:17:03&apos;
System info: host: &apos;SANTOSH&apos;, ip: &apos;192.168.43.236&apos;, os.name: &apos;Windows 10&apos;, os.arch: &apos;amd64&apos;, os.version: &apos;10.0&apos;, java.version: &apos;1.8.0_121&apos;
Driver info: driver.version: Driver
remote stacktrace: Backtrace:
	Ordinal0 [0x00E0C933+3131699]
	Ordinal0 [0x00CF9EC1+2006721]
	Ordinal0 [0x00B9AE28+568872]
	Ordinal0 [0x00B213BF+70591]
	Ordinal0 [0x00B1CC83+52355]
	Ordinal0 [0x00B40E2C+200236]
	Ordinal0 [0x00B40C4D+199757]
	Ordinal0 [0x00B3EB3B+191291]
	Ordinal0 [0x00B22E97+77463]
	Ordinal0 [0x00B23E5E+81502]
	Ordinal0 [0x00B23DE9+81385]
	Ordinal0 [0x00D10A79+2099833]
	GetHandleVerifier [0x00F7AC3A+1396666]
	GetHandleVerifier [0x00F7A8B9+1395769]
	GetHandleVerifier [0x00F86536+1444022]
	GetHandleVerifier [0x00F7B1C8+1398088]
	Ordinal0 [0x00D07D41+2063681]
	Ordinal0 [0x00D1208B+2105483]
	Ordinal0 [0x00D121B1+2105777]
	Ordinal0 [0x00D24754+2180948]
	BaseThreadInitThunk [0x75E66359+25]
	RtlGetAppContainerNamedObjectPath [0x77A97C24+228]
	RtlGetAppContainerNamedObjectPath [0x77A97BF4+180]

	at org.openqa.selenium.remote.W3CHandshakeResponse.lambda$errorHandler$0(W3CHandshakeResponse.java:62)
	at org.openqa.selenium.remote.HandshakeResponse.lambda$getResponseFunction$0(HandshakeResponse.java:30)
	at org.openqa.selenium.remote.ProtocolHandshake.lambda$createSession$0(ProtocolHandshake.java:126)
	at java.util.stream.ReferencePipeline$3$1.accept(Unknown Source)
	at java.util.Spliterators$ArraySpliterator.tryAdvance(Unknown Source)
	at java.util.stream.ReferencePipeline.forEachWithCancel(Unknown Source)
	at java.util.stream.AbstractPipeline.copyIntoWithCancel(Unknown Source)
	at java.util.stream.AbstractPipeline.copyInto(Unknown Source)
	at java.util.stream.AbstractPipeline.wrapAndCopyInto(Unknown Source)
	at java.util.stream.FindOps$FindOp.evaluateSequential(Unknown Source)
	at java.util.stream.AbstractPipeline.evaluate(Unknown Source)
	at java.util.stream.ReferencePipeline.findFirst(Unknown Source)
	at org.openqa.selenium.remote.ProtocolHandshake.createSession(ProtocolHandshake.java:128)
	at org.openqa.selenium.remote.ProtocolHandshake.createSession(ProtocolHandshake.java:74)
	at org.openqa.selenium.remote.HttpCommandExecutor.execute(HttpCommandExecutor.java:136)
	at org.openqa.selenium.remote.service.DriverCommandExecutor.execute(DriverCommandExecutor.java:83)
	at org.openqa.selenium.remote.RemoteWebDriver.execute(RemoteWebDriver.java:552)
	at org.openqa.selenium.remote.RemoteWebDriver.startSession(RemoteWebDriver.java:213)
	at org.openqa.selenium.remote.RemoteWebDriver.&lt;init&gt;(RemoteWebDriver.java:131)
	at org.openqa.selenium.chrome.ChromeDriver.&lt;init&gt;(ChromeDriver.java:181)
	at org.openqa.selenium.chrome.ChromeDriver.&lt;init&gt;(ChromeDriver.java:168)
	at org.openqa.selenium.chrome.ChromeDriver.&lt;init&gt;(ChromeDriver.java:123)
	at com.flipkart.base.Driver.initialize(Driver.java:56)
	at com.flipkart.tests.CartPageTest.setUp(CartPageTest.java:38)
... Removed 31 stack frames</div></td></tr></table><p class="totop"><a href="#summary">back to summary</a></p><h3 id="m28">com.flipkart.tests.CartPageTest#logoutfromAppinCart</h3><table class="result"><tr><th>Exception</th></tr><tr><td><div class="stacktrace">org.openqa.selenium.SessionNotCreatedException: session not created: This version of ChromeDriver only supports Chrome version 85
Build info: version: &apos;3.141.59&apos;, revision: &apos;e82be7d358&apos;, time: &apos;2018-11-14T08:17:03&apos;
System info: host: &apos;SANTOSH&apos;, ip: &apos;192.168.43.236&apos;, os.name: &apos;Windows 10&apos;, os.arch: &apos;amd64&apos;, os.version: &apos;10.0&apos;, java.version: &apos;1.8.0_121&apos;
Driver info: driver.version: Driver
remote stacktrace: Backtrace:
	Ordinal0 [0x00E0C933+3131699]
	Ordinal0 [0x00CF9EC1+2006721]
	Ordinal0 [0x00B9AE28+568872]
	Ordinal0 [0x00B213BF+70591]
	Ordinal0 [0x00B1CC83+52355]
	Ordinal0 [0x00B40E2C+200236]
	Ordinal0 [0x00B40C4D+199757]
	Ordinal0 [0x00B3EB3B+191291]
	Ordinal0 [0x00B22E97+77463]
	Ordinal0 [0x00B23E5E+81502]
	Ordinal0 [0x00B23DE9+81385]
	Ordinal0 [0x00D10A79+2099833]
	GetHandleVerifier [0x00F7AC3A+1396666]
	GetHandleVerifier [0x00F7A8B9+1395769]
	GetHandleVerifier [0x00F86536+1444022]
	GetHandleVerifier [0x00F7B1C8+1398088]
	Ordinal0 [0x00D07D41+2063681]
	Ordinal0 [0x00D1208B+2105483]
	Ordinal0 [0x00D121B1+2105777]
	Ordinal0 [0x00D24754+2180948]
	BaseThreadInitThunk [0x75E66359+25]
	RtlGetAppContainerNamedObjectPath [0x77A97C24+228]
	RtlGetAppContainerNamedObjectPath [0x77A97BF4+180]

	at org.openqa.selenium.remote.W3CHandshakeResponse.lambda$errorHandler$0(W3CHandshakeResponse.java:62)
	at org.openqa.selenium.remote.HandshakeResponse.lambda$getResponseFunction$0(HandshakeResponse.java:30)
	at org.openqa.selenium.remote.ProtocolHandshake.lambda$createSession$0(ProtocolHandshake.java:126)
	at java.util.stream.ReferencePipeline$3$1.accept(Unknown Source)
	at java.util.Spliterators$ArraySpliterator.tryAdvance(Unknown Source)
	at java.util.stream.ReferencePipeline.forEachWithCancel(Unknown Source)
	at java.util.stream.AbstractPipeline.copyIntoWithCancel(Unknown Source)
	at java.util.stream.AbstractPipeline.copyInto(Unknown Source)
	at java.util.stream.AbstractPipeline.wrapAndCopyInto(Unknown Source)
	at java.util.stream.FindOps$FindOp.evaluateSequential(Unknown Source)
	at java.util.stream.AbstractPipeline.evaluate(Unknown Source)
	at java.util.stream.ReferencePipeline.findFirst(Unknown Source)
	at org.openqa.selenium.remote.ProtocolHandshake.createSession(ProtocolHandshake.java:128)
	at org.openqa.selenium.remote.ProtocolHandshake.createSession(ProtocolHandshake.java:74)
	at org.openqa.selenium.remote.HttpCommandExecutor.execute(HttpCommandExecutor.java:136)
	at org.openqa.selenium.remote.service.DriverCommandExecutor.execute(DriverCommandExecutor.java:83)
	at org.openqa.selenium.remote.RemoteWebDriver.execute(RemoteWebDriver.java:552)
	at org.openqa.selenium.remote.RemoteWebDriver.startSession(RemoteWebDriver.java:213)
	at org.openqa.selenium.remote.RemoteWebDriver.&lt;init&gt;(RemoteWebDriver.java:131)
	at org.openqa.selenium.chrome.ChromeDriver.&lt;init&gt;(ChromeDriver.java:181)
	at org.openqa.selenium.chrome.ChromeDriver.&lt;init&gt;(ChromeDriver.java:168)
	at org.openqa.selenium.chrome.ChromeDriver.&lt;init&gt;(ChromeDriver.java:123)
	at com.flipkart.base.Driver.initialize(Driver.java:56)
	at com.flipkart.tests.CartPageTest.setUp(CartPageTest.java:38)
... Removed 31 stack frames</div></td></tr></table><p class="totop"><a href="#summary">back to summary</a></p><h3 id="m29">com.flipkart.tests.CartPageTest#removeFromCart</h3><table class="result"><tr><th>Exception</th></tr><tr><td><div class="stacktrace">org.openqa.selenium.SessionNotCreatedException: session not created: This version of ChromeDriver only supports Chrome version 85
Build info: version: &apos;3.141.59&apos;, revision: &apos;e82be7d358&apos;, time: &apos;2018-11-14T08:17:03&apos;
System info: host: &apos;SANTOSH&apos;, ip: &apos;192.168.43.236&apos;, os.name: &apos;Windows 10&apos;, os.arch: &apos;amd64&apos;, os.version: &apos;10.0&apos;, java.version: &apos;1.8.0_121&apos;
Driver info: driver.version: Driver
remote stacktrace: Backtrace:
	Ordinal0 [0x00E0C933+3131699]
	Ordinal0 [0x00CF9EC1+2006721]
	Ordinal0 [0x00B9AE28+568872]
	Ordinal0 [0x00B213BF+70591]
	Ordinal0 [0x00B1CC83+52355]
	Ordinal0 [0x00B40E2C+200236]
	Ordinal0 [0x00B40C4D+199757]
	Ordinal0 [0x00B3EB3B+191291]
	Ordinal0 [0x00B22E97+77463]
	Ordinal0 [0x00B23E5E+81502]
	Ordinal0 [0x00B23DE9+81385]
	Ordinal0 [0x00D10A79+2099833]
	GetHandleVerifier [0x00F7AC3A+1396666]
	GetHandleVerifier [0x00F7A8B9+1395769]
	GetHandleVerifier [0x00F86536+1444022]
	GetHandleVerifier [0x00F7B1C8+1398088]
	Ordinal0 [0x00D07D41+2063681]
	Ordinal0 [0x00D1208B+2105483]
	Ordinal0 [0x00D121B1+2105777]
	Ordinal0 [0x00D24754+2180948]
	BaseThreadInitThunk [0x75E66359+25]
	RtlGetAppContainerNamedObjectPath [0x77A97C24+228]
	RtlGetAppContainerNamedObjectPath [0x77A97BF4+180]

	at org.openqa.selenium.remote.W3CHandshakeResponse.lambda$errorHandler$0(W3CHandshakeResponse.java:62)
	at org.openqa.selenium.remote.HandshakeResponse.lambda$getResponseFunction$0(HandshakeResponse.java:30)
	at org.openqa.selenium.remote.ProtocolHandshake.lambda$createSession$0(ProtocolHandshake.java:126)
	at java.util.stream.ReferencePipeline$3$1.accept(Unknown Source)
	at java.util.Spliterators$ArraySpliterator.tryAdvance(Unknown Source)
	at java.util.stream.ReferencePipeline.forEachWithCancel(Unknown Source)
	at java.util.stream.AbstractPipeline.copyIntoWithCancel(Unknown Source)
	at java.util.stream.AbstractPipeline.copyInto(Unknown Source)
	at java.util.stream.AbstractPipeline.wrapAndCopyInto(Unknown Source)
	at java.util.stream.FindOps$FindOp.evaluateSequential(Unknown Source)
	at java.util.stream.AbstractPipeline.evaluate(Unknown Source)
	at java.util.stream.ReferencePipeline.findFirst(Unknown Source)
	at org.openqa.selenium.remote.ProtocolHandshake.createSession(ProtocolHandshake.java:128)
	at org.openqa.selenium.remote.ProtocolHandshake.createSession(ProtocolHandshake.java:74)
	at org.openqa.selenium.remote.HttpCommandExecutor.execute(HttpCommandExecutor.java:136)
	at org.openqa.selenium.remote.service.DriverCommandExecutor.execute(DriverCommandExecutor.java:83)
	at org.openqa.selenium.remote.RemoteWebDriver.execute(RemoteWebDriver.java:552)
	at org.openqa.selenium.remote.RemoteWebDriver.startSession(RemoteWebDriver.java:213)
	at org.openqa.selenium.remote.RemoteWebDriver.&lt;init&gt;(RemoteWebDriver.java:131)
	at org.openqa.selenium.chrome.ChromeDriver.&lt;init&gt;(ChromeDriver.java:181)
	at org.openqa.selenium.chrome.ChromeDriver.&lt;init&gt;(ChromeDriver.java:168)
	at org.openqa.selenium.chrome.ChromeDriver.&lt;init&gt;(ChromeDriver.java:123)
	at com.flipkart.base.Driver.initialize(Driver.java:56)
	at com.flipkart.tests.CartPageTest.setUp(CartPageTest.java:38)
... Removed 31 stack frames</div></td></tr></table><p class="totop"><a href="#summary">back to summary</a></p></body></html>