<!DOCTYPE html>

<html>
  <head>
  <meta charset='utf-8'>
  <title>TestNG reports</title>

    <link type="text/css" href="testng-reports.css" rel="stylesheet" />  
    <script type="text/javascript" src="jquery-1.7.1.min.js"></script>
    <script type="text/javascript" src="testng-reports.js"></script>
    <script type="text/javascript" src="https://www.google.com/jsapi"></script>
    <script type='text/javascript'>
      google.load('visualization', '1', {packages:['table']});
      google.setOnLoadCallback(drawTable);
      var suiteTableInitFunctions = new Array();
      var suiteTableData = new Array();
    </script>
    <!--
      <script type="text/javascript" src="jquery-ui/js/jquery-ui-1.8.16.custom.min.js"></script>
     -->
  </head>

  <body>
    <div class="top-banner-root">
      <span class="top-banner-title-font">Test results</span>
      <br/>
      <span class="top-banner-font-1">1 suite</span>
    </div> <!-- top-banner-root -->
    <div class="navigator-root">
      <div class="navigator-suite-header">
        <span>All suites</span>
        <a href="#" class="collapse-all-link" title="Collapse/expand all the suites">
          <img class="collapse-all-icon" src="collapseall.gif">
          </img> <!-- collapse-all-icon -->
        </a> <!-- collapse-all-link -->
      </div> <!-- navigator-suite-header -->
      <div class="suite">
        <div class="rounded-window">
          <div class="suite-header light-rounded-window-top">
            <a href="#" class="navigator-link" panel-name="suite-FlipKart.com_Test">
              <span class="suite-name border-skipped">FlipKart.com Test</span>
            </a> <!-- navigator-link -->
          </div> <!-- suite-header light-rounded-window-top -->
          <div class="navigator-suite-content">
            <div class="suite-section-title">
              <span>Info</span>
            </div> <!-- suite-section-title -->
            <div class="suite-section-content">
              <ul>
                <li>
                  <a href="#" class="navigator-link " panel-name="test-xml-FlipKart.com_Test">
                    <span>F:\SimpleFlipkartAppAutomation-master\CallHub.FlipkartApp\testng.xml</span>
                  </a> <!-- navigator-link  -->
                </li>
                <li>
                  <a href="#" class="navigator-link " panel-name="testlist-FlipKart.com_Test">
                    <span class="test-stats">5 tests</span>
                  </a> <!-- navigator-link  -->
                </li>
                <li>
                  <a href="#" class="navigator-link " panel-name="group-FlipKart.com_Test">
                    <span>0 groups</span>
                  </a> <!-- navigator-link  -->
                </li>
                <li>
                  <a href="#" class="navigator-link " panel-name="times-FlipKart.com_Test">
                    <span>Times</span>
                  </a> <!-- navigator-link  -->
                </li>
                <li>
                  <a href="#" class="navigator-link " panel-name="reporter-FlipKart.com_Test">
                    <span>Reporter output</span>
                  </a> <!-- navigator-link  -->
                </li>
                <li>
                  <a href="#" class="navigator-link " panel-name="ignored-methods-FlipKart.com_Test">
                    <span>Ignored methods</span>
                  </a> <!-- navigator-link  -->
                </li>
                <li>
                  <a href="#" class="navigator-link " panel-name="chronological-FlipKart.com_Test">
                    <span>Chronological view</span>
                  </a> <!-- navigator-link  -->
                </li>
              </ul>
            </div> <!-- suite-section-content -->
            <div class="result-section">
              <div class="suite-section-title">
                <span>Results</span>
              </div> <!-- suite-section-title -->
              <div class="suite-section-content">
                <ul>
                  <li>
                    <span class="method-stats">10 methods,  10 skipped,  </span>
                  </li>
                  <li>
                    <span class="method-list-title skipped">Skipped methods</span>
                    <span class="show-or-hide-methods skipped">
                      <a href="#" panel-name="suite-FlipKart.com_Test" class="hide-methods skipped suite-FlipKart.com_Test"> (hide)</a> <!-- hide-methods skipped suite-FlipKart.com_Test -->
                      <a href="#" panel-name="suite-FlipKart.com_Test" class="show-methods skipped suite-FlipKart.com_Test"> (show)</a> <!-- show-methods skipped suite-FlipKart.com_Test -->
                    </span>
                    <div class="method-list-content skipped suite-FlipKart.com_Test">
                      <span>
                        <img width="3%" src="skipped.png"/>
                        <a href="#" class="method navigator-link" panel-name="suite-FlipKart.com_Test" title="com.flipkart.tests.LoginPageTest" hash-for-method="LoginPageVerifyLogin">LoginPageVerifyLogin</a> <!-- method navigator-link -->
                      </span>
                      <br/>
                      <span>
                        <img width="3%" src="skipped.png"/>
                        <a href="#" class="method navigator-link" panel-name="suite-FlipKart.com_Test" title="com.flipkart.tests.CartPageTest" hash-for-method="ScreenshotCartPage">ScreenshotCartPage</a> <!-- method navigator-link -->
                      </span>
                      <br/>
                      <span>
                        <img width="3%" src="skipped.png"/>
                        <a href="#" class="method navigator-link" panel-name="suite-FlipKart.com_Test" title="com.flipkart.tests.SearchPageTest" hash-for-method="clickonProductinSearchPage">clickonProductinSearchPage</a> <!-- method navigator-link -->
                      </span>
                      <br/>
                      <span>
                        <img width="3%" src="skipped.png"/>
                        <a href="#" class="method navigator-link" panel-name="suite-FlipKart.com_Test" title="com.flipkart.tests.SearchPageTest" hash-for-method="countProductsOnPageinSearchPage">countProductsOnPageinSearchPage</a> <!-- method navigator-link -->
                      </span>
                      <br/>
                      <span>
                        <img width="3%" src="skipped.png"/>
                        <a href="#" class="method navigator-link" panel-name="suite-FlipKart.com_Test" title="com.flipkart.tests.CartPageTest" hash-for-method="logoutfromAppinCart">logoutfromAppinCart</a> <!-- method navigator-link -->
                      </span>
                      <br/>
                      <span>
                        <img width="3%" src="skipped.png"/>
                        <a href="#" class="method navigator-link" panel-name="suite-FlipKart.com_Test" title="com.flipkart.tests.CartPageTest" hash-for-method="removeFromCart">removeFromCart</a> <!-- method navigator-link -->
                      </span>
                      <br/>
                      <span>
                        <img width="3%" src="skipped.png"/>
                        <a href="#" class="method navigator-link" panel-name="suite-FlipKart.com_Test" title="com.flipkart.tests.HomepageTest" hash-for-method="searchProductFromHomepage">searchProductFromHomepage</a> <!-- method navigator-link -->
                      </span>
                      <br/>
                      <span>
                        <img width="3%" src="skipped.png"/>
                        <a href="#" class="method navigator-link" panel-name="suite-FlipKart.com_Test" title="com.flipkart.tests.ProductpageTest" hash-for-method="verifyCartAdditionfromProductPage">verifyCartAdditionfromProductPage</a> <!-- method navigator-link -->
                      </span>
                      <br/>
                      <span>
                        <img width="3%" src="skipped.png"/>
                        <a href="#" class="method navigator-link" panel-name="suite-FlipKart.com_Test" title="com.flipkart.tests.HomepageTest" hash-for-method="verifyHomePageTitileTest">verifyHomePageTitileTest</a> <!-- method navigator-link -->
                      </span>
                      <br/>
                      <span>
                        <img width="3%" src="skipped.png"/>
                        <a href="#" class="method navigator-link" panel-name="suite-FlipKart.com_Test" title="com.flipkart.tests.HomepageTest" hash-for-method="verifyHomepageCorrectSignIn">verifyHomepageCorrectSignIn</a> <!-- method navigator-link -->
                      </span>
                      <br/>
                    </div> <!-- method-list-content skipped suite-FlipKart.com_Test -->
                  </li>
                </ul>
              </div> <!-- suite-section-content -->
            </div> <!-- result-section -->
          </div> <!-- navigator-suite-content -->
        </div> <!-- rounded-window -->
      </div> <!-- suite -->
    </div> <!-- navigator-root -->
    <div class="wrapper">
      <div class="main-panel-root">
        <div panel-name="suite-FlipKart.com_Test" class="panel FlipKart.com_Test">
          <div class="suite-FlipKart.com_Test-class-skipped">
            <div class="main-panel-header rounded-window-top">
              <img src="skipped.png"/>
              <span class="class-name">com.flipkart.tests.SearchPageTest</span>
            </div> <!-- main-panel-header rounded-window-top -->
            <div class="main-panel-content rounded-window-bottom">
              <div class="method">
                <div class="method-content">
                  <a name="clickonProductinSearchPage">
                  </a> <!-- clickonProductinSearchPage -->
                  <span class="method-name">clickonProductinSearchPage</span>
                  <div class="stack-trace">org.openqa.selenium.SessionNotCreatedException: session not created: This version of ChromeDriver only supports Chrome version 85
Build info: version: &apos;3.141.59&apos;, revision: &apos;e82be7d358&apos;, time: &apos;2018-11-14T08:17:03&apos;
System info: host: &apos;SANTOSH&apos;, ip: &apos;192.168.43.236&apos;, os.name: &apos;Windows 10&apos;, os.arch: &apos;amd64&apos;, os.version: &apos;10.0&apos;, java.version: &apos;1.8.0_121&apos;
Driver info: driver.version: Driver
remote stacktrace: Backtrace:
	Ordinal0 [0x00E0C933+3131699]
	Ordinal0 [0x00CF9EC1+2006721]
	Ordinal0 [0x00B9AE28+568872]
	Ordinal0 [0x00B213BF+70591]
	Ordinal0 [0x00B1CC83+52355]
	Ordinal0 [0x00B40E2C+200236]
	Ordinal0 [0x00B40C4D+199757]
	Ordinal0 [0x00B3EB3B+191291]
	Ordinal0 [0x00B22E97+77463]
	Ordinal0 [0x00B23E5E+81502]
	Ordinal0 [0x00B23DE9+81385]
	Ordinal0 [0x00D10A79+2099833]
	GetHandleVerifier [0x00F7AC3A+1396666]
	GetHandleVerifier [0x00F7A8B9+1395769]
	GetHandleVerifier [0x00F86536+1444022]
	GetHandleVerifier [0x00F7B1C8+1398088]
	Ordinal0 [0x00D07D41+2063681]
	Ordinal0 [0x00D1208B+2105483]
	Ordinal0 [0x00D121B1+2105777]
	Ordinal0 [0x00D24754+2180948]
	BaseThreadInitThunk [0x75E66359+25]
	RtlGetAppContainerNamedObjectPath [0x77A97C24+228]
	RtlGetAppContainerNamedObjectPath [0x77A97BF4+180]

	at org.openqa.selenium.remote.W3CHandshakeResponse.lambda$errorHandler$0(W3CHandshakeResponse.java:62)
	at org.openqa.selenium.remote.HandshakeResponse.lambda$getResponseFunction$0(HandshakeResponse.java:30)
	at org.openqa.selenium.remote.ProtocolHandshake.lambda$createSession$0(ProtocolHandshake.java:126)
	at java.util.stream.ReferencePipeline$3$1.accept(Unknown Source)
	at java.util.Spliterators$ArraySpliterator.tryAdvance(Unknown Source)
	at java.util.stream.ReferencePipeline.forEachWithCancel(Unknown Source)
	at java.util.stream.AbstractPipeline.copyIntoWithCancel(Unknown Source)
	at java.util.stream.AbstractPipeline.copyInto(Unknown Source)
	at java.util.stream.AbstractPipeline.wrapAndCopyInto(Unknown Source)
	at java.util.stream.FindOps$FindOp.evaluateSequential(Unknown Source)
	at java.util.stream.AbstractPipeline.evaluate(Unknown Source)
	at java.util.stream.ReferencePipeline.findFirst(Unknown Source)
	at org.openqa.selenium.remote.ProtocolHandshake.createSession(ProtocolHandshake.java:128)
	at org.openqa.selenium.remote.ProtocolHandshake.createSession(ProtocolHandshake.java:74)
	at org.openqa.selenium.remote.HttpCommandExecutor.execute(HttpCommandExecutor.java:136)
	at org.openqa.selenium.remote.service.DriverCommandExecutor.execute(DriverCommandExecutor.java:83)
	at org.openqa.selenium.remote.RemoteWebDriver.execute(RemoteWebDriver.java:552)
	at org.openqa.selenium.remote.RemoteWebDriver.startSession(RemoteWebDriver.java:213)
	at org.openqa.selenium.remote.RemoteWebDriver.&lt;init&gt;(RemoteWebDriver.java:131)
	at org.openqa.selenium.chrome.ChromeDriver.&lt;init&gt;(ChromeDriver.java:181)
	at org.openqa.selenium.chrome.ChromeDriver.&lt;init&gt;(ChromeDriver.java:168)
	at org.openqa.selenium.chrome.ChromeDriver.&lt;init&gt;(ChromeDriver.java:123)
	at com.flipkart.base.Driver.initialize(Driver.java:56)
	at com.flipkart.tests.SearchPageTest.setUp(SearchPageTest.java:40)
... Removed 31 stack frames
</div> <!-- stack-trace -->
                </div> <!-- method-content -->
              </div> <!-- method -->
              <div class="method">
                <div class="method-content">
                  <a name="countProductsOnPageinSearchPage">
                  </a> <!-- countProductsOnPageinSearchPage -->
                  <span class="method-name">countProductsOnPageinSearchPage</span>
                  <div class="stack-trace">org.openqa.selenium.SessionNotCreatedException: session not created: This version of ChromeDriver only supports Chrome version 85
Build info: version: &apos;3.141.59&apos;, revision: &apos;e82be7d358&apos;, time: &apos;2018-11-14T08:17:03&apos;
System info: host: &apos;SANTOSH&apos;, ip: &apos;192.168.43.236&apos;, os.name: &apos;Windows 10&apos;, os.arch: &apos;amd64&apos;, os.version: &apos;10.0&apos;, java.version: &apos;1.8.0_121&apos;
Driver info: driver.version: Driver
remote stacktrace: Backtrace:
	Ordinal0 [0x00E0C933+3131699]
	Ordinal0 [0x00CF9EC1+2006721]
	Ordinal0 [0x00B9AE28+568872]
	Ordinal0 [0x00B213BF+70591]
	Ordinal0 [0x00B1CC83+52355]
	Ordinal0 [0x00B40E2C+200236]
	Ordinal0 [0x00B40C4D+199757]
	Ordinal0 [0x00B3EB3B+191291]
	Ordinal0 [0x00B22E97+77463]
	Ordinal0 [0x00B23E5E+81502]
	Ordinal0 [0x00B23DE9+81385]
	Ordinal0 [0x00D10A79+2099833]
	GetHandleVerifier [0x00F7AC3A+1396666]
	GetHandleVerifier [0x00F7A8B9+1395769]
	GetHandleVerifier [0x00F86536+1444022]
	GetHandleVerifier [0x00F7B1C8+1398088]
	Ordinal0 [0x00D07D41+2063681]
	Ordinal0 [0x00D1208B+2105483]
	Ordinal0 [0x00D121B1+2105777]
	Ordinal0 [0x00D24754+2180948]
	BaseThreadInitThunk [0x75E66359+25]
	RtlGetAppContainerNamedObjectPath [0x77A97C24+228]
	RtlGetAppContainerNamedObjectPath [0x77A97BF4+180]

	at org.openqa.selenium.remote.W3CHandshakeResponse.lambda$errorHandler$0(W3CHandshakeResponse.java:62)
	at org.openqa.selenium.remote.HandshakeResponse.lambda$getResponseFunction$0(HandshakeResponse.java:30)
	at org.openqa.selenium.remote.ProtocolHandshake.lambda$createSession$0(ProtocolHandshake.java:126)
	at java.util.stream.ReferencePipeline$3$1.accept(Unknown Source)
	at java.util.Spliterators$ArraySpliterator.tryAdvance(Unknown Source)
	at java.util.stream.ReferencePipeline.forEachWithCancel(Unknown Source)
	at java.util.stream.AbstractPipeline.copyIntoWithCancel(Unknown Source)
	at java.util.stream.AbstractPipeline.copyInto(Unknown Source)
	at java.util.stream.AbstractPipeline.wrapAndCopyInto(Unknown Source)
	at java.util.stream.FindOps$FindOp.evaluateSequential(Unknown Source)
	at java.util.stream.AbstractPipeline.evaluate(Unknown Source)
	at java.util.stream.ReferencePipeline.findFirst(Unknown Source)
	at org.openqa.selenium.remote.ProtocolHandshake.createSession(ProtocolHandshake.java:128)
	at org.openqa.selenium.remote.ProtocolHandshake.createSession(ProtocolHandshake.java:74)
	at org.openqa.selenium.remote.HttpCommandExecutor.execute(HttpCommandExecutor.java:136)
	at org.openqa.selenium.remote.service.DriverCommandExecutor.execute(DriverCommandExecutor.java:83)
	at org.openqa.selenium.remote.RemoteWebDriver.execute(RemoteWebDriver.java:552)
	at org.openqa.selenium.remote.RemoteWebDriver.startSession(RemoteWebDriver.java:213)
	at org.openqa.selenium.remote.RemoteWebDriver.&lt;init&gt;(RemoteWebDriver.java:131)
	at org.openqa.selenium.chrome.ChromeDriver.&lt;init&gt;(ChromeDriver.java:181)
	at org.openqa.selenium.chrome.ChromeDriver.&lt;init&gt;(ChromeDriver.java:168)
	at org.openqa.selenium.chrome.ChromeDriver.&lt;init&gt;(ChromeDriver.java:123)
	at com.flipkart.base.Driver.initialize(Driver.java:56)
	at com.flipkart.tests.SearchPageTest.setUp(SearchPageTest.java:40)
... Removed 31 stack frames
</div> <!-- stack-trace -->
                </div> <!-- method-content -->
              </div> <!-- method -->
            </div> <!-- main-panel-content rounded-window-bottom -->
          </div> <!-- suite-FlipKart.com_Test-class-skipped -->
          <div class="suite-FlipKart.com_Test-class-skipped">
            <div class="main-panel-header rounded-window-top">
              <img src="skipped.png"/>
              <span class="class-name">com.flipkart.tests.CartPageTest</span>
            </div> <!-- main-panel-header rounded-window-top -->
            <div class="main-panel-content rounded-window-bottom">
              <div class="method">
                <div class="method-content">
                  <a name="ScreenshotCartPage">
                  </a> <!-- ScreenshotCartPage -->
                  <span class="method-name">ScreenshotCartPage</span>
                  <div class="stack-trace">org.openqa.selenium.SessionNotCreatedException: session not created: This version of ChromeDriver only supports Chrome version 85
Build info: version: &apos;3.141.59&apos;, revision: &apos;e82be7d358&apos;, time: &apos;2018-11-14T08:17:03&apos;
System info: host: &apos;SANTOSH&apos;, ip: &apos;192.168.43.236&apos;, os.name: &apos;Windows 10&apos;, os.arch: &apos;amd64&apos;, os.version: &apos;10.0&apos;, java.version: &apos;1.8.0_121&apos;
Driver info: driver.version: Driver
remote stacktrace: Backtrace:
	Ordinal0 [0x00E0C933+3131699]
	Ordinal0 [0x00CF9EC1+2006721]
	Ordinal0 [0x00B9AE28+568872]
	Ordinal0 [0x00B213BF+70591]
	Ordinal0 [0x00B1CC83+52355]
	Ordinal0 [0x00B40E2C+200236]
	Ordinal0 [0x00B40C4D+199757]
	Ordinal0 [0x00B3EB3B+191291]
	Ordinal0 [0x00B22E97+77463]
	Ordinal0 [0x00B23E5E+81502]
	Ordinal0 [0x00B23DE9+81385]
	Ordinal0 [0x00D10A79+2099833]
	GetHandleVerifier [0x00F7AC3A+1396666]
	GetHandleVerifier [0x00F7A8B9+1395769]
	GetHandleVerifier [0x00F86536+1444022]
	GetHandleVerifier [0x00F7B1C8+1398088]
	Ordinal0 [0x00D07D41+2063681]
	Ordinal0 [0x00D1208B+2105483]
	Ordinal0 [0x00D121B1+2105777]
	Ordinal0 [0x00D24754+2180948]
	BaseThreadInitThunk [0x75E66359+25]
	RtlGetAppContainerNamedObjectPath [0x77A97C24+228]
	RtlGetAppContainerNamedObjectPath [0x77A97BF4+180]

	at org.openqa.selenium.remote.W3CHandshakeResponse.lambda$errorHandler$0(W3CHandshakeResponse.java:62)
	at org.openqa.selenium.remote.HandshakeResponse.lambda$getResponseFunction$0(HandshakeResponse.java:30)
	at org.openqa.selenium.remote.ProtocolHandshake.lambda$createSession$0(ProtocolHandshake.java:126)
	at java.util.stream.ReferencePipeline$3$1.accept(Unknown Source)
	at java.util.Spliterators$ArraySpliterator.tryAdvance(Unknown Source)
	at java.util.stream.ReferencePipeline.forEachWithCancel(Unknown Source)
	at java.util.stream.AbstractPipeline.copyIntoWithCancel(Unknown Source)
	at java.util.stream.AbstractPipeline.copyInto(Unknown Source)
	at java.util.stream.AbstractPipeline.wrapAndCopyInto(Unknown Source)
	at java.util.stream.FindOps$FindOp.evaluateSequential(Unknown Source)
	at java.util.stream.AbstractPipeline.evaluate(Unknown Source)
	at java.util.stream.ReferencePipeline.findFirst(Unknown Source)
	at org.openqa.selenium.remote.ProtocolHandshake.createSession(ProtocolHandshake.java:128)
	at org.openqa.selenium.remote.ProtocolHandshake.createSession(ProtocolHandshake.java:74)
	at org.openqa.selenium.remote.HttpCommandExecutor.execute(HttpCommandExecutor.java:136)
	at org.openqa.selenium.remote.service.DriverCommandExecutor.execute(DriverCommandExecutor.java:83)
	at org.openqa.selenium.remote.RemoteWebDriver.execute(RemoteWebDriver.java:552)
	at org.openqa.selenium.remote.RemoteWebDriver.startSession(RemoteWebDriver.java:213)
	at org.openqa.selenium.remote.RemoteWebDriver.&lt;init&gt;(RemoteWebDriver.java:131)
	at org.openqa.selenium.chrome.ChromeDriver.&lt;init&gt;(ChromeDriver.java:181)
	at org.openqa.selenium.chrome.ChromeDriver.&lt;init&gt;(ChromeDriver.java:168)
	at org.openqa.selenium.chrome.ChromeDriver.&lt;init&gt;(ChromeDriver.java:123)
	at com.flipkart.base.Driver.initialize(Driver.java:56)
	at com.flipkart.tests.CartPageTest.setUp(CartPageTest.java:38)
... Removed 31 stack frames
</div> <!-- stack-trace -->
                </div> <!-- method-content -->
              </div> <!-- method -->
              <div class="method">
                <div class="method-content">
                  <a name="logoutfromAppinCart">
                  </a> <!-- logoutfromAppinCart -->
                  <span class="method-name">logoutfromAppinCart</span>
                  <div class="stack-trace">org.openqa.selenium.SessionNotCreatedException: session not created: This version of ChromeDriver only supports Chrome version 85
Build info: version: &apos;3.141.59&apos;, revision: &apos;e82be7d358&apos;, time: &apos;2018-11-14T08:17:03&apos;
System info: host: &apos;SANTOSH&apos;, ip: &apos;192.168.43.236&apos;, os.name: &apos;Windows 10&apos;, os.arch: &apos;amd64&apos;, os.version: &apos;10.0&apos;, java.version: &apos;1.8.0_121&apos;
Driver info: driver.version: Driver
remote stacktrace: Backtrace:
	Ordinal0 [0x00E0C933+3131699]
	Ordinal0 [0x00CF9EC1+2006721]
	Ordinal0 [0x00B9AE28+568872]
	Ordinal0 [0x00B213BF+70591]
	Ordinal0 [0x00B1CC83+52355]
	Ordinal0 [0x00B40E2C+200236]
	Ordinal0 [0x00B40C4D+199757]
	Ordinal0 [0x00B3EB3B+191291]
	Ordinal0 [0x00B22E97+77463]
	Ordinal0 [0x00B23E5E+81502]
	Ordinal0 [0x00B23DE9+81385]
	Ordinal0 [0x00D10A79+2099833]
	GetHandleVerifier [0x00F7AC3A+1396666]
	GetHandleVerifier [0x00F7A8B9+1395769]
	GetHandleVerifier [0x00F86536+1444022]
	GetHandleVerifier [0x00F7B1C8+1398088]
	Ordinal0 [0x00D07D41+2063681]
	Ordinal0 [0x00D1208B+2105483]
	Ordinal0 [0x00D121B1+2105777]
	Ordinal0 [0x00D24754+2180948]
	BaseThreadInitThunk [0x75E66359+25]
	RtlGetAppContainerNamedObjectPath [0x77A97C24+228]
	RtlGetAppContainerNamedObjectPath [0x77A97BF4+180]

	at org.openqa.selenium.remote.W3CHandshakeResponse.lambda$errorHandler$0(W3CHandshakeResponse.java:62)
	at org.openqa.selenium.remote.HandshakeResponse.lambda$getResponseFunction$0(HandshakeResponse.java:30)
	at org.openqa.selenium.remote.ProtocolHandshake.lambda$createSession$0(ProtocolHandshake.java:126)
	at java.util.stream.ReferencePipeline$3$1.accept(Unknown Source)
	at java.util.Spliterators$ArraySpliterator.tryAdvance(Unknown Source)
	at java.util.stream.ReferencePipeline.forEachWithCancel(Unknown Source)
	at java.util.stream.AbstractPipeline.copyIntoWithCancel(Unknown Source)
	at java.util.stream.AbstractPipeline.copyInto(Unknown Source)
	at java.util.stream.AbstractPipeline.wrapAndCopyInto(Unknown Source)
	at java.util.stream.FindOps$FindOp.evaluateSequential(Unknown Source)
	at java.util.stream.AbstractPipeline.evaluate(Unknown Source)
	at java.util.stream.ReferencePipeline.findFirst(Unknown Source)
	at org.openqa.selenium.remote.ProtocolHandshake.createSession(ProtocolHandshake.java:128)
	at org.openqa.selenium.remote.ProtocolHandshake.createSession(ProtocolHandshake.java:74)
	at org.openqa.selenium.remote.HttpCommandExecutor.execute(HttpCommandExecutor.java:136)
	at org.openqa.selenium.remote.service.DriverCommandExecutor.execute(DriverCommandExecutor.java:83)
	at org.openqa.selenium.remote.RemoteWebDriver.execute(RemoteWebDriver.java:552)
	at org.openqa.selenium.remote.RemoteWebDriver.startSession(RemoteWebDriver.java:213)
	at org.openqa.selenium.remote.RemoteWebDriver.&lt;init&gt;(RemoteWebDriver.java:131)
	at org.openqa.selenium.chrome.ChromeDriver.&lt;init&gt;(ChromeDriver.java:181)
	at org.openqa.selenium.chrome.ChromeDriver.&lt;init&gt;(ChromeDriver.java:168)
	at org.openqa.selenium.chrome.ChromeDriver.&lt;init&gt;(ChromeDriver.java:123)
	at com.flipkart.base.Driver.initialize(Driver.java:56)
	at com.flipkart.tests.CartPageTest.setUp(CartPageTest.java:38)
... Removed 31 stack frames
</div> <!-- stack-trace -->
                </div> <!-- method-content -->
              </div> <!-- method -->
              <div class="method">
                <div class="method-content">
                  <a name="removeFromCart">
                  </a> <!-- removeFromCart -->
                  <span class="method-name">removeFromCart</span>
                  <div class="stack-trace">org.openqa.selenium.SessionNotCreatedException: session not created: This version of ChromeDriver only supports Chrome version 85
Build info: version: &apos;3.141.59&apos;, revision: &apos;e82be7d358&apos;, time: &apos;2018-11-14T08:17:03&apos;
System info: host: &apos;SANTOSH&apos;, ip: &apos;192.168.43.236&apos;, os.name: &apos;Windows 10&apos;, os.arch: &apos;amd64&apos;, os.version: &apos;10.0&apos;, java.version: &apos;1.8.0_121&apos;
Driver info: driver.version: Driver
remote stacktrace: Backtrace:
	Ordinal0 [0x00E0C933+3131699]
	Ordinal0 [0x00CF9EC1+2006721]
	Ordinal0 [0x00B9AE28+568872]
	Ordinal0 [0x00B213BF+70591]
	Ordinal0 [0x00B1CC83+52355]
	Ordinal0 [0x00B40E2C+200236]
	Ordinal0 [0x00B40C4D+199757]
	Ordinal0 [0x00B3EB3B+191291]
	Ordinal0 [0x00B22E97+77463]
	Ordinal0 [0x00B23E5E+81502]
	Ordinal0 [0x00B23DE9+81385]
	Ordinal0 [0x00D10A79+2099833]
	GetHandleVerifier [0x00F7AC3A+1396666]
	GetHandleVerifier [0x00F7A8B9+1395769]
	GetHandleVerifier [0x00F86536+1444022]
	GetHandleVerifier [0x00F7B1C8+1398088]
	Ordinal0 [0x00D07D41+2063681]
	Ordinal0 [0x00D1208B+2105483]
	Ordinal0 [0x00D121B1+2105777]
	Ordinal0 [0x00D24754+2180948]
	BaseThreadInitThunk [0x75E66359+25]
	RtlGetAppContainerNamedObjectPath [0x77A97C24+228]
	RtlGetAppContainerNamedObjectPath [0x77A97BF4+180]

	at org.openqa.selenium.remote.W3CHandshakeResponse.lambda$errorHandler$0(W3CHandshakeResponse.java:62)
	at org.openqa.selenium.remote.HandshakeResponse.lambda$getResponseFunction$0(HandshakeResponse.java:30)
	at org.openqa.selenium.remote.ProtocolHandshake.lambda$createSession$0(ProtocolHandshake.java:126)
	at java.util.stream.ReferencePipeline$3$1.accept(Unknown Source)
	at java.util.Spliterators$ArraySpliterator.tryAdvance(Unknown Source)
	at java.util.stream.ReferencePipeline.forEachWithCancel(Unknown Source)
	at java.util.stream.AbstractPipeline.copyIntoWithCancel(Unknown Source)
	at java.util.stream.AbstractPipeline.copyInto(Unknown Source)
	at java.util.stream.AbstractPipeline.wrapAndCopyInto(Unknown Source)
	at java.util.stream.FindOps$FindOp.evaluateSequential(Unknown Source)
	at java.util.stream.AbstractPipeline.evaluate(Unknown Source)
	at java.util.stream.ReferencePipeline.findFirst(Unknown Source)
	at org.openqa.selenium.remote.ProtocolHandshake.createSession(ProtocolHandshake.java:128)
	at org.openqa.selenium.remote.ProtocolHandshake.createSession(ProtocolHandshake.java:74)
	at org.openqa.selenium.remote.HttpCommandExecutor.execute(HttpCommandExecutor.java:136)
	at org.openqa.selenium.remote.service.DriverCommandExecutor.execute(DriverCommandExecutor.java:83)
	at org.openqa.selenium.remote.RemoteWebDriver.execute(RemoteWebDriver.java:552)
	at org.openqa.selenium.remote.RemoteWebDriver.startSession(RemoteWebDriver.java:213)
	at org.openqa.selenium.remote.RemoteWebDriver.&lt;init&gt;(RemoteWebDriver.java:131)
	at org.openqa.selenium.chrome.ChromeDriver.&lt;init&gt;(ChromeDriver.java:181)
	at org.openqa.selenium.chrome.ChromeDriver.&lt;init&gt;(ChromeDriver.java:168)
	at org.openqa.selenium.chrome.ChromeDriver.&lt;init&gt;(ChromeDriver.java:123)
	at com.flipkart.base.Driver.initialize(Driver.java:56)
	at com.flipkart.tests.CartPageTest.setUp(CartPageTest.java:38)
... Removed 31 stack frames
</div> <!-- stack-trace -->
                </div> <!-- method-content -->
              </div> <!-- method -->
            </div> <!-- main-panel-content rounded-window-bottom -->
          </div> <!-- suite-FlipKart.com_Test-class-skipped -->
          <div class="suite-FlipKart.com_Test-class-skipped">
            <div class="main-panel-header rounded-window-top">
              <img src="skipped.png"/>
              <span class="class-name">com.flipkart.tests.ProductpageTest</span>
            </div> <!-- main-panel-header rounded-window-top -->
            <div class="main-panel-content rounded-window-bottom">
              <div class="method">
                <div class="method-content">
                  <a name="verifyCartAdditionfromProductPage">
                  </a> <!-- verifyCartAdditionfromProductPage -->
                  <span class="method-name">verifyCartAdditionfromProductPage</span>
                  <div class="stack-trace">org.openqa.selenium.SessionNotCreatedException: session not created: This version of ChromeDriver only supports Chrome version 85
Build info: version: &apos;3.141.59&apos;, revision: &apos;e82be7d358&apos;, time: &apos;2018-11-14T08:17:03&apos;
System info: host: &apos;SANTOSH&apos;, ip: &apos;192.168.43.236&apos;, os.name: &apos;Windows 10&apos;, os.arch: &apos;amd64&apos;, os.version: &apos;10.0&apos;, java.version: &apos;1.8.0_121&apos;
Driver info: driver.version: Driver
remote stacktrace: Backtrace:
	Ordinal0 [0x00E0C933+3131699]
	Ordinal0 [0x00CF9EC1+2006721]
	Ordinal0 [0x00B9AE28+568872]
	Ordinal0 [0x00B213BF+70591]
	Ordinal0 [0x00B1CC83+52355]
	Ordinal0 [0x00B40E2C+200236]
	Ordinal0 [0x00B40C4D+199757]
	Ordinal0 [0x00B3EB3B+191291]
	Ordinal0 [0x00B22E97+77463]
	Ordinal0 [0x00B23E5E+81502]
	Ordinal0 [0x00B23DE9+81385]
	Ordinal0 [0x00D10A79+2099833]
	GetHandleVerifier [0x00F7AC3A+1396666]
	GetHandleVerifier [0x00F7A8B9+1395769]
	GetHandleVerifier [0x00F86536+1444022]
	GetHandleVerifier [0x00F7B1C8+1398088]
	Ordinal0 [0x00D07D41+2063681]
	Ordinal0 [0x00D1208B+2105483]
	Ordinal0 [0x00D121B1+2105777]
	Ordinal0 [0x00D24754+2180948]
	BaseThreadInitThunk [0x75E66359+25]
	RtlGetAppContainerNamedObjectPath [0x77A97C24+228]
	RtlGetAppContainerNamedObjectPath [0x77A97BF4+180]

	at org.openqa.selenium.remote.W3CHandshakeResponse.lambda$errorHandler$0(W3CHandshakeResponse.java:62)
	at org.openqa.selenium.remote.HandshakeResponse.lambda$getResponseFunction$0(HandshakeResponse.java:30)
	at org.openqa.selenium.remote.ProtocolHandshake.lambda$createSession$0(ProtocolHandshake.java:126)
	at java.util.stream.ReferencePipeline$3$1.accept(Unknown Source)
	at java.util.Spliterators$ArraySpliterator.tryAdvance(Unknown Source)
	at java.util.stream.ReferencePipeline.forEachWithCancel(Unknown Source)
	at java.util.stream.AbstractPipeline.copyIntoWithCancel(Unknown Source)
	at java.util.stream.AbstractPipeline.copyInto(Unknown Source)
	at java.util.stream.AbstractPipeline.wrapAndCopyInto(Unknown Source)
	at java.util.stream.FindOps$FindOp.evaluateSequential(Unknown Source)
	at java.util.stream.AbstractPipeline.evaluate(Unknown Source)
	at java.util.stream.ReferencePipeline.findFirst(Unknown Source)
	at org.openqa.selenium.remote.ProtocolHandshake.createSession(ProtocolHandshake.java:128)
	at org.openqa.selenium.remote.ProtocolHandshake.createSession(ProtocolHandshake.java:74)
	at org.openqa.selenium.remote.HttpCommandExecutor.execute(HttpCommandExecutor.java:136)
	at org.openqa.selenium.remote.service.DriverCommandExecutor.execute(DriverCommandExecutor.java:83)
	at org.openqa.selenium.remote.RemoteWebDriver.execute(RemoteWebDriver.java:552)
	at org.openqa.selenium.remote.RemoteWebDriver.startSession(RemoteWebDriver.java:213)
	at org.openqa.selenium.remote.RemoteWebDriver.&lt;init&gt;(RemoteWebDriver.java:131)
	at org.openqa.selenium.chrome.ChromeDriver.&lt;init&gt;(ChromeDriver.java:181)
	at org.openqa.selenium.chrome.ChromeDriver.&lt;init&gt;(ChromeDriver.java:168)
	at org.openqa.selenium.chrome.ChromeDriver.&lt;init&gt;(ChromeDriver.java:123)
	at com.flipkart.base.Driver.initialize(Driver.java:56)
	at com.flipkart.tests.ProductpageTest.setUp(ProductpageTest.java:35)
... Removed 31 stack frames
</div> <!-- stack-trace -->
                </div> <!-- method-content -->
              </div> <!-- method -->
            </div> <!-- main-panel-content rounded-window-bottom -->
          </div> <!-- suite-FlipKart.com_Test-class-skipped -->
          <div class="suite-FlipKart.com_Test-class-skipped">
            <div class="main-panel-header rounded-window-top">
              <img src="skipped.png"/>
              <span class="class-name">com.flipkart.tests.HomepageTest</span>
            </div> <!-- main-panel-header rounded-window-top -->
            <div class="main-panel-content rounded-window-bottom">
              <div class="method">
                <div class="method-content">
                  <a name="searchProductFromHomepage">
                  </a> <!-- searchProductFromHomepage -->
                  <span class="method-name">searchProductFromHomepage</span>
                  <div class="stack-trace">org.openqa.selenium.SessionNotCreatedException: session not created: This version of ChromeDriver only supports Chrome version 85
Build info: version: &apos;3.141.59&apos;, revision: &apos;e82be7d358&apos;, time: &apos;2018-11-14T08:17:03&apos;
System info: host: &apos;SANTOSH&apos;, ip: &apos;192.168.43.236&apos;, os.name: &apos;Windows 10&apos;, os.arch: &apos;amd64&apos;, os.version: &apos;10.0&apos;, java.version: &apos;1.8.0_121&apos;
Driver info: driver.version: Driver
remote stacktrace: Backtrace:
	Ordinal0 [0x00E0C933+3131699]
	Ordinal0 [0x00CF9EC1+2006721]
	Ordinal0 [0x00B9AE28+568872]
	Ordinal0 [0x00B213BF+70591]
	Ordinal0 [0x00B1CC83+52355]
	Ordinal0 [0x00B40E2C+200236]
	Ordinal0 [0x00B40C4D+199757]
	Ordinal0 [0x00B3EB3B+191291]
	Ordinal0 [0x00B22E97+77463]
	Ordinal0 [0x00B23E5E+81502]
	Ordinal0 [0x00B23DE9+81385]
	Ordinal0 [0x00D10A79+2099833]
	GetHandleVerifier [0x00F7AC3A+1396666]
	GetHandleVerifier [0x00F7A8B9+1395769]
	GetHandleVerifier [0x00F86536+1444022]
	GetHandleVerifier [0x00F7B1C8+1398088]
	Ordinal0 [0x00D07D41+2063681]
	Ordinal0 [0x00D1208B+2105483]
	Ordinal0 [0x00D121B1+2105777]
	Ordinal0 [0x00D24754+2180948]
	BaseThreadInitThunk [0x75E66359+25]
	RtlGetAppContainerNamedObjectPath [0x77A97C24+228]
	RtlGetAppContainerNamedObjectPath [0x77A97BF4+180]

	at org.openqa.selenium.remote.W3CHandshakeResponse.lambda$errorHandler$0(W3CHandshakeResponse.java:62)
	at org.openqa.selenium.remote.HandshakeResponse.lambda$getResponseFunction$0(HandshakeResponse.java:30)
	at org.openqa.selenium.remote.ProtocolHandshake.lambda$createSession$0(ProtocolHandshake.java:126)
	at java.util.stream.ReferencePipeline$3$1.accept(Unknown Source)
	at java.util.Spliterators$ArraySpliterator.tryAdvance(Unknown Source)
	at java.util.stream.ReferencePipeline.forEachWithCancel(Unknown Source)
	at java.util.stream.AbstractPipeline.copyIntoWithCancel(Unknown Source)
	at java.util.stream.AbstractPipeline.copyInto(Unknown Source)
	at java.util.stream.AbstractPipeline.wrapAndCopyInto(Unknown Source)
	at java.util.stream.FindOps$FindOp.evaluateSequential(Unknown Source)
	at java.util.stream.AbstractPipeline.evaluate(Unknown Source)
	at java.util.stream.ReferencePipeline.findFirst(Unknown Source)
	at org.openqa.selenium.remote.ProtocolHandshake.createSession(ProtocolHandshake.java:128)
	at org.openqa.selenium.remote.ProtocolHandshake.createSession(ProtocolHandshake.java:74)
	at org.openqa.selenium.remote.HttpCommandExecutor.execute(HttpCommandExecutor.java:136)
	at org.openqa.selenium.remote.service.DriverCommandExecutor.execute(DriverCommandExecutor.java:83)
	at org.openqa.selenium.remote.RemoteWebDriver.execute(RemoteWebDriver.java:552)
	at org.openqa.selenium.remote.RemoteWebDriver.startSession(RemoteWebDriver.java:213)
	at org.openqa.selenium.remote.RemoteWebDriver.&lt;init&gt;(RemoteWebDriver.java:131)
	at org.openqa.selenium.chrome.ChromeDriver.&lt;init&gt;(ChromeDriver.java:181)
	at org.openqa.selenium.chrome.ChromeDriver.&lt;init&gt;(ChromeDriver.java:168)
	at org.openqa.selenium.chrome.ChromeDriver.&lt;init&gt;(ChromeDriver.java:123)
	at com.flipkart.base.Driver.initialize(Driver.java:56)
	at com.flipkart.tests.HomepageTest.setUp(HomepageTest.java:33)
... Removed 31 stack frames
</div> <!-- stack-trace -->
                </div> <!-- method-content -->
              </div> <!-- method -->
              <div class="method">
                <div class="method-content">
                  <a name="verifyHomePageTitileTest">
                  </a> <!-- verifyHomePageTitileTest -->
                  <span class="method-name">verifyHomePageTitileTest</span>
                  <div class="stack-trace">org.openqa.selenium.SessionNotCreatedException: session not created: This version of ChromeDriver only supports Chrome version 85
Build info: version: &apos;3.141.59&apos;, revision: &apos;e82be7d358&apos;, time: &apos;2018-11-14T08:17:03&apos;
System info: host: &apos;SANTOSH&apos;, ip: &apos;192.168.43.236&apos;, os.name: &apos;Windows 10&apos;, os.arch: &apos;amd64&apos;, os.version: &apos;10.0&apos;, java.version: &apos;1.8.0_121&apos;
Driver info: driver.version: Driver
remote stacktrace: Backtrace:
	Ordinal0 [0x00E0C933+3131699]
	Ordinal0 [0x00CF9EC1+2006721]
	Ordinal0 [0x00B9AE28+568872]
	Ordinal0 [0x00B213BF+70591]
	Ordinal0 [0x00B1CC83+52355]
	Ordinal0 [0x00B40E2C+200236]
	Ordinal0 [0x00B40C4D+199757]
	Ordinal0 [0x00B3EB3B+191291]
	Ordinal0 [0x00B22E97+77463]
	Ordinal0 [0x00B23E5E+81502]
	Ordinal0 [0x00B23DE9+81385]
	Ordinal0 [0x00D10A79+2099833]
	GetHandleVerifier [0x00F7AC3A+1396666]
	GetHandleVerifier [0x00F7A8B9+1395769]
	GetHandleVerifier [0x00F86536+1444022]
	GetHandleVerifier [0x00F7B1C8+1398088]
	Ordinal0 [0x00D07D41+2063681]
	Ordinal0 [0x00D1208B+2105483]
	Ordinal0 [0x00D121B1+2105777]
	Ordinal0 [0x00D24754+2180948]
	BaseThreadInitThunk [0x75E66359+25]
	RtlGetAppContainerNamedObjectPath [0x77A97C24+228]
	RtlGetAppContainerNamedObjectPath [0x77A97BF4+180]

	at org.openqa.selenium.remote.W3CHandshakeResponse.lambda$errorHandler$0(W3CHandshakeResponse.java:62)
	at org.openqa.selenium.remote.HandshakeResponse.lambda$getResponseFunction$0(HandshakeResponse.java:30)
	at org.openqa.selenium.remote.ProtocolHandshake.lambda$createSession$0(ProtocolHandshake.java:126)
	at java.util.stream.ReferencePipeline$3$1.accept(Unknown Source)
	at java.util.Spliterators$ArraySpliterator.tryAdvance(Unknown Source)
	at java.util.stream.ReferencePipeline.forEachWithCancel(Unknown Source)
	at java.util.stream.AbstractPipeline.copyIntoWithCancel(Unknown Source)
	at java.util.stream.AbstractPipeline.copyInto(Unknown Source)
	at java.util.stream.AbstractPipeline.wrapAndCopyInto(Unknown Source)
	at java.util.stream.FindOps$FindOp.evaluateSequential(Unknown Source)
	at java.util.stream.AbstractPipeline.evaluate(Unknown Source)
	at java.util.stream.ReferencePipeline.findFirst(Unknown Source)
	at org.openqa.selenium.remote.ProtocolHandshake.createSession(ProtocolHandshake.java:128)
	at org.openqa.selenium.remote.ProtocolHandshake.createSession(ProtocolHandshake.java:74)
	at org.openqa.selenium.remote.HttpCommandExecutor.execute(HttpCommandExecutor.java:136)
	at org.openqa.selenium.remote.service.DriverCommandExecutor.execute(DriverCommandExecutor.java:83)
	at org.openqa.selenium.remote.RemoteWebDriver.execute(RemoteWebDriver.java:552)
	at org.openqa.selenium.remote.RemoteWebDriver.startSession(RemoteWebDriver.java:213)
	at org.openqa.selenium.remote.RemoteWebDriver.&lt;init&gt;(RemoteWebDriver.java:131)
	at org.openqa.selenium.chrome.ChromeDriver.&lt;init&gt;(ChromeDriver.java:181)
	at org.openqa.selenium.chrome.ChromeDriver.&lt;init&gt;(ChromeDriver.java:168)
	at org.openqa.selenium.chrome.ChromeDriver.&lt;init&gt;(ChromeDriver.java:123)
	at com.flipkart.base.Driver.initialize(Driver.java:56)
	at com.flipkart.tests.HomepageTest.setUp(HomepageTest.java:33)
... Removed 31 stack frames
</div> <!-- stack-trace -->
                </div> <!-- method-content -->
              </div> <!-- method -->
              <div class="method">
                <div class="method-content">
                  <a name="verifyHomepageCorrectSignIn">
                  </a> <!-- verifyHomepageCorrectSignIn -->
                  <span class="method-name">verifyHomepageCorrectSignIn</span>
                  <div class="stack-trace">org.openqa.selenium.SessionNotCreatedException: session not created: This version of ChromeDriver only supports Chrome version 85
Build info: version: &apos;3.141.59&apos;, revision: &apos;e82be7d358&apos;, time: &apos;2018-11-14T08:17:03&apos;
System info: host: &apos;SANTOSH&apos;, ip: &apos;192.168.43.236&apos;, os.name: &apos;Windows 10&apos;, os.arch: &apos;amd64&apos;, os.version: &apos;10.0&apos;, java.version: &apos;1.8.0_121&apos;
Driver info: driver.version: Driver
remote stacktrace: Backtrace:
	Ordinal0 [0x00E0C933+3131699]
	Ordinal0 [0x00CF9EC1+2006721]
	Ordinal0 [0x00B9AE28+568872]
	Ordinal0 [0x00B213BF+70591]
	Ordinal0 [0x00B1CC83+52355]
	Ordinal0 [0x00B40E2C+200236]
	Ordinal0 [0x00B40C4D+199757]
	Ordinal0 [0x00B3EB3B+191291]
	Ordinal0 [0x00B22E97+77463]
	Ordinal0 [0x00B23E5E+81502]
	Ordinal0 [0x00B23DE9+81385]
	Ordinal0 [0x00D10A79+2099833]
	GetHandleVerifier [0x00F7AC3A+1396666]
	GetHandleVerifier [0x00F7A8B9+1395769]
	GetHandleVerifier [0x00F86536+1444022]
	GetHandleVerifier [0x00F7B1C8+1398088]
	Ordinal0 [0x00D07D41+2063681]
	Ordinal0 [0x00D1208B+2105483]
	Ordinal0 [0x00D121B1+2105777]
	Ordinal0 [0x00D24754+2180948]
	BaseThreadInitThunk [0x75E66359+25]
	RtlGetAppContainerNamedObjectPath [0x77A97C24+228]
	RtlGetAppContainerNamedObjectPath [0x77A97BF4+180]

	at org.openqa.selenium.remote.W3CHandshakeResponse.lambda$errorHandler$0(W3CHandshakeResponse.java:62)
	at org.openqa.selenium.remote.HandshakeResponse.lambda$getResponseFunction$0(HandshakeResponse.java:30)
	at org.openqa.selenium.remote.ProtocolHandshake.lambda$createSession$0(ProtocolHandshake.java:126)
	at java.util.stream.ReferencePipeline$3$1.accept(Unknown Source)
	at java.util.Spliterators$ArraySpliterator.tryAdvance(Unknown Source)
	at java.util.stream.ReferencePipeline.forEachWithCancel(Unknown Source)
	at java.util.stream.AbstractPipeline.copyIntoWithCancel(Unknown Source)
	at java.util.stream.AbstractPipeline.copyInto(Unknown Source)
	at java.util.stream.AbstractPipeline.wrapAndCopyInto(Unknown Source)
	at java.util.stream.FindOps$FindOp.evaluateSequential(Unknown Source)
	at java.util.stream.AbstractPipeline.evaluate(Unknown Source)
	at java.util.stream.ReferencePipeline.findFirst(Unknown Source)
	at org.openqa.selenium.remote.ProtocolHandshake.createSession(ProtocolHandshake.java:128)
	at org.openqa.selenium.remote.ProtocolHandshake.createSession(ProtocolHandshake.java:74)
	at org.openqa.selenium.remote.HttpCommandExecutor.execute(HttpCommandExecutor.java:136)
	at org.openqa.selenium.remote.service.DriverCommandExecutor.execute(DriverCommandExecutor.java:83)
	at org.openqa.selenium.remote.RemoteWebDriver.execute(RemoteWebDriver.java:552)
	at org.openqa.selenium.remote.RemoteWebDriver.startSession(RemoteWebDriver.java:213)
	at org.openqa.selenium.remote.RemoteWebDriver.&lt;init&gt;(RemoteWebDriver.java:131)
	at org.openqa.selenium.chrome.ChromeDriver.&lt;init&gt;(ChromeDriver.java:181)
	at org.openqa.selenium.chrome.ChromeDriver.&lt;init&gt;(ChromeDriver.java:168)
	at org.openqa.selenium.chrome.ChromeDriver.&lt;init&gt;(ChromeDriver.java:123)
	at com.flipkart.base.Driver.initialize(Driver.java:56)
	at com.flipkart.tests.HomepageTest.setUp(HomepageTest.java:33)
... Removed 31 stack frames
</div> <!-- stack-trace -->
                </div> <!-- method-content -->
              </div> <!-- method -->
            </div> <!-- main-panel-content rounded-window-bottom -->
          </div> <!-- suite-FlipKart.com_Test-class-skipped -->
          <div class="suite-FlipKart.com_Test-class-skipped">
            <div class="main-panel-header rounded-window-top">
              <img src="skipped.png"/>
              <span class="class-name">com.flipkart.tests.LoginPageTest</span>
            </div> <!-- main-panel-header rounded-window-top -->
            <div class="main-panel-content rounded-window-bottom">
              <div class="method">
                <div class="method-content">
                  <a name="LoginPageVerifyLogin">
                  </a> <!-- LoginPageVerifyLogin -->
                  <span class="method-name">LoginPageVerifyLogin</span>
                  <div class="stack-trace">org.openqa.selenium.SessionNotCreatedException: session not created: This version of ChromeDriver only supports Chrome version 85
Build info: version: &apos;3.141.59&apos;, revision: &apos;e82be7d358&apos;, time: &apos;2018-11-14T08:17:03&apos;
System info: host: &apos;SANTOSH&apos;, ip: &apos;192.168.43.236&apos;, os.name: &apos;Windows 10&apos;, os.arch: &apos;amd64&apos;, os.version: &apos;10.0&apos;, java.version: &apos;1.8.0_121&apos;
Driver info: driver.version: Driver
remote stacktrace: Backtrace:
	Ordinal0 [0x00E0C933+3131699]
	Ordinal0 [0x00CF9EC1+2006721]
	Ordinal0 [0x00B9AE28+568872]
	Ordinal0 [0x00B213BF+70591]
	Ordinal0 [0x00B1CC83+52355]
	Ordinal0 [0x00B40E2C+200236]
	Ordinal0 [0x00B40C4D+199757]
	Ordinal0 [0x00B3EB3B+191291]
	Ordinal0 [0x00B22E97+77463]
	Ordinal0 [0x00B23E5E+81502]
	Ordinal0 [0x00B23DE9+81385]
	Ordinal0 [0x00D10A79+2099833]
	GetHandleVerifier [0x00F7AC3A+1396666]
	GetHandleVerifier [0x00F7A8B9+1395769]
	GetHandleVerifier [0x00F86536+1444022]
	GetHandleVerifier [0x00F7B1C8+1398088]
	Ordinal0 [0x00D07D41+2063681]
	Ordinal0 [0x00D1208B+2105483]
	Ordinal0 [0x00D121B1+2105777]
	Ordinal0 [0x00D24754+2180948]
	BaseThreadInitThunk [0x75E66359+25]
	RtlGetAppContainerNamedObjectPath [0x77A97C24+228]
	RtlGetAppContainerNamedObjectPath [0x77A97BF4+180]

	at org.openqa.selenium.remote.W3CHandshakeResponse.lambda$errorHandler$0(W3CHandshakeResponse.java:62)
	at org.openqa.selenium.remote.HandshakeResponse.lambda$getResponseFunction$0(HandshakeResponse.java:30)
	at org.openqa.selenium.remote.ProtocolHandshake.lambda$createSession$0(ProtocolHandshake.java:126)
	at java.util.stream.ReferencePipeline$3$1.accept(Unknown Source)
	at java.util.Spliterators$ArraySpliterator.tryAdvance(Unknown Source)
	at java.util.stream.ReferencePipeline.forEachWithCancel(Unknown Source)
	at java.util.stream.AbstractPipeline.copyIntoWithCancel(Unknown Source)
	at java.util.stream.AbstractPipeline.copyInto(Unknown Source)
	at java.util.stream.AbstractPipeline.wrapAndCopyInto(Unknown Source)
	at java.util.stream.FindOps$FindOp.evaluateSequential(Unknown Source)
	at java.util.stream.AbstractPipeline.evaluate(Unknown Source)
	at java.util.stream.ReferencePipeline.findFirst(Unknown Source)
	at org.openqa.selenium.remote.ProtocolHandshake.createSession(ProtocolHandshake.java:128)
	at org.openqa.selenium.remote.ProtocolHandshake.createSession(ProtocolHandshake.java:74)
	at org.openqa.selenium.remote.HttpCommandExecutor.execute(HttpCommandExecutor.java:136)
	at org.openqa.selenium.remote.service.DriverCommandExecutor.execute(DriverCommandExecutor.java:83)
	at org.openqa.selenium.remote.RemoteWebDriver.execute(RemoteWebDriver.java:552)
	at org.openqa.selenium.remote.RemoteWebDriver.startSession(RemoteWebDriver.java:213)
	at org.openqa.selenium.remote.RemoteWebDriver.&lt;init&gt;(RemoteWebDriver.java:131)
	at org.openqa.selenium.chrome.ChromeDriver.&lt;init&gt;(ChromeDriver.java:181)
	at org.openqa.selenium.chrome.ChromeDriver.&lt;init&gt;(ChromeDriver.java:168)
	at org.openqa.selenium.chrome.ChromeDriver.&lt;init&gt;(ChromeDriver.java:123)
	at com.flipkart.base.Driver.initialize(Driver.java:56)
	at com.flipkart.tests.LoginPageTest.setUp(LoginPageTest.java:29)
... Removed 31 stack frames
</div> <!-- stack-trace -->
                </div> <!-- method-content -->
              </div> <!-- method -->
            </div> <!-- main-panel-content rounded-window-bottom -->
          </div> <!-- suite-FlipKart.com_Test-class-skipped -->
        </div> <!-- panel FlipKart.com_Test -->
        <div panel-name="test-xml-FlipKart.com_Test" class="panel">
          <div class="main-panel-header rounded-window-top">
            <span class="header-content">F:\SimpleFlipkartAppAutomation-master\CallHub.FlipkartApp\testng.xml</span>
          </div> <!-- main-panel-header rounded-window-top -->
          <div class="main-panel-content rounded-window-bottom">
            <pre>
&lt;?xml version=&quot;1.0&quot; encoding=&quot;UTF-8&quot;?&gt;
&lt;!DOCTYPE suite SYSTEM &quot;http://testng.org/testng-1.0.dtd&quot;&gt;
&lt;suite guice-stage=&quot;DEVELOPMENT&quot; name=&quot;FlipKart.com Test&quot;&gt;
  &lt;listeners&gt;
    &lt;listener class-name=&quot;com.flipkart.listeners.MyTrnasformer&quot;/&gt;
    &lt;listener class-name=&quot;com.flipkart.report.ExtentReporterNG&quot;/&gt;
    &lt;listener class-name=&quot;com.flipkart.listeners.Listener&quot;/&gt;
  &lt;/listeners&gt;
  &lt;test thread-count=&quot;5&quot; name=&quot;LoginPageTest&quot;&gt;
    &lt;classes&gt;
      &lt;class name=&quot;com.flipkart.tests.LoginPageTest&quot;/&gt;
    &lt;/classes&gt;
  &lt;/test&gt; &lt;!-- LoginPageTest --&gt;
  &lt;test thread-count=&quot;5&quot; name=&quot;HomePageTest&quot;&gt;
    &lt;classes&gt;
      &lt;class name=&quot;com.flipkart.tests.HomepageTest&quot;/&gt;
    &lt;/classes&gt;
  &lt;/test&gt; &lt;!-- HomePageTest --&gt;
  &lt;test thread-count=&quot;5&quot; name=&quot;SearchPageTest&quot;&gt;
    &lt;classes&gt;
      &lt;class name=&quot;com.flipkart.tests.SearchPageTest&quot;/&gt;
    &lt;/classes&gt;
  &lt;/test&gt; &lt;!-- SearchPageTest --&gt;
  &lt;test thread-count=&quot;5&quot; name=&quot;ProductpageTest&quot;&gt;
    &lt;classes&gt;
      &lt;class name=&quot;com.flipkart.tests.ProductpageTest&quot;/&gt;
    &lt;/classes&gt;
  &lt;/test&gt; &lt;!-- ProductpageTest --&gt;
  &lt;test thread-count=&quot;5&quot; name=&quot;CartpageTest&quot;&gt;
    &lt;classes&gt;
      &lt;class name=&quot;com.flipkart.tests.CartPageTest&quot;/&gt;
    &lt;/classes&gt;
  &lt;/test&gt; &lt;!-- CartpageTest --&gt;
&lt;/suite&gt; &lt;!-- FlipKart.com Test --&gt;
            </pre>
          </div> <!-- main-panel-content rounded-window-bottom -->
        </div> <!-- panel -->
        <div panel-name="testlist-FlipKart.com_Test" class="panel">
          <div class="main-panel-header rounded-window-top">
            <span class="header-content">Tests for FlipKart.com Test</span>
          </div> <!-- main-panel-header rounded-window-top -->
          <div class="main-panel-content rounded-window-bottom">
            <ul>
              <li>
                <span class="test-name">LoginPageTest (1 class)</span>
              </li>
              <li>
                <span class="test-name">HomePageTest (1 class)</span>
              </li>
              <li>
                <span class="test-name">SearchPageTest (1 class)</span>
              </li>
              <li>
                <span class="test-name">ProductpageTest (1 class)</span>
              </li>
              <li>
                <span class="test-name">CartpageTest (1 class)</span>
              </li>
            </ul>
          </div> <!-- main-panel-content rounded-window-bottom -->
        </div> <!-- panel -->
        <div panel-name="group-FlipKart.com_Test" class="panel">
          <div class="main-panel-header rounded-window-top">
            <span class="header-content">Groups for FlipKart.com Test</span>
          </div> <!-- main-panel-header rounded-window-top -->
          <div class="main-panel-content rounded-window-bottom">
          </div> <!-- main-panel-content rounded-window-bottom -->
        </div> <!-- panel -->
        <div panel-name="times-FlipKart.com_Test" class="panel">
          <div class="main-panel-header rounded-window-top">
            <span class="header-content">Times for FlipKart.com Test</span>
          </div> <!-- main-panel-header rounded-window-top -->
          <div class="main-panel-content rounded-window-bottom">
            <div class="times-div">
              <script type="text/javascript">
suiteTableInitFunctions.push('tableData_FlipKart.com_Test');
function tableData_FlipKart.com_Test() {
var data = new google.visualization.DataTable();
data.addColumn('number', 'Number');
data.addColumn('string', 'Method');
data.addColumn('string', 'Class');
data.addColumn('number', 'Time (ms)');
data.addRows(10);
data.setCell(0, 0, 0)
data.setCell(0, 1, 'LoginPageVerifyLogin')
data.setCell(0, 2, 'com.flipkart.tests.LoginPageTest')
data.setCell(0, 3, 9);
data.setCell(1, 0, 1)
data.setCell(1, 1, 'clickonProductinSearchPage')
data.setCell(1, 2, 'com.flipkart.tests.SearchPageTest')
data.setCell(1, 3, 7);
data.setCell(2, 0, 2)
data.setCell(2, 1, 'logoutfromAppinCart')
data.setCell(2, 2, 'com.flipkart.tests.CartPageTest')
data.setCell(2, 3, 4);
data.setCell(3, 0, 3)
data.setCell(3, 1, 'searchProductFromHomepage')
data.setCell(3, 2, 'com.flipkart.tests.HomepageTest')
data.setCell(3, 3, 3);
data.setCell(4, 0, 4)
data.setCell(4, 1, 'countProductsOnPageinSearchPage')
data.setCell(4, 2, 'com.flipkart.tests.SearchPageTest')
data.setCell(4, 3, 3);
data.setCell(5, 0, 5)
data.setCell(5, 1, 'verifyCartAdditionfromProductPage')
data.setCell(5, 2, 'com.flipkart.tests.ProductpageTest')
data.setCell(5, 3, 3);
data.setCell(6, 0, 6)
data.setCell(6, 1, 'verifyHomePageTitileTest')
data.setCell(6, 2, 'com.flipkart.tests.HomepageTest')
data.setCell(6, 3, 2);
data.setCell(7, 0, 7)
data.setCell(7, 1, 'verifyHomepageCorrectSignIn')
data.setCell(7, 2, 'com.flipkart.tests.HomepageTest')
data.setCell(7, 3, 2);
data.setCell(8, 0, 8)
data.setCell(8, 1, 'ScreenshotCartPage')
data.setCell(8, 2, 'com.flipkart.tests.CartPageTest')
data.setCell(8, 3, 2);
data.setCell(9, 0, 9)
data.setCell(9, 1, 'removeFromCart')
data.setCell(9, 2, 'com.flipkart.tests.CartPageTest')
data.setCell(9, 3, 2);
window.suiteTableData['FlipKart.com_Test']= { tableData: data, tableDiv: 'times-div-FlipKart.com_Test'}
return data;
}
              </script>
              <span class="suite-total-time">Total running time: 37 ms</span>
              <div id="times-div-FlipKart.com_Test">
              </div> <!-- times-div-FlipKart.com_Test -->
            </div> <!-- times-div -->
          </div> <!-- main-panel-content rounded-window-bottom -->
        </div> <!-- panel -->
        <div panel-name="reporter-FlipKart.com_Test" class="panel">
          <div class="main-panel-header rounded-window-top">
            <span class="header-content">Reporter output for FlipKart.com Test</span>
          </div> <!-- main-panel-header rounded-window-top -->
          <div class="main-panel-content rounded-window-bottom">
          </div> <!-- main-panel-content rounded-window-bottom -->
        </div> <!-- panel -->
        <div panel-name="ignored-methods-FlipKart.com_Test" class="panel">
          <div class="main-panel-header rounded-window-top">
            <span class="header-content">0 ignored methods</span>
          </div> <!-- main-panel-header rounded-window-top -->
          <div class="main-panel-content rounded-window-bottom">
          </div> <!-- main-panel-content rounded-window-bottom -->
        </div> <!-- panel -->
        <div panel-name="chronological-FlipKart.com_Test" class="panel">
          <div class="main-panel-header rounded-window-top">
            <span class="header-content">Methods in chronological order</span>
          </div> <!-- main-panel-header rounded-window-top -->
          <div class="main-panel-content rounded-window-bottom">
            <div class="chronological-class">
              <div class="chronological-class-name">com.flipkart.tests.LoginPageTest</div> <!-- chronological-class-name -->
              <div class="configuration-method before">
                <img src="failed.png">
                </img>
                <span class="method-name">setUp</span>
                <span class="method-start">0 ms</span>
              </div> <!-- configuration-method before -->
              <div class="test-method">
                <span class="method-name">LoginPageVerifyLogin</span>
                <span class="method-start">4365 ms</span>
              </div> <!-- test-method -->
            </div> <!-- chronological-class -->
            <div class="chronological-class">
              <div class="chronological-class-name">com.flipkart.tests.HomepageTest</div> <!-- chronological-class-name -->
              <div class="configuration-method before">
                <img src="failed.png">
                </img>
                <span class="method-name">setUp</span>
                <span class="method-start">4481 ms</span>
              </div> <!-- configuration-method before -->
              <div class="test-method">
                <span class="method-name">verifyHomePageTitileTest</span>
                <span class="method-start">6317 ms</span>
              </div> <!-- test-method -->
              <div class="test-method">
                <span class="method-name">verifyHomepageCorrectSignIn</span>
                <span class="method-start">6334 ms</span>
              </div> <!-- test-method -->
              <div class="test-method">
                <span class="method-name">searchProductFromHomepage</span>
                <span class="method-start">6346 ms</span>
              </div> <!-- test-method -->
            </div> <!-- chronological-class -->
            <div class="chronological-class">
              <div class="chronological-class-name">com.flipkart.tests.SearchPageTest</div> <!-- chronological-class-name -->
              <div class="configuration-method before">
                <img src="failed.png">
                </img>
                <span class="method-name">setUp</span>
                <span class="method-start">6530 ms</span>
              </div> <!-- configuration-method before -->
              <div class="test-method">
                <span class="method-name">countProductsOnPageinSearchPage</span>
                <span class="method-start">8521 ms</span>
              </div> <!-- test-method -->
              <div class="test-method">
                <span class="method-name">clickonProductinSearchPage</span>
                <span class="method-start">8546 ms</span>
              </div> <!-- test-method -->
            </div> <!-- chronological-class -->
            <div class="chronological-class">
              <div class="chronological-class-name">com.flipkart.tests.ProductpageTest</div> <!-- chronological-class-name -->
              <div class="configuration-method before">
                <img src="failed.png">
                </img>
                <span class="method-name">setUp</span>
                <span class="method-start">8620 ms</span>
              </div> <!-- configuration-method before -->
              <div class="test-method">
                <span class="method-name">verifyCartAdditionfromProductPage</span>
                <span class="method-start">10791 ms</span>
              </div> <!-- test-method -->
            </div> <!-- chronological-class -->
            <div class="chronological-class">
              <div class="chronological-class-name">com.flipkart.tests.CartPageTest</div> <!-- chronological-class-name -->
              <div class="configuration-method before">
                <img src="failed.png">
                </img>
                <span class="method-name">setUp</span>
                <span class="method-start">10835 ms</span>
              </div> <!-- configuration-method before -->
              <div class="test-method">
                <span class="method-name">ScreenshotCartPage</span>
                <span class="method-start">12860 ms</span>
              </div> <!-- test-method -->
              <div class="test-method">
                <span class="method-name">removeFromCart</span>
                <span class="method-start">12881 ms</span>
              </div> <!-- test-method -->
              <div class="test-method">
                <span class="method-name">logoutfromAppinCart</span>
                <span class="method-start">12914 ms</span>
              </div> <!-- test-method -->
          </div> <!-- main-panel-content rounded-window-bottom -->
        </div> <!-- panel -->
      </div> <!-- main-panel-root -->
    </div> <!-- wrapper -->
  </body>
</html>
