<?xml version="1.0" encoding="UTF-8"?>
<testng-results skipped="10" failed="0" ignored="0" total="10" passed="0">
  <reporter-output>
  </reporter-output>
  <suite name="FlipKart.com Test" duration-ms="13010" started-at="2020-08-12T15:21:02Z" finished-at="2020-08-12T15:21:15Z">
    <groups>
    </groups>
    <test name="LoginPageTest" duration-ms="4418" started-at="2020-08-12T15:21:02Z" finished-at="2020-08-12T15:21:07Z">
      <class name="com.flipkart.tests.LoginPageTest">
        <test-method status="FAIL" signature="setUp()[pri:0, instance:com.flipkart.tests.LoginPageTest@409bf450]" name="setUp" is-config="true" duration-ms="0" started-at="2020-08-12T20:51:02Z" finished-at="2020-08-12T20:51:02Z">
          <exception class="org.openqa.selenium.SessionNotCreatedException">
            <message>
              <![CDATA[session not created: This version of ChromeDriver only supports Chrome version 85
Build info: version: '3.141.59', revision: 'e82be7d358', time: '2018-11-14T08:17:03'
System info: host: 'SANTOSH', ip: '192.168.43.236', os.name: 'Windows 10', os.arch: 'amd64', os.version: '10.0', java.version: '1.8.0_121'
Driver info: driver.version: Driver
remote stacktrace: Backtrace:
	Ordinal0 [0x00E0C933+3131699]
	Ordinal0 [0x00CF9EC1+2006721]
	Ordinal0 [0x00B9AE28+568872]
	Ordinal0 [0x00B213BF+70591]
	Ordinal0 [0x00B1CC83+52355]
	Ordinal0 [0x00B40E2C+200236]
	Ordinal0 [0x00B40C4D+199757]
	Ordinal0 [0x00B3EB3B+191291]
	Ordinal0 [0x00B22E97+77463]
	Ordinal0 [0x00B23E5E+81502]
	Ordinal0 [0x00B23DE9+81385]
	Ordinal0 [0x00D10A79+2099833]
	GetHandleVerifier [0x00F7AC3A+1396666]
	GetHandleVerifier [0x00F7A8B9+1395769]
	GetHandleVerifier [0x00F86536+1444022]
	GetHandleVerifier [0x00F7B1C8+1398088]
	Ordinal0 [0x00D07D41+2063681]
	Ordinal0 [0x00D1208B+2105483]
	Ordinal0 [0x00D121B1+2105777]
	Ordinal0 [0x00D24754+2180948]
	BaseThreadInitThunk [0x75E66359+25]
	RtlGetAppContainerNamedObjectPath [0x77A97C24+228]
	RtlGetAppContainerNamedObjectPath [0x77A97BF4+180]
]]>
            </message>
            <full-stacktrace>
              <![CDATA[org.openqa.selenium.SessionNotCreatedException: session not created: This version of ChromeDriver only supports Chrome version 85
Build info: version: '3.141.59', revision: 'e82be7d358', time: '2018-11-14T08:17:03'
System info: host: 'SANTOSH', ip: '192.168.43.236', os.name: 'Windows 10', os.arch: 'amd64', os.version: '10.0', java.version: '1.8.0_121'
Driver info: driver.version: Driver
remote stacktrace: Backtrace:
	Ordinal0 [0x00E0C933+3131699]
	Ordinal0 [0x00CF9EC1+2006721]
	Ordinal0 [0x00B9AE28+568872]
	Ordinal0 [0x00B213BF+70591]
	Ordinal0 [0x00B1CC83+52355]
	Ordinal0 [0x00B40E2C+200236]
	Ordinal0 [0x00B40C4D+199757]
	Ordinal0 [0x00B3EB3B+191291]
	Ordinal0 [0x00B22E97+77463]
	Ordinal0 [0x00B23E5E+81502]
	Ordinal0 [0x00B23DE9+81385]
	Ordinal0 [0x00D10A79+2099833]
	GetHandleVerifier [0x00F7AC3A+1396666]
	GetHandleVerifier [0x00F7A8B9+1395769]
	GetHandleVerifier [0x00F86536+1444022]
	GetHandleVerifier [0x00F7B1C8+1398088]
	Ordinal0 [0x00D07D41+2063681]
	Ordinal0 [0x00D1208B+2105483]
	Ordinal0 [0x00D121B1+2105777]
	Ordinal0 [0x00D24754+2180948]
	BaseThreadInitThunk [0x75E66359+25]
	RtlGetAppContainerNamedObjectPath [0x77A97C24+228]
	RtlGetAppContainerNamedObjectPath [0x77A97BF4+180]

	at sun.reflect.NativeConstructorAccessorImpl.newInstance0(Native Method)
	at sun.reflect.NativeConstructorAccessorImpl.newInstance(Unknown Source)
	at sun.reflect.DelegatingConstructorAccessorImpl.newInstance(Unknown Source)
	at java.lang.reflect.Constructor.newInstance(Unknown Source)
	at org.openqa.selenium.remote.W3CHandshakeResponse.lambda$errorHandler$0(W3CHandshakeResponse.java:62)
	at org.openqa.selenium.remote.HandshakeResponse.lambda$getResponseFunction$0(HandshakeResponse.java:30)
	at org.openqa.selenium.remote.ProtocolHandshake.lambda$createSession$0(ProtocolHandshake.java:126)
	at java.util.stream.ReferencePipeline$3$1.accept(Unknown Source)
	at java.util.Spliterators$ArraySpliterator.tryAdvance(Unknown Source)
	at java.util.stream.ReferencePipeline.forEachWithCancel(Unknown Source)
	at java.util.stream.AbstractPipeline.copyIntoWithCancel(Unknown Source)
	at java.util.stream.AbstractPipeline.copyInto(Unknown Source)
	at java.util.stream.AbstractPipeline.wrapAndCopyInto(Unknown Source)
	at java.util.stream.FindOps$FindOp.evaluateSequential(Unknown Source)
	at java.util.stream.AbstractPipeline.evaluate(Unknown Source)
	at java.util.stream.ReferencePipeline.findFirst(Unknown Source)
	at org.openqa.selenium.remote.ProtocolHandshake.createSession(ProtocolHandshake.java:128)
	at org.openqa.selenium.remote.ProtocolHandshake.createSession(ProtocolHandshake.java:74)
	at org.openqa.selenium.remote.HttpCommandExecutor.execute(HttpCommandExecutor.java:136)
	at org.openqa.selenium.remote.service.DriverCommandExecutor.execute(DriverCommandExecutor.java:83)
	at org.openqa.selenium.remote.RemoteWebDriver.execute(RemoteWebDriver.java:552)
	at org.openqa.selenium.remote.RemoteWebDriver.startSession(RemoteWebDriver.java:213)
	at org.openqa.selenium.remote.RemoteWebDriver.<init>(RemoteWebDriver.java:131)
	at org.openqa.selenium.chrome.ChromeDriver.<init>(ChromeDriver.java:181)
	at org.openqa.selenium.chrome.ChromeDriver.<init>(ChromeDriver.java:168)
	at org.openqa.selenium.chrome.ChromeDriver.<init>(ChromeDriver.java:123)
	at com.flipkart.base.Driver.initialize(Driver.java:56)
	at com.flipkart.tests.LoginPageTest.setUp(LoginPageTest.java:29)
	at sun.reflect.NativeMethodAccessorImpl.invoke0(Native Method)
	at sun.reflect.NativeMethodAccessorImpl.invoke(Unknown Source)
	at sun.reflect.DelegatingMethodAccessorImpl.invoke(Unknown Source)
	at java.lang.reflect.Method.invoke(Unknown Source)
	at org.testng.internal.MethodInvocationHelper.invokeMethod(MethodInvocationHelper.java:104)
	at org.testng.internal.Invoker.invokeConfigurationMethod(Invoker.java:515)
	at org.testng.internal.Invoker.invokeConfigurations(Invoker.java:217)
	at org.testng.internal.Invoker.invokeMethod(Invoker.java:590)
	at org.testng.internal.Invoker.invokeTestMethod(Invoker.java:851)
	at org.testng.internal.Invoker.invokeTestMethods(Invoker.java:1177)
	at org.testng.internal.TestMethodWorker.invokeTestMethods(TestMethodWorker.java:129)
	at org.testng.internal.TestMethodWorker.run(TestMethodWorker.java:112)
	at org.testng.TestRunner.privateRun(TestRunner.java:756)
	at org.testng.TestRunner.run(TestRunner.java:610)
	at org.testng.SuiteRunner.runTest(SuiteRunner.java:387)
	at org.testng.SuiteRunner.runSequentially(SuiteRunner.java:382)
	at org.testng.SuiteRunner.privateRun(SuiteRunner.java:340)
	at org.testng.SuiteRunner.run(SuiteRunner.java:289)
	at org.testng.SuiteRunnerWorker.runSuite(SuiteRunnerWorker.java:52)
	at org.testng.SuiteRunnerWorker.run(SuiteRunnerWorker.java:86)
	at org.testng.TestNG.runSuitesSequentially(TestNG.java:1293)
	at org.testng.TestNG.runSuitesLocally(TestNG.java:1218)
	at org.testng.TestNG.runSuites(TestNG.java:1133)
	at org.testng.TestNG.run(TestNG.java:1104)
	at org.testng.remote.AbstractRemoteTestNG.run(AbstractRemoteTestNG.java:132)
	at org.testng.remote.RemoteTestNG.initAndRun(RemoteTestNG.java:236)
	at org.testng.remote.RemoteTestNG.main(RemoteTestNG.java:81)
]]>
            </full-stacktrace>
          </exception> <!-- org.openqa.selenium.SessionNotCreatedException -->
          <reporter-output>
          </reporter-output>
        </test-method> <!-- setUp -->
        <test-method status="SKIP" signature="LoginPageVerifyLogin()[pri:0, instance:com.flipkart.tests.LoginPageTest@409bf450]" name="LoginPageVerifyLogin" duration-ms="9" started-at="2020-08-12T20:51:07Z" finished-at="2020-08-12T20:51:07Z">
          <exception class="org.openqa.selenium.SessionNotCreatedException">
            <message>
              <![CDATA[session not created: This version of ChromeDriver only supports Chrome version 85
Build info: version: '3.141.59', revision: 'e82be7d358', time: '2018-11-14T08:17:03'
System info: host: 'SANTOSH', ip: '192.168.43.236', os.name: 'Windows 10', os.arch: 'amd64', os.version: '10.0', java.version: '1.8.0_121'
Driver info: driver.version: Driver
remote stacktrace: Backtrace:
	Ordinal0 [0x00E0C933+3131699]
	Ordinal0 [0x00CF9EC1+2006721]
	Ordinal0 [0x00B9AE28+568872]
	Ordinal0 [0x00B213BF+70591]
	Ordinal0 [0x00B1CC83+52355]
	Ordinal0 [0x00B40E2C+200236]
	Ordinal0 [0x00B40C4D+199757]
	Ordinal0 [0x00B3EB3B+191291]
	Ordinal0 [0x00B22E97+77463]
	Ordinal0 [0x00B23E5E+81502]
	Ordinal0 [0x00B23DE9+81385]
	Ordinal0 [0x00D10A79+2099833]
	GetHandleVerifier [0x00F7AC3A+1396666]
	GetHandleVerifier [0x00F7A8B9+1395769]
	GetHandleVerifier [0x00F86536+1444022]
	GetHandleVerifier [0x00F7B1C8+1398088]
	Ordinal0 [0x00D07D41+2063681]
	Ordinal0 [0x00D1208B+2105483]
	Ordinal0 [0x00D121B1+2105777]
	Ordinal0 [0x00D24754+2180948]
	BaseThreadInitThunk [0x75E66359+25]
	RtlGetAppContainerNamedObjectPath [0x77A97C24+228]
	RtlGetAppContainerNamedObjectPath [0x77A97BF4+180]
]]>
            </message>
            <full-stacktrace>
              <![CDATA[org.openqa.selenium.SessionNotCreatedException: session not created: This version of ChromeDriver only supports Chrome version 85
Build info: version: '3.141.59', revision: 'e82be7d358', time: '2018-11-14T08:17:03'
System info: host: 'SANTOSH', ip: '192.168.43.236', os.name: 'Windows 10', os.arch: 'amd64', os.version: '10.0', java.version: '1.8.0_121'
Driver info: driver.version: Driver
remote stacktrace: Backtrace:
	Ordinal0 [0x00E0C933+3131699]
	Ordinal0 [0x00CF9EC1+2006721]
	Ordinal0 [0x00B9AE28+568872]
	Ordinal0 [0x00B213BF+70591]
	Ordinal0 [0x00B1CC83+52355]
	Ordinal0 [0x00B40E2C+200236]
	Ordinal0 [0x00B40C4D+199757]
	Ordinal0 [0x00B3EB3B+191291]
	Ordinal0 [0x00B22E97+77463]
	Ordinal0 [0x00B23E5E+81502]
	Ordinal0 [0x00B23DE9+81385]
	Ordinal0 [0x00D10A79+2099833]
	GetHandleVerifier [0x00F7AC3A+1396666]
	GetHandleVerifier [0x00F7A8B9+1395769]
	GetHandleVerifier [0x00F86536+1444022]
	GetHandleVerifier [0x00F7B1C8+1398088]
	Ordinal0 [0x00D07D41+2063681]
	Ordinal0 [0x00D1208B+2105483]
	Ordinal0 [0x00D121B1+2105777]
	Ordinal0 [0x00D24754+2180948]
	BaseThreadInitThunk [0x75E66359+25]
	RtlGetAppContainerNamedObjectPath [0x77A97C24+228]
	RtlGetAppContainerNamedObjectPath [0x77A97BF4+180]

	at sun.reflect.NativeConstructorAccessorImpl.newInstance0(Native Method)
	at sun.reflect.NativeConstructorAccessorImpl.newInstance(Unknown Source)
	at sun.reflect.DelegatingConstructorAccessorImpl.newInstance(Unknown Source)
	at java.lang.reflect.Constructor.newInstance(Unknown Source)
	at org.openqa.selenium.remote.W3CHandshakeResponse.lambda$errorHandler$0(W3CHandshakeResponse.java:62)
	at org.openqa.selenium.remote.HandshakeResponse.lambda$getResponseFunction$0(HandshakeResponse.java:30)
	at org.openqa.selenium.remote.ProtocolHandshake.lambda$createSession$0(ProtocolHandshake.java:126)
	at java.util.stream.ReferencePipeline$3$1.accept(Unknown Source)
	at java.util.Spliterators$ArraySpliterator.tryAdvance(Unknown Source)
	at java.util.stream.ReferencePipeline.forEachWithCancel(Unknown Source)
	at java.util.stream.AbstractPipeline.copyIntoWithCancel(Unknown Source)
	at java.util.stream.AbstractPipeline.copyInto(Unknown Source)
	at java.util.stream.AbstractPipeline.wrapAndCopyInto(Unknown Source)
	at java.util.stream.FindOps$FindOp.evaluateSequential(Unknown Source)
	at java.util.stream.AbstractPipeline.evaluate(Unknown Source)
	at java.util.stream.ReferencePipeline.findFirst(Unknown Source)
	at org.openqa.selenium.remote.ProtocolHandshake.createSession(ProtocolHandshake.java:128)
	at org.openqa.selenium.remote.ProtocolHandshake.createSession(ProtocolHandshake.java:74)
	at org.openqa.selenium.remote.HttpCommandExecutor.execute(HttpCommandExecutor.java:136)
	at org.openqa.selenium.remote.service.DriverCommandExecutor.execute(DriverCommandExecutor.java:83)
	at org.openqa.selenium.remote.RemoteWebDriver.execute(RemoteWebDriver.java:552)
	at org.openqa.selenium.remote.RemoteWebDriver.startSession(RemoteWebDriver.java:213)
	at org.openqa.selenium.remote.RemoteWebDriver.<init>(RemoteWebDriver.java:131)
	at org.openqa.selenium.chrome.ChromeDriver.<init>(ChromeDriver.java:181)
	at org.openqa.selenium.chrome.ChromeDriver.<init>(ChromeDriver.java:168)
	at org.openqa.selenium.chrome.ChromeDriver.<init>(ChromeDriver.java:123)
	at com.flipkart.base.Driver.initialize(Driver.java:56)
	at com.flipkart.tests.LoginPageTest.setUp(LoginPageTest.java:29)
	at sun.reflect.NativeMethodAccessorImpl.invoke0(Native Method)
	at sun.reflect.NativeMethodAccessorImpl.invoke(Unknown Source)
	at sun.reflect.DelegatingMethodAccessorImpl.invoke(Unknown Source)
	at java.lang.reflect.Method.invoke(Unknown Source)
	at org.testng.internal.MethodInvocationHelper.invokeMethod(MethodInvocationHelper.java:104)
	at org.testng.internal.Invoker.invokeConfigurationMethod(Invoker.java:515)
	at org.testng.internal.Invoker.invokeConfigurations(Invoker.java:217)
	at org.testng.internal.Invoker.invokeMethod(Invoker.java:590)
	at org.testng.internal.Invoker.invokeTestMethod(Invoker.java:851)
	at org.testng.internal.Invoker.invokeTestMethods(Invoker.java:1177)
	at org.testng.internal.TestMethodWorker.invokeTestMethods(TestMethodWorker.java:129)
	at org.testng.internal.TestMethodWorker.run(TestMethodWorker.java:112)
	at org.testng.TestRunner.privateRun(TestRunner.java:756)
	at org.testng.TestRunner.run(TestRunner.java:610)
	at org.testng.SuiteRunner.runTest(SuiteRunner.java:387)
	at org.testng.SuiteRunner.runSequentially(SuiteRunner.java:382)
	at org.testng.SuiteRunner.privateRun(SuiteRunner.java:340)
	at org.testng.SuiteRunner.run(SuiteRunner.java:289)
	at org.testng.SuiteRunnerWorker.runSuite(SuiteRunnerWorker.java:52)
	at org.testng.SuiteRunnerWorker.run(SuiteRunnerWorker.java:86)
	at org.testng.TestNG.runSuitesSequentially(TestNG.java:1293)
	at org.testng.TestNG.runSuitesLocally(TestNG.java:1218)
	at org.testng.TestNG.runSuites(TestNG.java:1133)
	at org.testng.TestNG.run(TestNG.java:1104)
	at org.testng.remote.AbstractRemoteTestNG.run(AbstractRemoteTestNG.java:132)
	at org.testng.remote.RemoteTestNG.initAndRun(RemoteTestNG.java:236)
	at org.testng.remote.RemoteTestNG.main(RemoteTestNG.java:81)
]]>
            </full-stacktrace>
          </exception> <!-- org.openqa.selenium.SessionNotCreatedException -->
          <reporter-output>
          </reporter-output>
        </test-method> <!-- LoginPageVerifyLogin -->
        <test-method status="SKIP" signature="tearDown()[pri:0, instance:com.flipkart.tests.LoginPageTest@409bf450]" name="tearDown" is-config="true" duration-ms="0" started-at="2020-08-12T20:51:07Z" finished-at="2020-08-12T20:51:07Z">
          <reporter-output>
          </reporter-output>
        </test-method> <!-- tearDown -->
      </class> <!-- com.flipkart.tests.LoginPageTest -->
    </test> <!-- LoginPageTest -->
    <test name="HomePageTest" duration-ms="1879" started-at="2020-08-12T15:21:07Z" finished-at="2020-08-12T15:21:09Z">
      <class name="com.flipkart.tests.HomepageTest">
        <test-method status="FAIL" signature="setUp()[pri:0, instance:com.flipkart.tests.HomepageTest@55141def]" name="setUp" is-config="true" duration-ms="0" started-at="2020-08-12T20:51:07Z" finished-at="2020-08-12T20:51:07Z">
          <exception class="org.openqa.selenium.SessionNotCreatedException">
            <message>
              <![CDATA[session not created: This version of ChromeDriver only supports Chrome version 85
Build info: version: '3.141.59', revision: 'e82be7d358', time: '2018-11-14T08:17:03'
System info: host: 'SANTOSH', ip: '192.168.43.236', os.name: 'Windows 10', os.arch: 'amd64', os.version: '10.0', java.version: '1.8.0_121'
Driver info: driver.version: Driver
remote stacktrace: Backtrace:
	Ordinal0 [0x00E0C933+3131699]
	Ordinal0 [0x00CF9EC1+2006721]
	Ordinal0 [0x00B9AE28+568872]
	Ordinal0 [0x00B213BF+70591]
	Ordinal0 [0x00B1CC83+52355]
	Ordinal0 [0x00B40E2C+200236]
	Ordinal0 [0x00B40C4D+199757]
	Ordinal0 [0x00B3EB3B+191291]
	Ordinal0 [0x00B22E97+77463]
	Ordinal0 [0x00B23E5E+81502]
	Ordinal0 [0x00B23DE9+81385]
	Ordinal0 [0x00D10A79+2099833]
	GetHandleVerifier [0x00F7AC3A+1396666]
	GetHandleVerifier [0x00F7A8B9+1395769]
	GetHandleVerifier [0x00F86536+1444022]
	GetHandleVerifier [0x00F7B1C8+1398088]
	Ordinal0 [0x00D07D41+2063681]
	Ordinal0 [0x00D1208B+2105483]
	Ordinal0 [0x00D121B1+2105777]
	Ordinal0 [0x00D24754+2180948]
	BaseThreadInitThunk [0x75E66359+25]
	RtlGetAppContainerNamedObjectPath [0x77A97C24+228]
	RtlGetAppContainerNamedObjectPath [0x77A97BF4+180]
]]>
            </message>
            <full-stacktrace>
              <![CDATA[org.openqa.selenium.SessionNotCreatedException: session not created: This version of ChromeDriver only supports Chrome version 85
Build info: version: '3.141.59', revision: 'e82be7d358', time: '2018-11-14T08:17:03'
System info: host: 'SANTOSH', ip: '192.168.43.236', os.name: 'Windows 10', os.arch: 'amd64', os.version: '10.0', java.version: '1.8.0_121'
Driver info: driver.version: Driver
remote stacktrace: Backtrace:
	Ordinal0 [0x00E0C933+3131699]
	Ordinal0 [0x00CF9EC1+2006721]
	Ordinal0 [0x00B9AE28+568872]
	Ordinal0 [0x00B213BF+70591]
	Ordinal0 [0x00B1CC83+52355]
	Ordinal0 [0x00B40E2C+200236]
	Ordinal0 [0x00B40C4D+199757]
	Ordinal0 [0x00B3EB3B+191291]
	Ordinal0 [0x00B22E97+77463]
	Ordinal0 [0x00B23E5E+81502]
	Ordinal0 [0x00B23DE9+81385]
	Ordinal0 [0x00D10A79+2099833]
	GetHandleVerifier [0x00F7AC3A+1396666]
	GetHandleVerifier [0x00F7A8B9+1395769]
	GetHandleVerifier [0x00F86536+1444022]
	GetHandleVerifier [0x00F7B1C8+1398088]
	Ordinal0 [0x00D07D41+2063681]
	Ordinal0 [0x00D1208B+2105483]
	Ordinal0 [0x00D121B1+2105777]
	Ordinal0 [0x00D24754+2180948]
	BaseThreadInitThunk [0x75E66359+25]
	RtlGetAppContainerNamedObjectPath [0x77A97C24+228]
	RtlGetAppContainerNamedObjectPath [0x77A97BF4+180]

	at sun.reflect.NativeConstructorAccessorImpl.newInstance0(Native Method)
	at sun.reflect.NativeConstructorAccessorImpl.newInstance(Unknown Source)
	at sun.reflect.DelegatingConstructorAccessorImpl.newInstance(Unknown Source)
	at java.lang.reflect.Constructor.newInstance(Unknown Source)
	at org.openqa.selenium.remote.W3CHandshakeResponse.lambda$errorHandler$0(W3CHandshakeResponse.java:62)
	at org.openqa.selenium.remote.HandshakeResponse.lambda$getResponseFunction$0(HandshakeResponse.java:30)
	at org.openqa.selenium.remote.ProtocolHandshake.lambda$createSession$0(ProtocolHandshake.java:126)
	at java.util.stream.ReferencePipeline$3$1.accept(Unknown Source)
	at java.util.Spliterators$ArraySpliterator.tryAdvance(Unknown Source)
	at java.util.stream.ReferencePipeline.forEachWithCancel(Unknown Source)
	at java.util.stream.AbstractPipeline.copyIntoWithCancel(Unknown Source)
	at java.util.stream.AbstractPipeline.copyInto(Unknown Source)
	at java.util.stream.AbstractPipeline.wrapAndCopyInto(Unknown Source)
	at java.util.stream.FindOps$FindOp.evaluateSequential(Unknown Source)
	at java.util.stream.AbstractPipeline.evaluate(Unknown Source)
	at java.util.stream.ReferencePipeline.findFirst(Unknown Source)
	at org.openqa.selenium.remote.ProtocolHandshake.createSession(ProtocolHandshake.java:128)
	at org.openqa.selenium.remote.ProtocolHandshake.createSession(ProtocolHandshake.java:74)
	at org.openqa.selenium.remote.HttpCommandExecutor.execute(HttpCommandExecutor.java:136)
	at org.openqa.selenium.remote.service.DriverCommandExecutor.execute(DriverCommandExecutor.java:83)
	at org.openqa.selenium.remote.RemoteWebDriver.execute(RemoteWebDriver.java:552)
	at org.openqa.selenium.remote.RemoteWebDriver.startSession(RemoteWebDriver.java:213)
	at org.openqa.selenium.remote.RemoteWebDriver.<init>(RemoteWebDriver.java:131)
	at org.openqa.selenium.chrome.ChromeDriver.<init>(ChromeDriver.java:181)
	at org.openqa.selenium.chrome.ChromeDriver.<init>(ChromeDriver.java:168)
	at org.openqa.selenium.chrome.ChromeDriver.<init>(ChromeDriver.java:123)
	at com.flipkart.base.Driver.initialize(Driver.java:56)
	at com.flipkart.tests.HomepageTest.setUp(HomepageTest.java:33)
	at sun.reflect.NativeMethodAccessorImpl.invoke0(Native Method)
	at sun.reflect.NativeMethodAccessorImpl.invoke(Unknown Source)
	at sun.reflect.DelegatingMethodAccessorImpl.invoke(Unknown Source)
	at java.lang.reflect.Method.invoke(Unknown Source)
	at org.testng.internal.MethodInvocationHelper.invokeMethod(MethodInvocationHelper.java:104)
	at org.testng.internal.Invoker.invokeConfigurationMethod(Invoker.java:515)
	at org.testng.internal.Invoker.invokeConfigurations(Invoker.java:217)
	at org.testng.internal.Invoker.invokeMethod(Invoker.java:590)
	at org.testng.internal.Invoker.invokeTestMethod(Invoker.java:851)
	at org.testng.internal.Invoker.invokeTestMethods(Invoker.java:1177)
	at org.testng.internal.TestMethodWorker.invokeTestMethods(TestMethodWorker.java:129)
	at org.testng.internal.TestMethodWorker.run(TestMethodWorker.java:112)
	at org.testng.TestRunner.privateRun(TestRunner.java:756)
	at org.testng.TestRunner.run(TestRunner.java:610)
	at org.testng.SuiteRunner.runTest(SuiteRunner.java:387)
	at org.testng.SuiteRunner.runSequentially(SuiteRunner.java:382)
	at org.testng.SuiteRunner.privateRun(SuiteRunner.java:340)
	at org.testng.SuiteRunner.run(SuiteRunner.java:289)
	at org.testng.SuiteRunnerWorker.runSuite(SuiteRunnerWorker.java:52)
	at org.testng.SuiteRunnerWorker.run(SuiteRunnerWorker.java:86)
	at org.testng.TestNG.runSuitesSequentially(TestNG.java:1293)
	at org.testng.TestNG.runSuitesLocally(TestNG.java:1218)
	at org.testng.TestNG.runSuites(TestNG.java:1133)
	at org.testng.TestNG.run(TestNG.java:1104)
	at org.testng.remote.AbstractRemoteTestNG.run(AbstractRemoteTestNG.java:132)
	at org.testng.remote.RemoteTestNG.initAndRun(RemoteTestNG.java:236)
	at org.testng.remote.RemoteTestNG.main(RemoteTestNG.java:81)
]]>
            </full-stacktrace>
          </exception> <!-- org.openqa.selenium.SessionNotCreatedException -->
          <reporter-output>
          </reporter-output>
        </test-method> <!-- setUp -->
        <test-method status="SKIP" signature="verifyHomePageTitileTest()[pri:1, instance:com.flipkart.tests.HomepageTest@55141def]" name="verifyHomePageTitileTest" duration-ms="2" started-at="2020-08-12T20:51:09Z" finished-at="2020-08-12T20:51:09Z">
          <exception class="org.openqa.selenium.SessionNotCreatedException">
            <message>
              <![CDATA[session not created: This version of ChromeDriver only supports Chrome version 85
Build info: version: '3.141.59', revision: 'e82be7d358', time: '2018-11-14T08:17:03'
System info: host: 'SANTOSH', ip: '192.168.43.236', os.name: 'Windows 10', os.arch: 'amd64', os.version: '10.0', java.version: '1.8.0_121'
Driver info: driver.version: Driver
remote stacktrace: Backtrace:
	Ordinal0 [0x00E0C933+3131699]
	Ordinal0 [0x00CF9EC1+2006721]
	Ordinal0 [0x00B9AE28+568872]
	Ordinal0 [0x00B213BF+70591]
	Ordinal0 [0x00B1CC83+52355]
	Ordinal0 [0x00B40E2C+200236]
	Ordinal0 [0x00B40C4D+199757]
	Ordinal0 [0x00B3EB3B+191291]
	Ordinal0 [0x00B22E97+77463]
	Ordinal0 [0x00B23E5E+81502]
	Ordinal0 [0x00B23DE9+81385]
	Ordinal0 [0x00D10A79+2099833]
	GetHandleVerifier [0x00F7AC3A+1396666]
	GetHandleVerifier [0x00F7A8B9+1395769]
	GetHandleVerifier [0x00F86536+1444022]
	GetHandleVerifier [0x00F7B1C8+1398088]
	Ordinal0 [0x00D07D41+2063681]
	Ordinal0 [0x00D1208B+2105483]
	Ordinal0 [0x00D121B1+2105777]
	Ordinal0 [0x00D24754+2180948]
	BaseThreadInitThunk [0x75E66359+25]
	RtlGetAppContainerNamedObjectPath [0x77A97C24+228]
	RtlGetAppContainerNamedObjectPath [0x77A97BF4+180]
]]>
            </message>
            <full-stacktrace>
              <![CDATA[org.openqa.selenium.SessionNotCreatedException: session not created: This version of ChromeDriver only supports Chrome version 85
Build info: version: '3.141.59', revision: 'e82be7d358', time: '2018-11-14T08:17:03'
System info: host: 'SANTOSH', ip: '192.168.43.236', os.name: 'Windows 10', os.arch: 'amd64', os.version: '10.0', java.version: '1.8.0_121'
Driver info: driver.version: Driver
remote stacktrace: Backtrace:
	Ordinal0 [0x00E0C933+3131699]
	Ordinal0 [0x00CF9EC1+2006721]
	Ordinal0 [0x00B9AE28+568872]
	Ordinal0 [0x00B213BF+70591]
	Ordinal0 [0x00B1CC83+52355]
	Ordinal0 [0x00B40E2C+200236]
	Ordinal0 [0x00B40C4D+199757]
	Ordinal0 [0x00B3EB3B+191291]
	Ordinal0 [0x00B22E97+77463]
	Ordinal0 [0x00B23E5E+81502]
	Ordinal0 [0x00B23DE9+81385]
	Ordinal0 [0x00D10A79+2099833]
	GetHandleVerifier [0x00F7AC3A+1396666]
	GetHandleVerifier [0x00F7A8B9+1395769]
	GetHandleVerifier [0x00F86536+1444022]
	GetHandleVerifier [0x00F7B1C8+1398088]
	Ordinal0 [0x00D07D41+2063681]
	Ordinal0 [0x00D1208B+2105483]
	Ordinal0 [0x00D121B1+2105777]
	Ordinal0 [0x00D24754+2180948]
	BaseThreadInitThunk [0x75E66359+25]
	RtlGetAppContainerNamedObjectPath [0x77A97C24+228]
	RtlGetAppContainerNamedObjectPath [0x77A97BF4+180]

	at sun.reflect.NativeConstructorAccessorImpl.newInstance0(Native Method)
	at sun.reflect.NativeConstructorAccessorImpl.newInstance(Unknown Source)
	at sun.reflect.DelegatingConstructorAccessorImpl.newInstance(Unknown Source)
	at java.lang.reflect.Constructor.newInstance(Unknown Source)
	at org.openqa.selenium.remote.W3CHandshakeResponse.lambda$errorHandler$0(W3CHandshakeResponse.java:62)
	at org.openqa.selenium.remote.HandshakeResponse.lambda$getResponseFunction$0(HandshakeResponse.java:30)
	at org.openqa.selenium.remote.ProtocolHandshake.lambda$createSession$0(ProtocolHandshake.java:126)
	at java.util.stream.ReferencePipeline$3$1.accept(Unknown Source)
	at java.util.Spliterators$ArraySpliterator.tryAdvance(Unknown Source)
	at java.util.stream.ReferencePipeline.forEachWithCancel(Unknown Source)
	at java.util.stream.AbstractPipeline.copyIntoWithCancel(Unknown Source)
	at java.util.stream.AbstractPipeline.copyInto(Unknown Source)
	at java.util.stream.AbstractPipeline.wrapAndCopyInto(Unknown Source)
	at java.util.stream.FindOps$FindOp.evaluateSequential(Unknown Source)
	at java.util.stream.AbstractPipeline.evaluate(Unknown Source)
	at java.util.stream.ReferencePipeline.findFirst(Unknown Source)
	at org.openqa.selenium.remote.ProtocolHandshake.createSession(ProtocolHandshake.java:128)
	at org.openqa.selenium.remote.ProtocolHandshake.createSession(ProtocolHandshake.java:74)
	at org.openqa.selenium.remote.HttpCommandExecutor.execute(HttpCommandExecutor.java:136)
	at org.openqa.selenium.remote.service.DriverCommandExecutor.execute(DriverCommandExecutor.java:83)
	at org.openqa.selenium.remote.RemoteWebDriver.execute(RemoteWebDriver.java:552)
	at org.openqa.selenium.remote.RemoteWebDriver.startSession(RemoteWebDriver.java:213)
	at org.openqa.selenium.remote.RemoteWebDriver.<init>(RemoteWebDriver.java:131)
	at org.openqa.selenium.chrome.ChromeDriver.<init>(ChromeDriver.java:181)
	at org.openqa.selenium.chrome.ChromeDriver.<init>(ChromeDriver.java:168)
	at org.openqa.selenium.chrome.ChromeDriver.<init>(ChromeDriver.java:123)
	at com.flipkart.base.Driver.initialize(Driver.java:56)
	at com.flipkart.tests.HomepageTest.setUp(HomepageTest.java:33)
	at sun.reflect.NativeMethodAccessorImpl.invoke0(Native Method)
	at sun.reflect.NativeMethodAccessorImpl.invoke(Unknown Source)
	at sun.reflect.DelegatingMethodAccessorImpl.invoke(Unknown Source)
	at java.lang.reflect.Method.invoke(Unknown Source)
	at org.testng.internal.MethodInvocationHelper.invokeMethod(MethodInvocationHelper.java:104)
	at org.testng.internal.Invoker.invokeConfigurationMethod(Invoker.java:515)
	at org.testng.internal.Invoker.invokeConfigurations(Invoker.java:217)
	at org.testng.internal.Invoker.invokeMethod(Invoker.java:590)
	at org.testng.internal.Invoker.invokeTestMethod(Invoker.java:851)
	at org.testng.internal.Invoker.invokeTestMethods(Invoker.java:1177)
	at org.testng.internal.TestMethodWorker.invokeTestMethods(TestMethodWorker.java:129)
	at org.testng.internal.TestMethodWorker.run(TestMethodWorker.java:112)
	at org.testng.TestRunner.privateRun(TestRunner.java:756)
	at org.testng.TestRunner.run(TestRunner.java:610)
	at org.testng.SuiteRunner.runTest(SuiteRunner.java:387)
	at org.testng.SuiteRunner.runSequentially(SuiteRunner.java:382)
	at org.testng.SuiteRunner.privateRun(SuiteRunner.java:340)
	at org.testng.SuiteRunner.run(SuiteRunner.java:289)
	at org.testng.SuiteRunnerWorker.runSuite(SuiteRunnerWorker.java:52)
	at org.testng.SuiteRunnerWorker.run(SuiteRunnerWorker.java:86)
	at org.testng.TestNG.runSuitesSequentially(TestNG.java:1293)
	at org.testng.TestNG.runSuitesLocally(TestNG.java:1218)
	at org.testng.TestNG.runSuites(TestNG.java:1133)
	at org.testng.TestNG.run(TestNG.java:1104)
	at org.testng.remote.AbstractRemoteTestNG.run(AbstractRemoteTestNG.java:132)
	at org.testng.remote.RemoteTestNG.initAndRun(RemoteTestNG.java:236)
	at org.testng.remote.RemoteTestNG.main(RemoteTestNG.java:81)
]]>
            </full-stacktrace>
          </exception> <!-- org.openqa.selenium.SessionNotCreatedException -->
          <reporter-output>
          </reporter-output>
        </test-method> <!-- verifyHomePageTitileTest -->
        <test-method status="SKIP" signature="teardown()[pri:0, instance:com.flipkart.tests.HomepageTest@55141def]" name="teardown" is-config="true" duration-ms="0" started-at="2020-08-12T20:51:09Z" finished-at="2020-08-12T20:51:09Z">
          <reporter-output>
          </reporter-output>
        </test-method> <!-- teardown -->
        <test-method status="SKIP" signature="setUp()[pri:0, instance:com.flipkart.tests.HomepageTest@55141def]" name="setUp" is-config="true" duration-ms="0" started-at="2020-08-12T20:51:09Z" finished-at="2020-08-12T20:51:09Z">
          <reporter-output>
          </reporter-output>
        </test-method> <!-- setUp -->
        <test-method status="SKIP" signature="verifyHomepageCorrectSignIn()[pri:2, instance:com.flipkart.tests.HomepageTest@55141def]" name="verifyHomepageCorrectSignIn" duration-ms="2" started-at="2020-08-12T20:51:09Z" finished-at="2020-08-12T20:51:09Z">
          <exception class="org.openqa.selenium.SessionNotCreatedException">
            <message>
              <![CDATA[session not created: This version of ChromeDriver only supports Chrome version 85
Build info: version: '3.141.59', revision: 'e82be7d358', time: '2018-11-14T08:17:03'
System info: host: 'SANTOSH', ip: '192.168.43.236', os.name: 'Windows 10', os.arch: 'amd64', os.version: '10.0', java.version: '1.8.0_121'
Driver info: driver.version: Driver
remote stacktrace: Backtrace:
	Ordinal0 [0x00E0C933+3131699]
	Ordinal0 [0x00CF9EC1+2006721]
	Ordinal0 [0x00B9AE28+568872]
	Ordinal0 [0x00B213BF+70591]
	Ordinal0 [0x00B1CC83+52355]
	Ordinal0 [0x00B40E2C+200236]
	Ordinal0 [0x00B40C4D+199757]
	Ordinal0 [0x00B3EB3B+191291]
	Ordinal0 [0x00B22E97+77463]
	Ordinal0 [0x00B23E5E+81502]
	Ordinal0 [0x00B23DE9+81385]
	Ordinal0 [0x00D10A79+2099833]
	GetHandleVerifier [0x00F7AC3A+1396666]
	GetHandleVerifier [0x00F7A8B9+1395769]
	GetHandleVerifier [0x00F86536+1444022]
	GetHandleVerifier [0x00F7B1C8+1398088]
	Ordinal0 [0x00D07D41+2063681]
	Ordinal0 [0x00D1208B+2105483]
	Ordinal0 [0x00D121B1+2105777]
	Ordinal0 [0x00D24754+2180948]
	BaseThreadInitThunk [0x75E66359+25]
	RtlGetAppContainerNamedObjectPath [0x77A97C24+228]
	RtlGetAppContainerNamedObjectPath [0x77A97BF4+180]
]]>
            </message>
            <full-stacktrace>
              <![CDATA[org.openqa.selenium.SessionNotCreatedException: session not created: This version of ChromeDriver only supports Chrome version 85
Build info: version: '3.141.59', revision: 'e82be7d358', time: '2018-11-14T08:17:03'
System info: host: 'SANTOSH', ip: '192.168.43.236', os.name: 'Windows 10', os.arch: 'amd64', os.version: '10.0', java.version: '1.8.0_121'
Driver info: driver.version: Driver
remote stacktrace: Backtrace:
	Ordinal0 [0x00E0C933+3131699]
	Ordinal0 [0x00CF9EC1+2006721]
	Ordinal0 [0x00B9AE28+568872]
	Ordinal0 [0x00B213BF+70591]
	Ordinal0 [0x00B1CC83+52355]
	Ordinal0 [0x00B40E2C+200236]
	Ordinal0 [0x00B40C4D+199757]
	Ordinal0 [0x00B3EB3B+191291]
	Ordinal0 [0x00B22E97+77463]
	Ordinal0 [0x00B23E5E+81502]
	Ordinal0 [0x00B23DE9+81385]
	Ordinal0 [0x00D10A79+2099833]
	GetHandleVerifier [0x00F7AC3A+1396666]
	GetHandleVerifier [0x00F7A8B9+1395769]
	GetHandleVerifier [0x00F86536+1444022]
	GetHandleVerifier [0x00F7B1C8+1398088]
	Ordinal0 [0x00D07D41+2063681]
	Ordinal0 [0x00D1208B+2105483]
	Ordinal0 [0x00D121B1+2105777]
	Ordinal0 [0x00D24754+2180948]
	BaseThreadInitThunk [0x75E66359+25]
	RtlGetAppContainerNamedObjectPath [0x77A97C24+228]
	RtlGetAppContainerNamedObjectPath [0x77A97BF4+180]

	at sun.reflect.NativeConstructorAccessorImpl.newInstance0(Native Method)
	at sun.reflect.NativeConstructorAccessorImpl.newInstance(Unknown Source)
	at sun.reflect.DelegatingConstructorAccessorImpl.newInstance(Unknown Source)
	at java.lang.reflect.Constructor.newInstance(Unknown Source)
	at org.openqa.selenium.remote.W3CHandshakeResponse.lambda$errorHandler$0(W3CHandshakeResponse.java:62)
	at org.openqa.selenium.remote.HandshakeResponse.lambda$getResponseFunction$0(HandshakeResponse.java:30)
	at org.openqa.selenium.remote.ProtocolHandshake.lambda$createSession$0(ProtocolHandshake.java:126)
	at java.util.stream.ReferencePipeline$3$1.accept(Unknown Source)
	at java.util.Spliterators$ArraySpliterator.tryAdvance(Unknown Source)
	at java.util.stream.ReferencePipeline.forEachWithCancel(Unknown Source)
	at java.util.stream.AbstractPipeline.copyIntoWithCancel(Unknown Source)
	at java.util.stream.AbstractPipeline.copyInto(Unknown Source)
	at java.util.stream.AbstractPipeline.wrapAndCopyInto(Unknown Source)
	at java.util.stream.FindOps$FindOp.evaluateSequential(Unknown Source)
	at java.util.stream.AbstractPipeline.evaluate(Unknown Source)
	at java.util.stream.ReferencePipeline.findFirst(Unknown Source)
	at org.openqa.selenium.remote.ProtocolHandshake.createSession(ProtocolHandshake.java:128)
	at org.openqa.selenium.remote.ProtocolHandshake.createSession(ProtocolHandshake.java:74)
	at org.openqa.selenium.remote.HttpCommandExecutor.execute(HttpCommandExecutor.java:136)
	at org.openqa.selenium.remote.service.DriverCommandExecutor.execute(DriverCommandExecutor.java:83)
	at org.openqa.selenium.remote.RemoteWebDriver.execute(RemoteWebDriver.java:552)
	at org.openqa.selenium.remote.RemoteWebDriver.startSession(RemoteWebDriver.java:213)
	at org.openqa.selenium.remote.RemoteWebDriver.<init>(RemoteWebDriver.java:131)
	at org.openqa.selenium.chrome.ChromeDriver.<init>(ChromeDriver.java:181)
	at org.openqa.selenium.chrome.ChromeDriver.<init>(ChromeDriver.java:168)
	at org.openqa.selenium.chrome.ChromeDriver.<init>(ChromeDriver.java:123)
	at com.flipkart.base.Driver.initialize(Driver.java:56)
	at com.flipkart.tests.HomepageTest.setUp(HomepageTest.java:33)
	at sun.reflect.NativeMethodAccessorImpl.invoke0(Native Method)
	at sun.reflect.NativeMethodAccessorImpl.invoke(Unknown Source)
	at sun.reflect.DelegatingMethodAccessorImpl.invoke(Unknown Source)
	at java.lang.reflect.Method.invoke(Unknown Source)
	at org.testng.internal.MethodInvocationHelper.invokeMethod(MethodInvocationHelper.java:104)
	at org.testng.internal.Invoker.invokeConfigurationMethod(Invoker.java:515)
	at org.testng.internal.Invoker.invokeConfigurations(Invoker.java:217)
	at org.testng.internal.Invoker.invokeMethod(Invoker.java:590)
	at org.testng.internal.Invoker.invokeTestMethod(Invoker.java:851)
	at org.testng.internal.Invoker.invokeTestMethods(Invoker.java:1177)
	at org.testng.internal.TestMethodWorker.invokeTestMethods(TestMethodWorker.java:129)
	at org.testng.internal.TestMethodWorker.run(TestMethodWorker.java:112)
	at org.testng.TestRunner.privateRun(TestRunner.java:756)
	at org.testng.TestRunner.run(TestRunner.java:610)
	at org.testng.SuiteRunner.runTest(SuiteRunner.java:387)
	at org.testng.SuiteRunner.runSequentially(SuiteRunner.java:382)
	at org.testng.SuiteRunner.privateRun(SuiteRunner.java:340)
	at org.testng.SuiteRunner.run(SuiteRunner.java:289)
	at org.testng.SuiteRunnerWorker.runSuite(SuiteRunnerWorker.java:52)
	at org.testng.SuiteRunnerWorker.run(SuiteRunnerWorker.java:86)
	at org.testng.TestNG.runSuitesSequentially(TestNG.java:1293)
	at org.testng.TestNG.runSuitesLocally(TestNG.java:1218)
	at org.testng.TestNG.runSuites(TestNG.java:1133)
	at org.testng.TestNG.run(TestNG.java:1104)
	at org.testng.remote.AbstractRemoteTestNG.run(AbstractRemoteTestNG.java:132)
	at org.testng.remote.RemoteTestNG.initAndRun(RemoteTestNG.java:236)
	at org.testng.remote.RemoteTestNG.main(RemoteTestNG.java:81)
]]>
            </full-stacktrace>
          </exception> <!-- org.openqa.selenium.SessionNotCreatedException -->
          <reporter-output>
          </reporter-output>
        </test-method> <!-- verifyHomepageCorrectSignIn -->
        <test-method status="SKIP" signature="teardown()[pri:0, instance:com.flipkart.tests.HomepageTest@55141def]" name="teardown" is-config="true" duration-ms="0" started-at="2020-08-12T20:51:09Z" finished-at="2020-08-12T20:51:09Z">
          <reporter-output>
          </reporter-output>
        </test-method> <!-- teardown -->
        <test-method status="SKIP" signature="setUp()[pri:0, instance:com.flipkart.tests.HomepageTest@55141def]" name="setUp" is-config="true" duration-ms="0" started-at="2020-08-12T20:51:09Z" finished-at="2020-08-12T20:51:09Z">
          <reporter-output>
          </reporter-output>
        </test-method> <!-- setUp -->
        <test-method status="SKIP" signature="searchProductFromHomepage()[pri:3, instance:com.flipkart.tests.HomepageTest@55141def]" name="searchProductFromHomepage" duration-ms="3" started-at="2020-08-12T20:51:09Z" finished-at="2020-08-12T20:51:09Z">
          <exception class="org.openqa.selenium.SessionNotCreatedException">
            <message>
              <![CDATA[session not created: This version of ChromeDriver only supports Chrome version 85
Build info: version: '3.141.59', revision: 'e82be7d358', time: '2018-11-14T08:17:03'
System info: host: 'SANTOSH', ip: '192.168.43.236', os.name: 'Windows 10', os.arch: 'amd64', os.version: '10.0', java.version: '1.8.0_121'
Driver info: driver.version: Driver
remote stacktrace: Backtrace:
	Ordinal0 [0x00E0C933+3131699]
	Ordinal0 [0x00CF9EC1+2006721]
	Ordinal0 [0x00B9AE28+568872]
	Ordinal0 [0x00B213BF+70591]
	Ordinal0 [0x00B1CC83+52355]
	Ordinal0 [0x00B40E2C+200236]
	Ordinal0 [0x00B40C4D+199757]
	Ordinal0 [0x00B3EB3B+191291]
	Ordinal0 [0x00B22E97+77463]
	Ordinal0 [0x00B23E5E+81502]
	Ordinal0 [0x00B23DE9+81385]
	Ordinal0 [0x00D10A79+2099833]
	GetHandleVerifier [0x00F7AC3A+1396666]
	GetHandleVerifier [0x00F7A8B9+1395769]
	GetHandleVerifier [0x00F86536+1444022]
	GetHandleVerifier [0x00F7B1C8+1398088]
	Ordinal0 [0x00D07D41+2063681]
	Ordinal0 [0x00D1208B+2105483]
	Ordinal0 [0x00D121B1+2105777]
	Ordinal0 [0x00D24754+2180948]
	BaseThreadInitThunk [0x75E66359+25]
	RtlGetAppContainerNamedObjectPath [0x77A97C24+228]
	RtlGetAppContainerNamedObjectPath [0x77A97BF4+180]
]]>
            </message>
            <full-stacktrace>
              <![CDATA[org.openqa.selenium.SessionNotCreatedException: session not created: This version of ChromeDriver only supports Chrome version 85
Build info: version: '3.141.59', revision: 'e82be7d358', time: '2018-11-14T08:17:03'
System info: host: 'SANTOSH', ip: '192.168.43.236', os.name: 'Windows 10', os.arch: 'amd64', os.version: '10.0', java.version: '1.8.0_121'
Driver info: driver.version: Driver
remote stacktrace: Backtrace:
	Ordinal0 [0x00E0C933+3131699]
	Ordinal0 [0x00CF9EC1+2006721]
	Ordinal0 [0x00B9AE28+568872]
	Ordinal0 [0x00B213BF+70591]
	Ordinal0 [0x00B1CC83+52355]
	Ordinal0 [0x00B40E2C+200236]
	Ordinal0 [0x00B40C4D+199757]
	Ordinal0 [0x00B3EB3B+191291]
	Ordinal0 [0x00B22E97+77463]
	Ordinal0 [0x00B23E5E+81502]
	Ordinal0 [0x00B23DE9+81385]
	Ordinal0 [0x00D10A79+2099833]
	GetHandleVerifier [0x00F7AC3A+1396666]
	GetHandleVerifier [0x00F7A8B9+1395769]
	GetHandleVerifier [0x00F86536+1444022]
	GetHandleVerifier [0x00F7B1C8+1398088]
	Ordinal0 [0x00D07D41+2063681]
	Ordinal0 [0x00D1208B+2105483]
	Ordinal0 [0x00D121B1+2105777]
	Ordinal0 [0x00D24754+2180948]
	BaseThreadInitThunk [0x75E66359+25]
	RtlGetAppContainerNamedObjectPath [0x77A97C24+228]
	RtlGetAppContainerNamedObjectPath [0x77A97BF4+180]

	at sun.reflect.NativeConstructorAccessorImpl.newInstance0(Native Method)
	at sun.reflect.NativeConstructorAccessorImpl.newInstance(Unknown Source)
	at sun.reflect.DelegatingConstructorAccessorImpl.newInstance(Unknown Source)
	at java.lang.reflect.Constructor.newInstance(Unknown Source)
	at org.openqa.selenium.remote.W3CHandshakeResponse.lambda$errorHandler$0(W3CHandshakeResponse.java:62)
	at org.openqa.selenium.remote.HandshakeResponse.lambda$getResponseFunction$0(HandshakeResponse.java:30)
	at org.openqa.selenium.remote.ProtocolHandshake.lambda$createSession$0(ProtocolHandshake.java:126)
	at java.util.stream.ReferencePipeline$3$1.accept(Unknown Source)
	at java.util.Spliterators$ArraySpliterator.tryAdvance(Unknown Source)
	at java.util.stream.ReferencePipeline.forEachWithCancel(Unknown Source)
	at java.util.stream.AbstractPipeline.copyIntoWithCancel(Unknown Source)
	at java.util.stream.AbstractPipeline.copyInto(Unknown Source)
	at java.util.stream.AbstractPipeline.wrapAndCopyInto(Unknown Source)
	at java.util.stream.FindOps$FindOp.evaluateSequential(Unknown Source)
	at java.util.stream.AbstractPipeline.evaluate(Unknown Source)
	at java.util.stream.ReferencePipeline.findFirst(Unknown Source)
	at org.openqa.selenium.remote.ProtocolHandshake.createSession(ProtocolHandshake.java:128)
	at org.openqa.selenium.remote.ProtocolHandshake.createSession(ProtocolHandshake.java:74)
	at org.openqa.selenium.remote.HttpCommandExecutor.execute(HttpCommandExecutor.java:136)
	at org.openqa.selenium.remote.service.DriverCommandExecutor.execute(DriverCommandExecutor.java:83)
	at org.openqa.selenium.remote.RemoteWebDriver.execute(RemoteWebDriver.java:552)
	at org.openqa.selenium.remote.RemoteWebDriver.startSession(RemoteWebDriver.java:213)
	at org.openqa.selenium.remote.RemoteWebDriver.<init>(RemoteWebDriver.java:131)
	at org.openqa.selenium.chrome.ChromeDriver.<init>(ChromeDriver.java:181)
	at org.openqa.selenium.chrome.ChromeDriver.<init>(ChromeDriver.java:168)
	at org.openqa.selenium.chrome.ChromeDriver.<init>(ChromeDriver.java:123)
	at com.flipkart.base.Driver.initialize(Driver.java:56)
	at com.flipkart.tests.HomepageTest.setUp(HomepageTest.java:33)
	at sun.reflect.NativeMethodAccessorImpl.invoke0(Native Method)
	at sun.reflect.NativeMethodAccessorImpl.invoke(Unknown Source)
	at sun.reflect.DelegatingMethodAccessorImpl.invoke(Unknown Source)
	at java.lang.reflect.Method.invoke(Unknown Source)
	at org.testng.internal.MethodInvocationHelper.invokeMethod(MethodInvocationHelper.java:104)
	at org.testng.internal.Invoker.invokeConfigurationMethod(Invoker.java:515)
	at org.testng.internal.Invoker.invokeConfigurations(Invoker.java:217)
	at org.testng.internal.Invoker.invokeMethod(Invoker.java:590)
	at org.testng.internal.Invoker.invokeTestMethod(Invoker.java:851)
	at org.testng.internal.Invoker.invokeTestMethods(Invoker.java:1177)
	at org.testng.internal.TestMethodWorker.invokeTestMethods(TestMethodWorker.java:129)
	at org.testng.internal.TestMethodWorker.run(TestMethodWorker.java:112)
	at org.testng.TestRunner.privateRun(TestRunner.java:756)
	at org.testng.TestRunner.run(TestRunner.java:610)
	at org.testng.SuiteRunner.runTest(SuiteRunner.java:387)
	at org.testng.SuiteRunner.runSequentially(SuiteRunner.java:382)
	at org.testng.SuiteRunner.privateRun(SuiteRunner.java:340)
	at org.testng.SuiteRunner.run(SuiteRunner.java:289)
	at org.testng.SuiteRunnerWorker.runSuite(SuiteRunnerWorker.java:52)
	at org.testng.SuiteRunnerWorker.run(SuiteRunnerWorker.java:86)
	at org.testng.TestNG.runSuitesSequentially(TestNG.java:1293)
	at org.testng.TestNG.runSuitesLocally(TestNG.java:1218)
	at org.testng.TestNG.runSuites(TestNG.java:1133)
	at org.testng.TestNG.run(TestNG.java:1104)
	at org.testng.remote.AbstractRemoteTestNG.run(AbstractRemoteTestNG.java:132)
	at org.testng.remote.RemoteTestNG.initAndRun(RemoteTestNG.java:236)
	at org.testng.remote.RemoteTestNG.main(RemoteTestNG.java:81)
]]>
            </full-stacktrace>
          </exception> <!-- org.openqa.selenium.SessionNotCreatedException -->
          <reporter-output>
          </reporter-output>
        </test-method> <!-- searchProductFromHomepage -->
        <test-method status="SKIP" signature="teardown()[pri:0, instance:com.flipkart.tests.HomepageTest@55141def]" name="teardown" is-config="true" duration-ms="0" started-at="2020-08-12T20:51:09Z" finished-at="2020-08-12T20:51:09Z">
          <reporter-output>
          </reporter-output>
        </test-method> <!-- teardown -->
      </class> <!-- com.flipkart.tests.HomepageTest -->
    </test> <!-- HomePageTest -->
    <test name="SearchPageTest" duration-ms="2054" started-at="2020-08-12T15:21:09Z" finished-at="2020-08-12T15:21:11Z">
      <class name="com.flipkart.tests.SearchPageTest">
        <test-method status="FAIL" signature="setUp()[pri:0, instance:com.flipkart.tests.SearchPageTest@77888435]" name="setUp" is-config="true" duration-ms="0" started-at="2020-08-12T20:51:09Z" finished-at="2020-08-12T20:51:09Z">
          <exception class="org.openqa.selenium.SessionNotCreatedException">
            <message>
              <![CDATA[session not created: This version of ChromeDriver only supports Chrome version 85
Build info: version: '3.141.59', revision: 'e82be7d358', time: '2018-11-14T08:17:03'
System info: host: 'SANTOSH', ip: '192.168.43.236', os.name: 'Windows 10', os.arch: 'amd64', os.version: '10.0', java.version: '1.8.0_121'
Driver info: driver.version: Driver
remote stacktrace: Backtrace:
	Ordinal0 [0x00E0C933+3131699]
	Ordinal0 [0x00CF9EC1+2006721]
	Ordinal0 [0x00B9AE28+568872]
	Ordinal0 [0x00B213BF+70591]
	Ordinal0 [0x00B1CC83+52355]
	Ordinal0 [0x00B40E2C+200236]
	Ordinal0 [0x00B40C4D+199757]
	Ordinal0 [0x00B3EB3B+191291]
	Ordinal0 [0x00B22E97+77463]
	Ordinal0 [0x00B23E5E+81502]
	Ordinal0 [0x00B23DE9+81385]
	Ordinal0 [0x00D10A79+2099833]
	GetHandleVerifier [0x00F7AC3A+1396666]
	GetHandleVerifier [0x00F7A8B9+1395769]
	GetHandleVerifier [0x00F86536+1444022]
	GetHandleVerifier [0x00F7B1C8+1398088]
	Ordinal0 [0x00D07D41+2063681]
	Ordinal0 [0x00D1208B+2105483]
	Ordinal0 [0x00D121B1+2105777]
	Ordinal0 [0x00D24754+2180948]
	BaseThreadInitThunk [0x75E66359+25]
	RtlGetAppContainerNamedObjectPath [0x77A97C24+228]
	RtlGetAppContainerNamedObjectPath [0x77A97BF4+180]
]]>
            </message>
            <full-stacktrace>
              <![CDATA[org.openqa.selenium.SessionNotCreatedException: session not created: This version of ChromeDriver only supports Chrome version 85
Build info: version: '3.141.59', revision: 'e82be7d358', time: '2018-11-14T08:17:03'
System info: host: 'SANTOSH', ip: '192.168.43.236', os.name: 'Windows 10', os.arch: 'amd64', os.version: '10.0', java.version: '1.8.0_121'
Driver info: driver.version: Driver
remote stacktrace: Backtrace:
	Ordinal0 [0x00E0C933+3131699]
	Ordinal0 [0x00CF9EC1+2006721]
	Ordinal0 [0x00B9AE28+568872]
	Ordinal0 [0x00B213BF+70591]
	Ordinal0 [0x00B1CC83+52355]
	Ordinal0 [0x00B40E2C+200236]
	Ordinal0 [0x00B40C4D+199757]
	Ordinal0 [0x00B3EB3B+191291]
	Ordinal0 [0x00B22E97+77463]
	Ordinal0 [0x00B23E5E+81502]
	Ordinal0 [0x00B23DE9+81385]
	Ordinal0 [0x00D10A79+2099833]
	GetHandleVerifier [0x00F7AC3A+1396666]
	GetHandleVerifier [0x00F7A8B9+1395769]
	GetHandleVerifier [0x00F86536+1444022]
	GetHandleVerifier [0x00F7B1C8+1398088]
	Ordinal0 [0x00D07D41+2063681]
	Ordinal0 [0x00D1208B+2105483]
	Ordinal0 [0x00D121B1+2105777]
	Ordinal0 [0x00D24754+2180948]
	BaseThreadInitThunk [0x75E66359+25]
	RtlGetAppContainerNamedObjectPath [0x77A97C24+228]
	RtlGetAppContainerNamedObjectPath [0x77A97BF4+180]

	at sun.reflect.NativeConstructorAccessorImpl.newInstance0(Native Method)
	at sun.reflect.NativeConstructorAccessorImpl.newInstance(Unknown Source)
	at sun.reflect.DelegatingConstructorAccessorImpl.newInstance(Unknown Source)
	at java.lang.reflect.Constructor.newInstance(Unknown Source)
	at org.openqa.selenium.remote.W3CHandshakeResponse.lambda$errorHandler$0(W3CHandshakeResponse.java:62)
	at org.openqa.selenium.remote.HandshakeResponse.lambda$getResponseFunction$0(HandshakeResponse.java:30)
	at org.openqa.selenium.remote.ProtocolHandshake.lambda$createSession$0(ProtocolHandshake.java:126)
	at java.util.stream.ReferencePipeline$3$1.accept(Unknown Source)
	at java.util.Spliterators$ArraySpliterator.tryAdvance(Unknown Source)
	at java.util.stream.ReferencePipeline.forEachWithCancel(Unknown Source)
	at java.util.stream.AbstractPipeline.copyIntoWithCancel(Unknown Source)
	at java.util.stream.AbstractPipeline.copyInto(Unknown Source)
	at java.util.stream.AbstractPipeline.wrapAndCopyInto(Unknown Source)
	at java.util.stream.FindOps$FindOp.evaluateSequential(Unknown Source)
	at java.util.stream.AbstractPipeline.evaluate(Unknown Source)
	at java.util.stream.ReferencePipeline.findFirst(Unknown Source)
	at org.openqa.selenium.remote.ProtocolHandshake.createSession(ProtocolHandshake.java:128)
	at org.openqa.selenium.remote.ProtocolHandshake.createSession(ProtocolHandshake.java:74)
	at org.openqa.selenium.remote.HttpCommandExecutor.execute(HttpCommandExecutor.java:136)
	at org.openqa.selenium.remote.service.DriverCommandExecutor.execute(DriverCommandExecutor.java:83)
	at org.openqa.selenium.remote.RemoteWebDriver.execute(RemoteWebDriver.java:552)
	at org.openqa.selenium.remote.RemoteWebDriver.startSession(RemoteWebDriver.java:213)
	at org.openqa.selenium.remote.RemoteWebDriver.<init>(RemoteWebDriver.java:131)
	at org.openqa.selenium.chrome.ChromeDriver.<init>(ChromeDriver.java:181)
	at org.openqa.selenium.chrome.ChromeDriver.<init>(ChromeDriver.java:168)
	at org.openqa.selenium.chrome.ChromeDriver.<init>(ChromeDriver.java:123)
	at com.flipkart.base.Driver.initialize(Driver.java:56)
	at com.flipkart.tests.SearchPageTest.setUp(SearchPageTest.java:40)
	at sun.reflect.NativeMethodAccessorImpl.invoke0(Native Method)
	at sun.reflect.NativeMethodAccessorImpl.invoke(Unknown Source)
	at sun.reflect.DelegatingMethodAccessorImpl.invoke(Unknown Source)
	at java.lang.reflect.Method.invoke(Unknown Source)
	at org.testng.internal.MethodInvocationHelper.invokeMethod(MethodInvocationHelper.java:104)
	at org.testng.internal.Invoker.invokeConfigurationMethod(Invoker.java:515)
	at org.testng.internal.Invoker.invokeConfigurations(Invoker.java:217)
	at org.testng.internal.Invoker.invokeMethod(Invoker.java:590)
	at org.testng.internal.Invoker.invokeTestMethod(Invoker.java:851)
	at org.testng.internal.Invoker.invokeTestMethods(Invoker.java:1177)
	at org.testng.internal.TestMethodWorker.invokeTestMethods(TestMethodWorker.java:129)
	at org.testng.internal.TestMethodWorker.run(TestMethodWorker.java:112)
	at org.testng.TestRunner.privateRun(TestRunner.java:756)
	at org.testng.TestRunner.run(TestRunner.java:610)
	at org.testng.SuiteRunner.runTest(SuiteRunner.java:387)
	at org.testng.SuiteRunner.runSequentially(SuiteRunner.java:382)
	at org.testng.SuiteRunner.privateRun(SuiteRunner.java:340)
	at org.testng.SuiteRunner.run(SuiteRunner.java:289)
	at org.testng.SuiteRunnerWorker.runSuite(SuiteRunnerWorker.java:52)
	at org.testng.SuiteRunnerWorker.run(SuiteRunnerWorker.java:86)
	at org.testng.TestNG.runSuitesSequentially(TestNG.java:1293)
	at org.testng.TestNG.runSuitesLocally(TestNG.java:1218)
	at org.testng.TestNG.runSuites(TestNG.java:1133)
	at org.testng.TestNG.run(TestNG.java:1104)
	at org.testng.remote.AbstractRemoteTestNG.run(AbstractRemoteTestNG.java:132)
	at org.testng.remote.RemoteTestNG.initAndRun(RemoteTestNG.java:236)
	at org.testng.remote.RemoteTestNG.main(RemoteTestNG.java:81)
]]>
            </full-stacktrace>
          </exception> <!-- org.openqa.selenium.SessionNotCreatedException -->
          <reporter-output>
          </reporter-output>
        </test-method> <!-- setUp -->
        <test-method status="SKIP" signature="countProductsOnPageinSearchPage()[pri:1, instance:com.flipkart.tests.SearchPageTest@77888435]" name="countProductsOnPageinSearchPage" duration-ms="3" started-at="2020-08-12T20:51:11Z" finished-at="2020-08-12T20:51:11Z">
          <exception class="org.openqa.selenium.SessionNotCreatedException">
            <message>
              <![CDATA[session not created: This version of ChromeDriver only supports Chrome version 85
Build info: version: '3.141.59', revision: 'e82be7d358', time: '2018-11-14T08:17:03'
System info: host: 'SANTOSH', ip: '192.168.43.236', os.name: 'Windows 10', os.arch: 'amd64', os.version: '10.0', java.version: '1.8.0_121'
Driver info: driver.version: Driver
remote stacktrace: Backtrace:
	Ordinal0 [0x00E0C933+3131699]
	Ordinal0 [0x00CF9EC1+2006721]
	Ordinal0 [0x00B9AE28+568872]
	Ordinal0 [0x00B213BF+70591]
	Ordinal0 [0x00B1CC83+52355]
	Ordinal0 [0x00B40E2C+200236]
	Ordinal0 [0x00B40C4D+199757]
	Ordinal0 [0x00B3EB3B+191291]
	Ordinal0 [0x00B22E97+77463]
	Ordinal0 [0x00B23E5E+81502]
	Ordinal0 [0x00B23DE9+81385]
	Ordinal0 [0x00D10A79+2099833]
	GetHandleVerifier [0x00F7AC3A+1396666]
	GetHandleVerifier [0x00F7A8B9+1395769]
	GetHandleVerifier [0x00F86536+1444022]
	GetHandleVerifier [0x00F7B1C8+1398088]
	Ordinal0 [0x00D07D41+2063681]
	Ordinal0 [0x00D1208B+2105483]
	Ordinal0 [0x00D121B1+2105777]
	Ordinal0 [0x00D24754+2180948]
	BaseThreadInitThunk [0x75E66359+25]
	RtlGetAppContainerNamedObjectPath [0x77A97C24+228]
	RtlGetAppContainerNamedObjectPath [0x77A97BF4+180]
]]>
            </message>
            <full-stacktrace>
              <![CDATA[org.openqa.selenium.SessionNotCreatedException: session not created: This version of ChromeDriver only supports Chrome version 85
Build info: version: '3.141.59', revision: 'e82be7d358', time: '2018-11-14T08:17:03'
System info: host: 'SANTOSH', ip: '192.168.43.236', os.name: 'Windows 10', os.arch: 'amd64', os.version: '10.0', java.version: '1.8.0_121'
Driver info: driver.version: Driver
remote stacktrace: Backtrace:
	Ordinal0 [0x00E0C933+3131699]
	Ordinal0 [0x00CF9EC1+2006721]
	Ordinal0 [0x00B9AE28+568872]
	Ordinal0 [0x00B213BF+70591]
	Ordinal0 [0x00B1CC83+52355]
	Ordinal0 [0x00B40E2C+200236]
	Ordinal0 [0x00B40C4D+199757]
	Ordinal0 [0x00B3EB3B+191291]
	Ordinal0 [0x00B22E97+77463]
	Ordinal0 [0x00B23E5E+81502]
	Ordinal0 [0x00B23DE9+81385]
	Ordinal0 [0x00D10A79+2099833]
	GetHandleVerifier [0x00F7AC3A+1396666]
	GetHandleVerifier [0x00F7A8B9+1395769]
	GetHandleVerifier [0x00F86536+1444022]
	GetHandleVerifier [0x00F7B1C8+1398088]
	Ordinal0 [0x00D07D41+2063681]
	Ordinal0 [0x00D1208B+2105483]
	Ordinal0 [0x00D121B1+2105777]
	Ordinal0 [0x00D24754+2180948]
	BaseThreadInitThunk [0x75E66359+25]
	RtlGetAppContainerNamedObjectPath [0x77A97C24+228]
	RtlGetAppContainerNamedObjectPath [0x77A97BF4+180]

	at sun.reflect.NativeConstructorAccessorImpl.newInstance0(Native Method)
	at sun.reflect.NativeConstructorAccessorImpl.newInstance(Unknown Source)
	at sun.reflect.DelegatingConstructorAccessorImpl.newInstance(Unknown Source)
	at java.lang.reflect.Constructor.newInstance(Unknown Source)
	at org.openqa.selenium.remote.W3CHandshakeResponse.lambda$errorHandler$0(W3CHandshakeResponse.java:62)
	at org.openqa.selenium.remote.HandshakeResponse.lambda$getResponseFunction$0(HandshakeResponse.java:30)
	at org.openqa.selenium.remote.ProtocolHandshake.lambda$createSession$0(ProtocolHandshake.java:126)
	at java.util.stream.ReferencePipeline$3$1.accept(Unknown Source)
	at java.util.Spliterators$ArraySpliterator.tryAdvance(Unknown Source)
	at java.util.stream.ReferencePipeline.forEachWithCancel(Unknown Source)
	at java.util.stream.AbstractPipeline.copyIntoWithCancel(Unknown Source)
	at java.util.stream.AbstractPipeline.copyInto(Unknown Source)
	at java.util.stream.AbstractPipeline.wrapAndCopyInto(Unknown Source)
	at java.util.stream.FindOps$FindOp.evaluateSequential(Unknown Source)
	at java.util.stream.AbstractPipeline.evaluate(Unknown Source)
	at java.util.stream.ReferencePipeline.findFirst(Unknown Source)
	at org.openqa.selenium.remote.ProtocolHandshake.createSession(ProtocolHandshake.java:128)
	at org.openqa.selenium.remote.ProtocolHandshake.createSession(ProtocolHandshake.java:74)
	at org.openqa.selenium.remote.HttpCommandExecutor.execute(HttpCommandExecutor.java:136)
	at org.openqa.selenium.remote.service.DriverCommandExecutor.execute(DriverCommandExecutor.java:83)
	at org.openqa.selenium.remote.RemoteWebDriver.execute(RemoteWebDriver.java:552)
	at org.openqa.selenium.remote.RemoteWebDriver.startSession(RemoteWebDriver.java:213)
	at org.openqa.selenium.remote.RemoteWebDriver.<init>(RemoteWebDriver.java:131)
	at org.openqa.selenium.chrome.ChromeDriver.<init>(ChromeDriver.java:181)
	at org.openqa.selenium.chrome.ChromeDriver.<init>(ChromeDriver.java:168)
	at org.openqa.selenium.chrome.ChromeDriver.<init>(ChromeDriver.java:123)
	at com.flipkart.base.Driver.initialize(Driver.java:56)
	at com.flipkart.tests.SearchPageTest.setUp(SearchPageTest.java:40)
	at sun.reflect.NativeMethodAccessorImpl.invoke0(Native Method)
	at sun.reflect.NativeMethodAccessorImpl.invoke(Unknown Source)
	at sun.reflect.DelegatingMethodAccessorImpl.invoke(Unknown Source)
	at java.lang.reflect.Method.invoke(Unknown Source)
	at org.testng.internal.MethodInvocationHelper.invokeMethod(MethodInvocationHelper.java:104)
	at org.testng.internal.Invoker.invokeConfigurationMethod(Invoker.java:515)
	at org.testng.internal.Invoker.invokeConfigurations(Invoker.java:217)
	at org.testng.internal.Invoker.invokeMethod(Invoker.java:590)
	at org.testng.internal.Invoker.invokeTestMethod(Invoker.java:851)
	at org.testng.internal.Invoker.invokeTestMethods(Invoker.java:1177)
	at org.testng.internal.TestMethodWorker.invokeTestMethods(TestMethodWorker.java:129)
	at org.testng.internal.TestMethodWorker.run(TestMethodWorker.java:112)
	at org.testng.TestRunner.privateRun(TestRunner.java:756)
	at org.testng.TestRunner.run(TestRunner.java:610)
	at org.testng.SuiteRunner.runTest(SuiteRunner.java:387)
	at org.testng.SuiteRunner.runSequentially(SuiteRunner.java:382)
	at org.testng.SuiteRunner.privateRun(SuiteRunner.java:340)
	at org.testng.SuiteRunner.run(SuiteRunner.java:289)
	at org.testng.SuiteRunnerWorker.runSuite(SuiteRunnerWorker.java:52)
	at org.testng.SuiteRunnerWorker.run(SuiteRunnerWorker.java:86)
	at org.testng.TestNG.runSuitesSequentially(TestNG.java:1293)
	at org.testng.TestNG.runSuitesLocally(TestNG.java:1218)
	at org.testng.TestNG.runSuites(TestNG.java:1133)
	at org.testng.TestNG.run(TestNG.java:1104)
	at org.testng.remote.AbstractRemoteTestNG.run(AbstractRemoteTestNG.java:132)
	at org.testng.remote.RemoteTestNG.initAndRun(RemoteTestNG.java:236)
	at org.testng.remote.RemoteTestNG.main(RemoteTestNG.java:81)
]]>
            </full-stacktrace>
          </exception> <!-- org.openqa.selenium.SessionNotCreatedException -->
          <reporter-output>
          </reporter-output>
        </test-method> <!-- countProductsOnPageinSearchPage -->
        <test-method status="SKIP" signature="teardown()[pri:0, instance:com.flipkart.tests.SearchPageTest@77888435]" name="teardown" is-config="true" duration-ms="0" started-at="2020-08-12T20:51:11Z" finished-at="2020-08-12T20:51:11Z">
          <reporter-output>
          </reporter-output>
        </test-method> <!-- teardown -->
        <test-method status="SKIP" signature="setUp()[pri:0, instance:com.flipkart.tests.SearchPageTest@77888435]" name="setUp" is-config="true" duration-ms="0" started-at="2020-08-12T20:51:11Z" finished-at="2020-08-12T20:51:11Z">
          <reporter-output>
          </reporter-output>
        </test-method> <!-- setUp -->
        <test-method status="SKIP" signature="clickonProductinSearchPage()[pri:2, instance:com.flipkart.tests.SearchPageTest@77888435]" name="clickonProductinSearchPage" duration-ms="7" started-at="2020-08-12T20:51:11Z" finished-at="2020-08-12T20:51:11Z">
          <exception class="org.openqa.selenium.SessionNotCreatedException">
            <message>
              <![CDATA[session not created: This version of ChromeDriver only supports Chrome version 85
Build info: version: '3.141.59', revision: 'e82be7d358', time: '2018-11-14T08:17:03'
System info: host: 'SANTOSH', ip: '192.168.43.236', os.name: 'Windows 10', os.arch: 'amd64', os.version: '10.0', java.version: '1.8.0_121'
Driver info: driver.version: Driver
remote stacktrace: Backtrace:
	Ordinal0 [0x00E0C933+3131699]
	Ordinal0 [0x00CF9EC1+2006721]
	Ordinal0 [0x00B9AE28+568872]
	Ordinal0 [0x00B213BF+70591]
	Ordinal0 [0x00B1CC83+52355]
	Ordinal0 [0x00B40E2C+200236]
	Ordinal0 [0x00B40C4D+199757]
	Ordinal0 [0x00B3EB3B+191291]
	Ordinal0 [0x00B22E97+77463]
	Ordinal0 [0x00B23E5E+81502]
	Ordinal0 [0x00B23DE9+81385]
	Ordinal0 [0x00D10A79+2099833]
	GetHandleVerifier [0x00F7AC3A+1396666]
	GetHandleVerifier [0x00F7A8B9+1395769]
	GetHandleVerifier [0x00F86536+1444022]
	GetHandleVerifier [0x00F7B1C8+1398088]
	Ordinal0 [0x00D07D41+2063681]
	Ordinal0 [0x00D1208B+2105483]
	Ordinal0 [0x00D121B1+2105777]
	Ordinal0 [0x00D24754+2180948]
	BaseThreadInitThunk [0x75E66359+25]
	RtlGetAppContainerNamedObjectPath [0x77A97C24+228]
	RtlGetAppContainerNamedObjectPath [0x77A97BF4+180]
]]>
            </message>
            <full-stacktrace>
              <![CDATA[org.openqa.selenium.SessionNotCreatedException: session not created: This version of ChromeDriver only supports Chrome version 85
Build info: version: '3.141.59', revision: 'e82be7d358', time: '2018-11-14T08:17:03'
System info: host: 'SANTOSH', ip: '192.168.43.236', os.name: 'Windows 10', os.arch: 'amd64', os.version: '10.0', java.version: '1.8.0_121'
Driver info: driver.version: Driver
remote stacktrace: Backtrace:
	Ordinal0 [0x00E0C933+3131699]
	Ordinal0 [0x00CF9EC1+2006721]
	Ordinal0 [0x00B9AE28+568872]
	Ordinal0 [0x00B213BF+70591]
	Ordinal0 [0x00B1CC83+52355]
	Ordinal0 [0x00B40E2C+200236]
	Ordinal0 [0x00B40C4D+199757]
	Ordinal0 [0x00B3EB3B+191291]
	Ordinal0 [0x00B22E97+77463]
	Ordinal0 [0x00B23E5E+81502]
	Ordinal0 [0x00B23DE9+81385]
	Ordinal0 [0x00D10A79+2099833]
	GetHandleVerifier [0x00F7AC3A+1396666]
	GetHandleVerifier [0x00F7A8B9+1395769]
	GetHandleVerifier [0x00F86536+1444022]
	GetHandleVerifier [0x00F7B1C8+1398088]
	Ordinal0 [0x00D07D41+2063681]
	Ordinal0 [0x00D1208B+2105483]
	Ordinal0 [0x00D121B1+2105777]
	Ordinal0 [0x00D24754+2180948]
	BaseThreadInitThunk [0x75E66359+25]
	RtlGetAppContainerNamedObjectPath [0x77A97C24+228]
	RtlGetAppContainerNamedObjectPath [0x77A97BF4+180]

	at sun.reflect.NativeConstructorAccessorImpl.newInstance0(Native Method)
	at sun.reflect.NativeConstructorAccessorImpl.newInstance(Unknown Source)
	at sun.reflect.DelegatingConstructorAccessorImpl.newInstance(Unknown Source)
	at java.lang.reflect.Constructor.newInstance(Unknown Source)
	at org.openqa.selenium.remote.W3CHandshakeResponse.lambda$errorHandler$0(W3CHandshakeResponse.java:62)
	at org.openqa.selenium.remote.HandshakeResponse.lambda$getResponseFunction$0(HandshakeResponse.java:30)
	at org.openqa.selenium.remote.ProtocolHandshake.lambda$createSession$0(ProtocolHandshake.java:126)
	at java.util.stream.ReferencePipeline$3$1.accept(Unknown Source)
	at java.util.Spliterators$ArraySpliterator.tryAdvance(Unknown Source)
	at java.util.stream.ReferencePipeline.forEachWithCancel(Unknown Source)
	at java.util.stream.AbstractPipeline.copyIntoWithCancel(Unknown Source)
	at java.util.stream.AbstractPipeline.copyInto(Unknown Source)
	at java.util.stream.AbstractPipeline.wrapAndCopyInto(Unknown Source)
	at java.util.stream.FindOps$FindOp.evaluateSequential(Unknown Source)
	at java.util.stream.AbstractPipeline.evaluate(Unknown Source)
	at java.util.stream.ReferencePipeline.findFirst(Unknown Source)
	at org.openqa.selenium.remote.ProtocolHandshake.createSession(ProtocolHandshake.java:128)
	at org.openqa.selenium.remote.ProtocolHandshake.createSession(ProtocolHandshake.java:74)
	at org.openqa.selenium.remote.HttpCommandExecutor.execute(HttpCommandExecutor.java:136)
	at org.openqa.selenium.remote.service.DriverCommandExecutor.execute(DriverCommandExecutor.java:83)
	at org.openqa.selenium.remote.RemoteWebDriver.execute(RemoteWebDriver.java:552)
	at org.openqa.selenium.remote.RemoteWebDriver.startSession(RemoteWebDriver.java:213)
	at org.openqa.selenium.remote.RemoteWebDriver.<init>(RemoteWebDriver.java:131)
	at org.openqa.selenium.chrome.ChromeDriver.<init>(ChromeDriver.java:181)
	at org.openqa.selenium.chrome.ChromeDriver.<init>(ChromeDriver.java:168)
	at org.openqa.selenium.chrome.ChromeDriver.<init>(ChromeDriver.java:123)
	at com.flipkart.base.Driver.initialize(Driver.java:56)
	at com.flipkart.tests.SearchPageTest.setUp(SearchPageTest.java:40)
	at sun.reflect.NativeMethodAccessorImpl.invoke0(Native Method)
	at sun.reflect.NativeMethodAccessorImpl.invoke(Unknown Source)
	at sun.reflect.DelegatingMethodAccessorImpl.invoke(Unknown Source)
	at java.lang.reflect.Method.invoke(Unknown Source)
	at org.testng.internal.MethodInvocationHelper.invokeMethod(MethodInvocationHelper.java:104)
	at org.testng.internal.Invoker.invokeConfigurationMethod(Invoker.java:515)
	at org.testng.internal.Invoker.invokeConfigurations(Invoker.java:217)
	at org.testng.internal.Invoker.invokeMethod(Invoker.java:590)
	at org.testng.internal.Invoker.invokeTestMethod(Invoker.java:851)
	at org.testng.internal.Invoker.invokeTestMethods(Invoker.java:1177)
	at org.testng.internal.TestMethodWorker.invokeTestMethods(TestMethodWorker.java:129)
	at org.testng.internal.TestMethodWorker.run(TestMethodWorker.java:112)
	at org.testng.TestRunner.privateRun(TestRunner.java:756)
	at org.testng.TestRunner.run(TestRunner.java:610)
	at org.testng.SuiteRunner.runTest(SuiteRunner.java:387)
	at org.testng.SuiteRunner.runSequentially(SuiteRunner.java:382)
	at org.testng.SuiteRunner.privateRun(SuiteRunner.java:340)
	at org.testng.SuiteRunner.run(SuiteRunner.java:289)
	at org.testng.SuiteRunnerWorker.runSuite(SuiteRunnerWorker.java:52)
	at org.testng.SuiteRunnerWorker.run(SuiteRunnerWorker.java:86)
	at org.testng.TestNG.runSuitesSequentially(TestNG.java:1293)
	at org.testng.TestNG.runSuitesLocally(TestNG.java:1218)
	at org.testng.TestNG.runSuites(TestNG.java:1133)
	at org.testng.TestNG.run(TestNG.java:1104)
	at org.testng.remote.AbstractRemoteTestNG.run(AbstractRemoteTestNG.java:132)
	at org.testng.remote.RemoteTestNG.initAndRun(RemoteTestNG.java:236)
	at org.testng.remote.RemoteTestNG.main(RemoteTestNG.java:81)
]]>
            </full-stacktrace>
          </exception> <!-- org.openqa.selenium.SessionNotCreatedException -->
          <reporter-output>
          </reporter-output>
        </test-method> <!-- clickonProductinSearchPage -->
        <test-method status="SKIP" signature="teardown()[pri:0, instance:com.flipkart.tests.SearchPageTest@77888435]" name="teardown" is-config="true" duration-ms="0" started-at="2020-08-12T20:51:11Z" finished-at="2020-08-12T20:51:11Z">
          <reporter-output>
          </reporter-output>
        </test-method> <!-- teardown -->
      </class> <!-- com.flipkart.tests.SearchPageTest -->
    </test> <!-- SearchPageTest -->
    <test name="ProductpageTest" duration-ms="2187" started-at="2020-08-12T15:21:11Z" finished-at="2020-08-12T15:21:13Z">
      <class name="com.flipkart.tests.ProductpageTest">
        <test-method status="FAIL" signature="setUp()[pri:0, instance:com.flipkart.tests.ProductpageTest@3e694b3f]" name="setUp" is-config="true" duration-ms="0" started-at="2020-08-12T20:51:11Z" finished-at="2020-08-12T20:51:11Z">
          <exception class="org.openqa.selenium.SessionNotCreatedException">
            <message>
              <![CDATA[session not created: This version of ChromeDriver only supports Chrome version 85
Build info: version: '3.141.59', revision: 'e82be7d358', time: '2018-11-14T08:17:03'
System info: host: 'SANTOSH', ip: '192.168.43.236', os.name: 'Windows 10', os.arch: 'amd64', os.version: '10.0', java.version: '1.8.0_121'
Driver info: driver.version: Driver
remote stacktrace: Backtrace:
	Ordinal0 [0x00E0C933+3131699]
	Ordinal0 [0x00CF9EC1+2006721]
	Ordinal0 [0x00B9AE28+568872]
	Ordinal0 [0x00B213BF+70591]
	Ordinal0 [0x00B1CC83+52355]
	Ordinal0 [0x00B40E2C+200236]
	Ordinal0 [0x00B40C4D+199757]
	Ordinal0 [0x00B3EB3B+191291]
	Ordinal0 [0x00B22E97+77463]
	Ordinal0 [0x00B23E5E+81502]
	Ordinal0 [0x00B23DE9+81385]
	Ordinal0 [0x00D10A79+2099833]
	GetHandleVerifier [0x00F7AC3A+1396666]
	GetHandleVerifier [0x00F7A8B9+1395769]
	GetHandleVerifier [0x00F86536+1444022]
	GetHandleVerifier [0x00F7B1C8+1398088]
	Ordinal0 [0x00D07D41+2063681]
	Ordinal0 [0x00D1208B+2105483]
	Ordinal0 [0x00D121B1+2105777]
	Ordinal0 [0x00D24754+2180948]
	BaseThreadInitThunk [0x75E66359+25]
	RtlGetAppContainerNamedObjectPath [0x77A97C24+228]
	RtlGetAppContainerNamedObjectPath [0x77A97BF4+180]
]]>
            </message>
            <full-stacktrace>
              <![CDATA[org.openqa.selenium.SessionNotCreatedException: session not created: This version of ChromeDriver only supports Chrome version 85
Build info: version: '3.141.59', revision: 'e82be7d358', time: '2018-11-14T08:17:03'
System info: host: 'SANTOSH', ip: '192.168.43.236', os.name: 'Windows 10', os.arch: 'amd64', os.version: '10.0', java.version: '1.8.0_121'
Driver info: driver.version: Driver
remote stacktrace: Backtrace:
	Ordinal0 [0x00E0C933+3131699]
	Ordinal0 [0x00CF9EC1+2006721]
	Ordinal0 [0x00B9AE28+568872]
	Ordinal0 [0x00B213BF+70591]
	Ordinal0 [0x00B1CC83+52355]
	Ordinal0 [0x00B40E2C+200236]
	Ordinal0 [0x00B40C4D+199757]
	Ordinal0 [0x00B3EB3B+191291]
	Ordinal0 [0x00B22E97+77463]
	Ordinal0 [0x00B23E5E+81502]
	Ordinal0 [0x00B23DE9+81385]
	Ordinal0 [0x00D10A79+2099833]
	GetHandleVerifier [0x00F7AC3A+1396666]
	GetHandleVerifier [0x00F7A8B9+1395769]
	GetHandleVerifier [0x00F86536+1444022]
	GetHandleVerifier [0x00F7B1C8+1398088]
	Ordinal0 [0x00D07D41+2063681]
	Ordinal0 [0x00D1208B+2105483]
	Ordinal0 [0x00D121B1+2105777]
	Ordinal0 [0x00D24754+2180948]
	BaseThreadInitThunk [0x75E66359+25]
	RtlGetAppContainerNamedObjectPath [0x77A97C24+228]
	RtlGetAppContainerNamedObjectPath [0x77A97BF4+180]

	at sun.reflect.NativeConstructorAccessorImpl.newInstance0(Native Method)
	at sun.reflect.NativeConstructorAccessorImpl.newInstance(Unknown Source)
	at sun.reflect.DelegatingConstructorAccessorImpl.newInstance(Unknown Source)
	at java.lang.reflect.Constructor.newInstance(Unknown Source)
	at org.openqa.selenium.remote.W3CHandshakeResponse.lambda$errorHandler$0(W3CHandshakeResponse.java:62)
	at org.openqa.selenium.remote.HandshakeResponse.lambda$getResponseFunction$0(HandshakeResponse.java:30)
	at org.openqa.selenium.remote.ProtocolHandshake.lambda$createSession$0(ProtocolHandshake.java:126)
	at java.util.stream.ReferencePipeline$3$1.accept(Unknown Source)
	at java.util.Spliterators$ArraySpliterator.tryAdvance(Unknown Source)
	at java.util.stream.ReferencePipeline.forEachWithCancel(Unknown Source)
	at java.util.stream.AbstractPipeline.copyIntoWithCancel(Unknown Source)
	at java.util.stream.AbstractPipeline.copyInto(Unknown Source)
	at java.util.stream.AbstractPipeline.wrapAndCopyInto(Unknown Source)
	at java.util.stream.FindOps$FindOp.evaluateSequential(Unknown Source)
	at java.util.stream.AbstractPipeline.evaluate(Unknown Source)
	at java.util.stream.ReferencePipeline.findFirst(Unknown Source)
	at org.openqa.selenium.remote.ProtocolHandshake.createSession(ProtocolHandshake.java:128)
	at org.openqa.selenium.remote.ProtocolHandshake.createSession(ProtocolHandshake.java:74)
	at org.openqa.selenium.remote.HttpCommandExecutor.execute(HttpCommandExecutor.java:136)
	at org.openqa.selenium.remote.service.DriverCommandExecutor.execute(DriverCommandExecutor.java:83)
	at org.openqa.selenium.remote.RemoteWebDriver.execute(RemoteWebDriver.java:552)
	at org.openqa.selenium.remote.RemoteWebDriver.startSession(RemoteWebDriver.java:213)
	at org.openqa.selenium.remote.RemoteWebDriver.<init>(RemoteWebDriver.java:131)
	at org.openqa.selenium.chrome.ChromeDriver.<init>(ChromeDriver.java:181)
	at org.openqa.selenium.chrome.ChromeDriver.<init>(ChromeDriver.java:168)
	at org.openqa.selenium.chrome.ChromeDriver.<init>(ChromeDriver.java:123)
	at com.flipkart.base.Driver.initialize(Driver.java:56)
	at com.flipkart.tests.ProductpageTest.setUp(ProductpageTest.java:35)
	at sun.reflect.NativeMethodAccessorImpl.invoke0(Native Method)
	at sun.reflect.NativeMethodAccessorImpl.invoke(Unknown Source)
	at sun.reflect.DelegatingMethodAccessorImpl.invoke(Unknown Source)
	at java.lang.reflect.Method.invoke(Unknown Source)
	at org.testng.internal.MethodInvocationHelper.invokeMethod(MethodInvocationHelper.java:104)
	at org.testng.internal.Invoker.invokeConfigurationMethod(Invoker.java:515)
	at org.testng.internal.Invoker.invokeConfigurations(Invoker.java:217)
	at org.testng.internal.Invoker.invokeMethod(Invoker.java:590)
	at org.testng.internal.Invoker.invokeTestMethod(Invoker.java:851)
	at org.testng.internal.Invoker.invokeTestMethods(Invoker.java:1177)
	at org.testng.internal.TestMethodWorker.invokeTestMethods(TestMethodWorker.java:129)
	at org.testng.internal.TestMethodWorker.run(TestMethodWorker.java:112)
	at org.testng.TestRunner.privateRun(TestRunner.java:756)
	at org.testng.TestRunner.run(TestRunner.java:610)
	at org.testng.SuiteRunner.runTest(SuiteRunner.java:387)
	at org.testng.SuiteRunner.runSequentially(SuiteRunner.java:382)
	at org.testng.SuiteRunner.privateRun(SuiteRunner.java:340)
	at org.testng.SuiteRunner.run(SuiteRunner.java:289)
	at org.testng.SuiteRunnerWorker.runSuite(SuiteRunnerWorker.java:52)
	at org.testng.SuiteRunnerWorker.run(SuiteRunnerWorker.java:86)
	at org.testng.TestNG.runSuitesSequentially(TestNG.java:1293)
	at org.testng.TestNG.runSuitesLocally(TestNG.java:1218)
	at org.testng.TestNG.runSuites(TestNG.java:1133)
	at org.testng.TestNG.run(TestNG.java:1104)
	at org.testng.remote.AbstractRemoteTestNG.run(AbstractRemoteTestNG.java:132)
	at org.testng.remote.RemoteTestNG.initAndRun(RemoteTestNG.java:236)
	at org.testng.remote.RemoteTestNG.main(RemoteTestNG.java:81)
]]>
            </full-stacktrace>
          </exception> <!-- org.openqa.selenium.SessionNotCreatedException -->
          <reporter-output>
          </reporter-output>
        </test-method> <!-- setUp -->
        <test-method status="SKIP" signature="verifyCartAdditionfromProductPage()[pri:0, instance:com.flipkart.tests.ProductpageTest@3e694b3f]" name="verifyCartAdditionfromProductPage" duration-ms="3" started-at="2020-08-12T20:51:13Z" finished-at="2020-08-12T20:51:13Z">
          <exception class="org.openqa.selenium.SessionNotCreatedException">
            <message>
              <![CDATA[session not created: This version of ChromeDriver only supports Chrome version 85
Build info: version: '3.141.59', revision: 'e82be7d358', time: '2018-11-14T08:17:03'
System info: host: 'SANTOSH', ip: '192.168.43.236', os.name: 'Windows 10', os.arch: 'amd64', os.version: '10.0', java.version: '1.8.0_121'
Driver info: driver.version: Driver
remote stacktrace: Backtrace:
	Ordinal0 [0x00E0C933+3131699]
	Ordinal0 [0x00CF9EC1+2006721]
	Ordinal0 [0x00B9AE28+568872]
	Ordinal0 [0x00B213BF+70591]
	Ordinal0 [0x00B1CC83+52355]
	Ordinal0 [0x00B40E2C+200236]
	Ordinal0 [0x00B40C4D+199757]
	Ordinal0 [0x00B3EB3B+191291]
	Ordinal0 [0x00B22E97+77463]
	Ordinal0 [0x00B23E5E+81502]
	Ordinal0 [0x00B23DE9+81385]
	Ordinal0 [0x00D10A79+2099833]
	GetHandleVerifier [0x00F7AC3A+1396666]
	GetHandleVerifier [0x00F7A8B9+1395769]
	GetHandleVerifier [0x00F86536+1444022]
	GetHandleVerifier [0x00F7B1C8+1398088]
	Ordinal0 [0x00D07D41+2063681]
	Ordinal0 [0x00D1208B+2105483]
	Ordinal0 [0x00D121B1+2105777]
	Ordinal0 [0x00D24754+2180948]
	BaseThreadInitThunk [0x75E66359+25]
	RtlGetAppContainerNamedObjectPath [0x77A97C24+228]
	RtlGetAppContainerNamedObjectPath [0x77A97BF4+180]
]]>
            </message>
            <full-stacktrace>
              <![CDATA[org.openqa.selenium.SessionNotCreatedException: session not created: This version of ChromeDriver only supports Chrome version 85
Build info: version: '3.141.59', revision: 'e82be7d358', time: '2018-11-14T08:17:03'
System info: host: 'SANTOSH', ip: '192.168.43.236', os.name: 'Windows 10', os.arch: 'amd64', os.version: '10.0', java.version: '1.8.0_121'
Driver info: driver.version: Driver
remote stacktrace: Backtrace:
	Ordinal0 [0x00E0C933+3131699]
	Ordinal0 [0x00CF9EC1+2006721]
	Ordinal0 [0x00B9AE28+568872]
	Ordinal0 [0x00B213BF+70591]
	Ordinal0 [0x00B1CC83+52355]
	Ordinal0 [0x00B40E2C+200236]
	Ordinal0 [0x00B40C4D+199757]
	Ordinal0 [0x00B3EB3B+191291]
	Ordinal0 [0x00B22E97+77463]
	Ordinal0 [0x00B23E5E+81502]
	Ordinal0 [0x00B23DE9+81385]
	Ordinal0 [0x00D10A79+2099833]
	GetHandleVerifier [0x00F7AC3A+1396666]
	GetHandleVerifier [0x00F7A8B9+1395769]
	GetHandleVerifier [0x00F86536+1444022]
	GetHandleVerifier [0x00F7B1C8+1398088]
	Ordinal0 [0x00D07D41+2063681]
	Ordinal0 [0x00D1208B+2105483]
	Ordinal0 [0x00D121B1+2105777]
	Ordinal0 [0x00D24754+2180948]
	BaseThreadInitThunk [0x75E66359+25]
	RtlGetAppContainerNamedObjectPath [0x77A97C24+228]
	RtlGetAppContainerNamedObjectPath [0x77A97BF4+180]

	at sun.reflect.NativeConstructorAccessorImpl.newInstance0(Native Method)
	at sun.reflect.NativeConstructorAccessorImpl.newInstance(Unknown Source)
	at sun.reflect.DelegatingConstructorAccessorImpl.newInstance(Unknown Source)
	at java.lang.reflect.Constructor.newInstance(Unknown Source)
	at org.openqa.selenium.remote.W3CHandshakeResponse.lambda$errorHandler$0(W3CHandshakeResponse.java:62)
	at org.openqa.selenium.remote.HandshakeResponse.lambda$getResponseFunction$0(HandshakeResponse.java:30)
	at org.openqa.selenium.remote.ProtocolHandshake.lambda$createSession$0(ProtocolHandshake.java:126)
	at java.util.stream.ReferencePipeline$3$1.accept(Unknown Source)
	at java.util.Spliterators$ArraySpliterator.tryAdvance(Unknown Source)
	at java.util.stream.ReferencePipeline.forEachWithCancel(Unknown Source)
	at java.util.stream.AbstractPipeline.copyIntoWithCancel(Unknown Source)
	at java.util.stream.AbstractPipeline.copyInto(Unknown Source)
	at java.util.stream.AbstractPipeline.wrapAndCopyInto(Unknown Source)
	at java.util.stream.FindOps$FindOp.evaluateSequential(Unknown Source)
	at java.util.stream.AbstractPipeline.evaluate(Unknown Source)
	at java.util.stream.ReferencePipeline.findFirst(Unknown Source)
	at org.openqa.selenium.remote.ProtocolHandshake.createSession(ProtocolHandshake.java:128)
	at org.openqa.selenium.remote.ProtocolHandshake.createSession(ProtocolHandshake.java:74)
	at org.openqa.selenium.remote.HttpCommandExecutor.execute(HttpCommandExecutor.java:136)
	at org.openqa.selenium.remote.service.DriverCommandExecutor.execute(DriverCommandExecutor.java:83)
	at org.openqa.selenium.remote.RemoteWebDriver.execute(RemoteWebDriver.java:552)
	at org.openqa.selenium.remote.RemoteWebDriver.startSession(RemoteWebDriver.java:213)
	at org.openqa.selenium.remote.RemoteWebDriver.<init>(RemoteWebDriver.java:131)
	at org.openqa.selenium.chrome.ChromeDriver.<init>(ChromeDriver.java:181)
	at org.openqa.selenium.chrome.ChromeDriver.<init>(ChromeDriver.java:168)
	at org.openqa.selenium.chrome.ChromeDriver.<init>(ChromeDriver.java:123)
	at com.flipkart.base.Driver.initialize(Driver.java:56)
	at com.flipkart.tests.ProductpageTest.setUp(ProductpageTest.java:35)
	at sun.reflect.NativeMethodAccessorImpl.invoke0(Native Method)
	at sun.reflect.NativeMethodAccessorImpl.invoke(Unknown Source)
	at sun.reflect.DelegatingMethodAccessorImpl.invoke(Unknown Source)
	at java.lang.reflect.Method.invoke(Unknown Source)
	at org.testng.internal.MethodInvocationHelper.invokeMethod(MethodInvocationHelper.java:104)
	at org.testng.internal.Invoker.invokeConfigurationMethod(Invoker.java:515)
	at org.testng.internal.Invoker.invokeConfigurations(Invoker.java:217)
	at org.testng.internal.Invoker.invokeMethod(Invoker.java:590)
	at org.testng.internal.Invoker.invokeTestMethod(Invoker.java:851)
	at org.testng.internal.Invoker.invokeTestMethods(Invoker.java:1177)
	at org.testng.internal.TestMethodWorker.invokeTestMethods(TestMethodWorker.java:129)
	at org.testng.internal.TestMethodWorker.run(TestMethodWorker.java:112)
	at org.testng.TestRunner.privateRun(TestRunner.java:756)
	at org.testng.TestRunner.run(TestRunner.java:610)
	at org.testng.SuiteRunner.runTest(SuiteRunner.java:387)
	at org.testng.SuiteRunner.runSequentially(SuiteRunner.java:382)
	at org.testng.SuiteRunner.privateRun(SuiteRunner.java:340)
	at org.testng.SuiteRunner.run(SuiteRunner.java:289)
	at org.testng.SuiteRunnerWorker.runSuite(SuiteRunnerWorker.java:52)
	at org.testng.SuiteRunnerWorker.run(SuiteRunnerWorker.java:86)
	at org.testng.TestNG.runSuitesSequentially(TestNG.java:1293)
	at org.testng.TestNG.runSuitesLocally(TestNG.java:1218)
	at org.testng.TestNG.runSuites(TestNG.java:1133)
	at org.testng.TestNG.run(TestNG.java:1104)
	at org.testng.remote.AbstractRemoteTestNG.run(AbstractRemoteTestNG.java:132)
	at org.testng.remote.RemoteTestNG.initAndRun(RemoteTestNG.java:236)
	at org.testng.remote.RemoteTestNG.main(RemoteTestNG.java:81)
]]>
            </full-stacktrace>
          </exception> <!-- org.openqa.selenium.SessionNotCreatedException -->
          <reporter-output>
          </reporter-output>
        </test-method> <!-- verifyCartAdditionfromProductPage -->
        <test-method status="SKIP" signature="teardown()[pri:0, instance:com.flipkart.tests.ProductpageTest@3e694b3f]" name="teardown" is-config="true" duration-ms="0" started-at="2020-08-12T20:51:13Z" finished-at="2020-08-12T20:51:13Z">
          <reporter-output>
          </reporter-output>
        </test-method> <!-- teardown -->
      </class> <!-- com.flipkart.tests.ProductpageTest -->
    </test> <!-- ProductpageTest -->
    <test name="CartpageTest" duration-ms="2148" started-at="2020-08-12T15:21:13Z" finished-at="2020-08-12T15:21:15Z">
      <class name="com.flipkart.tests.CartPageTest">
        <test-method status="FAIL" signature="setUp()[pri:0, instance:com.flipkart.tests.CartPageTest@5fe94a96]" name="setUp" is-config="true" duration-ms="0" started-at="2020-08-12T20:51:13Z" finished-at="2020-08-12T20:51:13Z">
          <exception class="org.openqa.selenium.SessionNotCreatedException">
            <message>
              <![CDATA[session not created: This version of ChromeDriver only supports Chrome version 85
Build info: version: '3.141.59', revision: 'e82be7d358', time: '2018-11-14T08:17:03'
System info: host: 'SANTOSH', ip: '192.168.43.236', os.name: 'Windows 10', os.arch: 'amd64', os.version: '10.0', java.version: '1.8.0_121'
Driver info: driver.version: Driver
remote stacktrace: Backtrace:
	Ordinal0 [0x00E0C933+3131699]
	Ordinal0 [0x00CF9EC1+2006721]
	Ordinal0 [0x00B9AE28+568872]
	Ordinal0 [0x00B213BF+70591]
	Ordinal0 [0x00B1CC83+52355]
	Ordinal0 [0x00B40E2C+200236]
	Ordinal0 [0x00B40C4D+199757]
	Ordinal0 [0x00B3EB3B+191291]
	Ordinal0 [0x00B22E97+77463]
	Ordinal0 [0x00B23E5E+81502]
	Ordinal0 [0x00B23DE9+81385]
	Ordinal0 [0x00D10A79+2099833]
	GetHandleVerifier [0x00F7AC3A+1396666]
	GetHandleVerifier [0x00F7A8B9+1395769]
	GetHandleVerifier [0x00F86536+1444022]
	GetHandleVerifier [0x00F7B1C8+1398088]
	Ordinal0 [0x00D07D41+2063681]
	Ordinal0 [0x00D1208B+2105483]
	Ordinal0 [0x00D121B1+2105777]
	Ordinal0 [0x00D24754+2180948]
	BaseThreadInitThunk [0x75E66359+25]
	RtlGetAppContainerNamedObjectPath [0x77A97C24+228]
	RtlGetAppContainerNamedObjectPath [0x77A97BF4+180]
]]>
            </message>
            <full-stacktrace>
              <![CDATA[org.openqa.selenium.SessionNotCreatedException: session not created: This version of ChromeDriver only supports Chrome version 85
Build info: version: '3.141.59', revision: 'e82be7d358', time: '2018-11-14T08:17:03'
System info: host: 'SANTOSH', ip: '192.168.43.236', os.name: 'Windows 10', os.arch: 'amd64', os.version: '10.0', java.version: '1.8.0_121'
Driver info: driver.version: Driver
remote stacktrace: Backtrace:
	Ordinal0 [0x00E0C933+3131699]
	Ordinal0 [0x00CF9EC1+2006721]
	Ordinal0 [0x00B9AE28+568872]
	Ordinal0 [0x00B213BF+70591]
	Ordinal0 [0x00B1CC83+52355]
	Ordinal0 [0x00B40E2C+200236]
	Ordinal0 [0x00B40C4D+199757]
	Ordinal0 [0x00B3EB3B+191291]
	Ordinal0 [0x00B22E97+77463]
	Ordinal0 [0x00B23E5E+81502]
	Ordinal0 [0x00B23DE9+81385]
	Ordinal0 [0x00D10A79+2099833]
	GetHandleVerifier [0x00F7AC3A+1396666]
	GetHandleVerifier [0x00F7A8B9+1395769]
	GetHandleVerifier [0x00F86536+1444022]
	GetHandleVerifier [0x00F7B1C8+1398088]
	Ordinal0 [0x00D07D41+2063681]
	Ordinal0 [0x00D1208B+2105483]
	Ordinal0 [0x00D121B1+2105777]
	Ordinal0 [0x00D24754+2180948]
	BaseThreadInitThunk [0x75E66359+25]
	RtlGetAppContainerNamedObjectPath [0x77A97C24+228]
	RtlGetAppContainerNamedObjectPath [0x77A97BF4+180]

	at sun.reflect.NativeConstructorAccessorImpl.newInstance0(Native Method)
	at sun.reflect.NativeConstructorAccessorImpl.newInstance(Unknown Source)
	at sun.reflect.DelegatingConstructorAccessorImpl.newInstance(Unknown Source)
	at java.lang.reflect.Constructor.newInstance(Unknown Source)
	at org.openqa.selenium.remote.W3CHandshakeResponse.lambda$errorHandler$0(W3CHandshakeResponse.java:62)
	at org.openqa.selenium.remote.HandshakeResponse.lambda$getResponseFunction$0(HandshakeResponse.java:30)
	at org.openqa.selenium.remote.ProtocolHandshake.lambda$createSession$0(ProtocolHandshake.java:126)
	at java.util.stream.ReferencePipeline$3$1.accept(Unknown Source)
	at java.util.Spliterators$ArraySpliterator.tryAdvance(Unknown Source)
	at java.util.stream.ReferencePipeline.forEachWithCancel(Unknown Source)
	at java.util.stream.AbstractPipeline.copyIntoWithCancel(Unknown Source)
	at java.util.stream.AbstractPipeline.copyInto(Unknown Source)
	at java.util.stream.AbstractPipeline.wrapAndCopyInto(Unknown Source)
	at java.util.stream.FindOps$FindOp.evaluateSequential(Unknown Source)
	at java.util.stream.AbstractPipeline.evaluate(Unknown Source)
	at java.util.stream.ReferencePipeline.findFirst(Unknown Source)
	at org.openqa.selenium.remote.ProtocolHandshake.createSession(ProtocolHandshake.java:128)
	at org.openqa.selenium.remote.ProtocolHandshake.createSession(ProtocolHandshake.java:74)
	at org.openqa.selenium.remote.HttpCommandExecutor.execute(HttpCommandExecutor.java:136)
	at org.openqa.selenium.remote.service.DriverCommandExecutor.execute(DriverCommandExecutor.java:83)
	at org.openqa.selenium.remote.RemoteWebDriver.execute(RemoteWebDriver.java:552)
	at org.openqa.selenium.remote.RemoteWebDriver.startSession(RemoteWebDriver.java:213)
	at org.openqa.selenium.remote.RemoteWebDriver.<init>(RemoteWebDriver.java:131)
	at org.openqa.selenium.chrome.ChromeDriver.<init>(ChromeDriver.java:181)
	at org.openqa.selenium.chrome.ChromeDriver.<init>(ChromeDriver.java:168)
	at org.openqa.selenium.chrome.ChromeDriver.<init>(ChromeDriver.java:123)
	at com.flipkart.base.Driver.initialize(Driver.java:56)
	at com.flipkart.tests.CartPageTest.setUp(CartPageTest.java:38)
	at sun.reflect.NativeMethodAccessorImpl.invoke0(Native Method)
	at sun.reflect.NativeMethodAccessorImpl.invoke(Unknown Source)
	at sun.reflect.DelegatingMethodAccessorImpl.invoke(Unknown Source)
	at java.lang.reflect.Method.invoke(Unknown Source)
	at org.testng.internal.MethodInvocationHelper.invokeMethod(MethodInvocationHelper.java:104)
	at org.testng.internal.Invoker.invokeConfigurationMethod(Invoker.java:515)
	at org.testng.internal.Invoker.invokeConfigurations(Invoker.java:217)
	at org.testng.internal.Invoker.invokeMethod(Invoker.java:590)
	at org.testng.internal.Invoker.invokeTestMethod(Invoker.java:851)
	at org.testng.internal.Invoker.invokeTestMethods(Invoker.java:1177)
	at org.testng.internal.TestMethodWorker.invokeTestMethods(TestMethodWorker.java:129)
	at org.testng.internal.TestMethodWorker.run(TestMethodWorker.java:112)
	at org.testng.TestRunner.privateRun(TestRunner.java:756)
	at org.testng.TestRunner.run(TestRunner.java:610)
	at org.testng.SuiteRunner.runTest(SuiteRunner.java:387)
	at org.testng.SuiteRunner.runSequentially(SuiteRunner.java:382)
	at org.testng.SuiteRunner.privateRun(SuiteRunner.java:340)
	at org.testng.SuiteRunner.run(SuiteRunner.java:289)
	at org.testng.SuiteRunnerWorker.runSuite(SuiteRunnerWorker.java:52)
	at org.testng.SuiteRunnerWorker.run(SuiteRunnerWorker.java:86)
	at org.testng.TestNG.runSuitesSequentially(TestNG.java:1293)
	at org.testng.TestNG.runSuitesLocally(TestNG.java:1218)
	at org.testng.TestNG.runSuites(TestNG.java:1133)
	at org.testng.TestNG.run(TestNG.java:1104)
	at org.testng.remote.AbstractRemoteTestNG.run(AbstractRemoteTestNG.java:132)
	at org.testng.remote.RemoteTestNG.initAndRun(RemoteTestNG.java:236)
	at org.testng.remote.RemoteTestNG.main(RemoteTestNG.java:81)
]]>
            </full-stacktrace>
          </exception> <!-- org.openqa.selenium.SessionNotCreatedException -->
          <reporter-output>
          </reporter-output>
        </test-method> <!-- setUp -->
        <test-method status="SKIP" signature="ScreenshotCartPage()[pri:1, instance:com.flipkart.tests.CartPageTest@5fe94a96]" name="ScreenshotCartPage" duration-ms="2" started-at="2020-08-12T20:51:15Z" finished-at="2020-08-12T20:51:15Z">
          <exception class="org.openqa.selenium.SessionNotCreatedException">
            <message>
              <![CDATA[session not created: This version of ChromeDriver only supports Chrome version 85
Build info: version: '3.141.59', revision: 'e82be7d358', time: '2018-11-14T08:17:03'
System info: host: 'SANTOSH', ip: '192.168.43.236', os.name: 'Windows 10', os.arch: 'amd64', os.version: '10.0', java.version: '1.8.0_121'
Driver info: driver.version: Driver
remote stacktrace: Backtrace:
	Ordinal0 [0x00E0C933+3131699]
	Ordinal0 [0x00CF9EC1+2006721]
	Ordinal0 [0x00B9AE28+568872]
	Ordinal0 [0x00B213BF+70591]
	Ordinal0 [0x00B1CC83+52355]
	Ordinal0 [0x00B40E2C+200236]
	Ordinal0 [0x00B40C4D+199757]
	Ordinal0 [0x00B3EB3B+191291]
	Ordinal0 [0x00B22E97+77463]
	Ordinal0 [0x00B23E5E+81502]
	Ordinal0 [0x00B23DE9+81385]
	Ordinal0 [0x00D10A79+2099833]
	GetHandleVerifier [0x00F7AC3A+1396666]
	GetHandleVerifier [0x00F7A8B9+1395769]
	GetHandleVerifier [0x00F86536+1444022]
	GetHandleVerifier [0x00F7B1C8+1398088]
	Ordinal0 [0x00D07D41+2063681]
	Ordinal0 [0x00D1208B+2105483]
	Ordinal0 [0x00D121B1+2105777]
	Ordinal0 [0x00D24754+2180948]
	BaseThreadInitThunk [0x75E66359+25]
	RtlGetAppContainerNamedObjectPath [0x77A97C24+228]
	RtlGetAppContainerNamedObjectPath [0x77A97BF4+180]
]]>
            </message>
            <full-stacktrace>
              <![CDATA[org.openqa.selenium.SessionNotCreatedException: session not created: This version of ChromeDriver only supports Chrome version 85
Build info: version: '3.141.59', revision: 'e82be7d358', time: '2018-11-14T08:17:03'
System info: host: 'SANTOSH', ip: '192.168.43.236', os.name: 'Windows 10', os.arch: 'amd64', os.version: '10.0', java.version: '1.8.0_121'
Driver info: driver.version: Driver
remote stacktrace: Backtrace:
	Ordinal0 [0x00E0C933+3131699]
	Ordinal0 [0x00CF9EC1+2006721]
	Ordinal0 [0x00B9AE28+568872]
	Ordinal0 [0x00B213BF+70591]
	Ordinal0 [0x00B1CC83+52355]
	Ordinal0 [0x00B40E2C+200236]
	Ordinal0 [0x00B40C4D+199757]
	Ordinal0 [0x00B3EB3B+191291]
	Ordinal0 [0x00B22E97+77463]
	Ordinal0 [0x00B23E5E+81502]
	Ordinal0 [0x00B23DE9+81385]
	Ordinal0 [0x00D10A79+2099833]
	GetHandleVerifier [0x00F7AC3A+1396666]
	GetHandleVerifier [0x00F7A8B9+1395769]
	GetHandleVerifier [0x00F86536+1444022]
	GetHandleVerifier [0x00F7B1C8+1398088]
	Ordinal0 [0x00D07D41+2063681]
	Ordinal0 [0x00D1208B+2105483]
	Ordinal0 [0x00D121B1+2105777]
	Ordinal0 [0x00D24754+2180948]
	BaseThreadInitThunk [0x75E66359+25]
	RtlGetAppContainerNamedObjectPath [0x77A97C24+228]
	RtlGetAppContainerNamedObjectPath [0x77A97BF4+180]

	at sun.reflect.NativeConstructorAccessorImpl.newInstance0(Native Method)
	at sun.reflect.NativeConstructorAccessorImpl.newInstance(Unknown Source)
	at sun.reflect.DelegatingConstructorAccessorImpl.newInstance(Unknown Source)
	at java.lang.reflect.Constructor.newInstance(Unknown Source)
	at org.openqa.selenium.remote.W3CHandshakeResponse.lambda$errorHandler$0(W3CHandshakeResponse.java:62)
	at org.openqa.selenium.remote.HandshakeResponse.lambda$getResponseFunction$0(HandshakeResponse.java:30)
	at org.openqa.selenium.remote.ProtocolHandshake.lambda$createSession$0(ProtocolHandshake.java:126)
	at java.util.stream.ReferencePipeline$3$1.accept(Unknown Source)
	at java.util.Spliterators$ArraySpliterator.tryAdvance(Unknown Source)
	at java.util.stream.ReferencePipeline.forEachWithCancel(Unknown Source)
	at java.util.stream.AbstractPipeline.copyIntoWithCancel(Unknown Source)
	at java.util.stream.AbstractPipeline.copyInto(Unknown Source)
	at java.util.stream.AbstractPipeline.wrapAndCopyInto(Unknown Source)
	at java.util.stream.FindOps$FindOp.evaluateSequential(Unknown Source)
	at java.util.stream.AbstractPipeline.evaluate(Unknown Source)
	at java.util.stream.ReferencePipeline.findFirst(Unknown Source)
	at org.openqa.selenium.remote.ProtocolHandshake.createSession(ProtocolHandshake.java:128)
	at org.openqa.selenium.remote.ProtocolHandshake.createSession(ProtocolHandshake.java:74)
	at org.openqa.selenium.remote.HttpCommandExecutor.execute(HttpCommandExecutor.java:136)
	at org.openqa.selenium.remote.service.DriverCommandExecutor.execute(DriverCommandExecutor.java:83)
	at org.openqa.selenium.remote.RemoteWebDriver.execute(RemoteWebDriver.java:552)
	at org.openqa.selenium.remote.RemoteWebDriver.startSession(RemoteWebDriver.java:213)
	at org.openqa.selenium.remote.RemoteWebDriver.<init>(RemoteWebDriver.java:131)
	at org.openqa.selenium.chrome.ChromeDriver.<init>(ChromeDriver.java:181)
	at org.openqa.selenium.chrome.ChromeDriver.<init>(ChromeDriver.java:168)
	at org.openqa.selenium.chrome.ChromeDriver.<init>(ChromeDriver.java:123)
	at com.flipkart.base.Driver.initialize(Driver.java:56)
	at com.flipkart.tests.CartPageTest.setUp(CartPageTest.java:38)
	at sun.reflect.NativeMethodAccessorImpl.invoke0(Native Method)
	at sun.reflect.NativeMethodAccessorImpl.invoke(Unknown Source)
	at sun.reflect.DelegatingMethodAccessorImpl.invoke(Unknown Source)
	at java.lang.reflect.Method.invoke(Unknown Source)
	at org.testng.internal.MethodInvocationHelper.invokeMethod(MethodInvocationHelper.java:104)
	at org.testng.internal.Invoker.invokeConfigurationMethod(Invoker.java:515)
	at org.testng.internal.Invoker.invokeConfigurations(Invoker.java:217)
	at org.testng.internal.Invoker.invokeMethod(Invoker.java:590)
	at org.testng.internal.Invoker.invokeTestMethod(Invoker.java:851)
	at org.testng.internal.Invoker.invokeTestMethods(Invoker.java:1177)
	at org.testng.internal.TestMethodWorker.invokeTestMethods(TestMethodWorker.java:129)
	at org.testng.internal.TestMethodWorker.run(TestMethodWorker.java:112)
	at org.testng.TestRunner.privateRun(TestRunner.java:756)
	at org.testng.TestRunner.run(TestRunner.java:610)
	at org.testng.SuiteRunner.runTest(SuiteRunner.java:387)
	at org.testng.SuiteRunner.runSequentially(SuiteRunner.java:382)
	at org.testng.SuiteRunner.privateRun(SuiteRunner.java:340)
	at org.testng.SuiteRunner.run(SuiteRunner.java:289)
	at org.testng.SuiteRunnerWorker.runSuite(SuiteRunnerWorker.java:52)
	at org.testng.SuiteRunnerWorker.run(SuiteRunnerWorker.java:86)
	at org.testng.TestNG.runSuitesSequentially(TestNG.java:1293)
	at org.testng.TestNG.runSuitesLocally(TestNG.java:1218)
	at org.testng.TestNG.runSuites(TestNG.java:1133)
	at org.testng.TestNG.run(TestNG.java:1104)
	at org.testng.remote.AbstractRemoteTestNG.run(AbstractRemoteTestNG.java:132)
	at org.testng.remote.RemoteTestNG.initAndRun(RemoteTestNG.java:236)
	at org.testng.remote.RemoteTestNG.main(RemoteTestNG.java:81)
]]>
            </full-stacktrace>
          </exception> <!-- org.openqa.selenium.SessionNotCreatedException -->
          <reporter-output>
          </reporter-output>
        </test-method> <!-- ScreenshotCartPage -->
        <test-method status="SKIP" signature="teardown()[pri:0, instance:com.flipkart.tests.CartPageTest@5fe94a96]" name="teardown" is-config="true" duration-ms="0" started-at="2020-08-12T20:51:15Z" finished-at="2020-08-12T20:51:15Z">
          <reporter-output>
          </reporter-output>
        </test-method> <!-- teardown -->
        <test-method status="SKIP" signature="setUp()[pri:0, instance:com.flipkart.tests.CartPageTest@5fe94a96]" name="setUp" is-config="true" duration-ms="0" started-at="2020-08-12T20:51:15Z" finished-at="2020-08-12T20:51:15Z">
          <reporter-output>
          </reporter-output>
        </test-method> <!-- setUp -->
        <test-method status="SKIP" signature="removeFromCart()[pri:2, instance:com.flipkart.tests.CartPageTest@5fe94a96]" name="removeFromCart" duration-ms="2" started-at="2020-08-12T20:51:15Z" finished-at="2020-08-12T20:51:15Z">
          <exception class="org.openqa.selenium.SessionNotCreatedException">
            <message>
              <![CDATA[session not created: This version of ChromeDriver only supports Chrome version 85
Build info: version: '3.141.59', revision: 'e82be7d358', time: '2018-11-14T08:17:03'
System info: host: 'SANTOSH', ip: '192.168.43.236', os.name: 'Windows 10', os.arch: 'amd64', os.version: '10.0', java.version: '1.8.0_121'
Driver info: driver.version: Driver
remote stacktrace: Backtrace:
	Ordinal0 [0x00E0C933+3131699]
	Ordinal0 [0x00CF9EC1+2006721]
	Ordinal0 [0x00B9AE28+568872]
	Ordinal0 [0x00B213BF+70591]
	Ordinal0 [0x00B1CC83+52355]
	Ordinal0 [0x00B40E2C+200236]
	Ordinal0 [0x00B40C4D+199757]
	Ordinal0 [0x00B3EB3B+191291]
	Ordinal0 [0x00B22E97+77463]
	Ordinal0 [0x00B23E5E+81502]
	Ordinal0 [0x00B23DE9+81385]
	Ordinal0 [0x00D10A79+2099833]
	GetHandleVerifier [0x00F7AC3A+1396666]
	GetHandleVerifier [0x00F7A8B9+1395769]
	GetHandleVerifier [0x00F86536+1444022]
	GetHandleVerifier [0x00F7B1C8+1398088]
	Ordinal0 [0x00D07D41+2063681]
	Ordinal0 [0x00D1208B+2105483]
	Ordinal0 [0x00D121B1+2105777]
	Ordinal0 [0x00D24754+2180948]
	BaseThreadInitThunk [0x75E66359+25]
	RtlGetAppContainerNamedObjectPath [0x77A97C24+228]
	RtlGetAppContainerNamedObjectPath [0x77A97BF4+180]
]]>
            </message>
            <full-stacktrace>
              <![CDATA[org.openqa.selenium.SessionNotCreatedException: session not created: This version of ChromeDriver only supports Chrome version 85
Build info: version: '3.141.59', revision: 'e82be7d358', time: '2018-11-14T08:17:03'
System info: host: 'SANTOSH', ip: '192.168.43.236', os.name: 'Windows 10', os.arch: 'amd64', os.version: '10.0', java.version: '1.8.0_121'
Driver info: driver.version: Driver
remote stacktrace: Backtrace:
	Ordinal0 [0x00E0C933+3131699]
	Ordinal0 [0x00CF9EC1+2006721]
	Ordinal0 [0x00B9AE28+568872]
	Ordinal0 [0x00B213BF+70591]
	Ordinal0 [0x00B1CC83+52355]
	Ordinal0 [0x00B40E2C+200236]
	Ordinal0 [0x00B40C4D+199757]
	Ordinal0 [0x00B3EB3B+191291]
	Ordinal0 [0x00B22E97+77463]
	Ordinal0 [0x00B23E5E+81502]
	Ordinal0 [0x00B23DE9+81385]
	Ordinal0 [0x00D10A79+2099833]
	GetHandleVerifier [0x00F7AC3A+1396666]
	GetHandleVerifier [0x00F7A8B9+1395769]
	GetHandleVerifier [0x00F86536+1444022]
	GetHandleVerifier [0x00F7B1C8+1398088]
	Ordinal0 [0x00D07D41+2063681]
	Ordinal0 [0x00D1208B+2105483]
	Ordinal0 [0x00D121B1+2105777]
	Ordinal0 [0x00D24754+2180948]
	BaseThreadInitThunk [0x75E66359+25]
	RtlGetAppContainerNamedObjectPath [0x77A97C24+228]
	RtlGetAppContainerNamedObjectPath [0x77A97BF4+180]

	at sun.reflect.NativeConstructorAccessorImpl.newInstance0(Native Method)
	at sun.reflect.NativeConstructorAccessorImpl.newInstance(Unknown Source)
	at sun.reflect.DelegatingConstructorAccessorImpl.newInstance(Unknown Source)
	at java.lang.reflect.Constructor.newInstance(Unknown Source)
	at org.openqa.selenium.remote.W3CHandshakeResponse.lambda$errorHandler$0(W3CHandshakeResponse.java:62)
	at org.openqa.selenium.remote.HandshakeResponse.lambda$getResponseFunction$0(HandshakeResponse.java:30)
	at org.openqa.selenium.remote.ProtocolHandshake.lambda$createSession$0(ProtocolHandshake.java:126)
	at java.util.stream.ReferencePipeline$3$1.accept(Unknown Source)
	at java.util.Spliterators$ArraySpliterator.tryAdvance(Unknown Source)
	at java.util.stream.ReferencePipeline.forEachWithCancel(Unknown Source)
	at java.util.stream.AbstractPipeline.copyIntoWithCancel(Unknown Source)
	at java.util.stream.AbstractPipeline.copyInto(Unknown Source)
	at java.util.stream.AbstractPipeline.wrapAndCopyInto(Unknown Source)
	at java.util.stream.FindOps$FindOp.evaluateSequential(Unknown Source)
	at java.util.stream.AbstractPipeline.evaluate(Unknown Source)
	at java.util.stream.ReferencePipeline.findFirst(Unknown Source)
	at org.openqa.selenium.remote.ProtocolHandshake.createSession(ProtocolHandshake.java:128)
	at org.openqa.selenium.remote.ProtocolHandshake.createSession(ProtocolHandshake.java:74)
	at org.openqa.selenium.remote.HttpCommandExecutor.execute(HttpCommandExecutor.java:136)
	at org.openqa.selenium.remote.service.DriverCommandExecutor.execute(DriverCommandExecutor.java:83)
	at org.openqa.selenium.remote.RemoteWebDriver.execute(RemoteWebDriver.java:552)
	at org.openqa.selenium.remote.RemoteWebDriver.startSession(RemoteWebDriver.java:213)
	at org.openqa.selenium.remote.RemoteWebDriver.<init>(RemoteWebDriver.java:131)
	at org.openqa.selenium.chrome.ChromeDriver.<init>(ChromeDriver.java:181)
	at org.openqa.selenium.chrome.ChromeDriver.<init>(ChromeDriver.java:168)
	at org.openqa.selenium.chrome.ChromeDriver.<init>(ChromeDriver.java:123)
	at com.flipkart.base.Driver.initialize(Driver.java:56)
	at com.flipkart.tests.CartPageTest.setUp(CartPageTest.java:38)
	at sun.reflect.NativeMethodAccessorImpl.invoke0(Native Method)
	at sun.reflect.NativeMethodAccessorImpl.invoke(Unknown Source)
	at sun.reflect.DelegatingMethodAccessorImpl.invoke(Unknown Source)
	at java.lang.reflect.Method.invoke(Unknown Source)
	at org.testng.internal.MethodInvocationHelper.invokeMethod(MethodInvocationHelper.java:104)
	at org.testng.internal.Invoker.invokeConfigurationMethod(Invoker.java:515)
	at org.testng.internal.Invoker.invokeConfigurations(Invoker.java:217)
	at org.testng.internal.Invoker.invokeMethod(Invoker.java:590)
	at org.testng.internal.Invoker.invokeTestMethod(Invoker.java:851)
	at org.testng.internal.Invoker.invokeTestMethods(Invoker.java:1177)
	at org.testng.internal.TestMethodWorker.invokeTestMethods(TestMethodWorker.java:129)
	at org.testng.internal.TestMethodWorker.run(TestMethodWorker.java:112)
	at org.testng.TestRunner.privateRun(TestRunner.java:756)
	at org.testng.TestRunner.run(TestRunner.java:610)
	at org.testng.SuiteRunner.runTest(SuiteRunner.java:387)
	at org.testng.SuiteRunner.runSequentially(SuiteRunner.java:382)
	at org.testng.SuiteRunner.privateRun(SuiteRunner.java:340)
	at org.testng.SuiteRunner.run(SuiteRunner.java:289)
	at org.testng.SuiteRunnerWorker.runSuite(SuiteRunnerWorker.java:52)
	at org.testng.SuiteRunnerWorker.run(SuiteRunnerWorker.java:86)
	at org.testng.TestNG.runSuitesSequentially(TestNG.java:1293)
	at org.testng.TestNG.runSuitesLocally(TestNG.java:1218)
	at org.testng.TestNG.runSuites(TestNG.java:1133)
	at org.testng.TestNG.run(TestNG.java:1104)
	at org.testng.remote.AbstractRemoteTestNG.run(AbstractRemoteTestNG.java:132)
	at org.testng.remote.RemoteTestNG.initAndRun(RemoteTestNG.java:236)
	at org.testng.remote.RemoteTestNG.main(RemoteTestNG.java:81)
]]>
            </full-stacktrace>
          </exception> <!-- org.openqa.selenium.SessionNotCreatedException -->
          <reporter-output>
          </reporter-output>
        </test-method> <!-- removeFromCart -->
        <test-method status="SKIP" signature="teardown()[pri:0, instance:com.flipkart.tests.CartPageTest@5fe94a96]" name="teardown" is-config="true" duration-ms="0" started-at="2020-08-12T20:51:15Z" finished-at="2020-08-12T20:51:15Z">
          <reporter-output>
          </reporter-output>
        </test-method> <!-- teardown -->
        <test-method status="SKIP" signature="setUp()[pri:0, instance:com.flipkart.tests.CartPageTest@5fe94a96]" name="setUp" is-config="true" duration-ms="0" started-at="2020-08-12T20:51:15Z" finished-at="2020-08-12T20:51:15Z">
          <reporter-output>
          </reporter-output>
        </test-method> <!-- setUp -->
        <test-method status="SKIP" signature="logoutfromAppinCart()[pri:3, instance:com.flipkart.tests.CartPageTest@5fe94a96]" name="logoutfromAppinCart" duration-ms="4" started-at="2020-08-12T20:51:15Z" finished-at="2020-08-12T20:51:15Z">
          <exception class="org.openqa.selenium.SessionNotCreatedException">
            <message>
              <![CDATA[session not created: This version of ChromeDriver only supports Chrome version 85
Build info: version: '3.141.59', revision: 'e82be7d358', time: '2018-11-14T08:17:03'
System info: host: 'SANTOSH', ip: '192.168.43.236', os.name: 'Windows 10', os.arch: 'amd64', os.version: '10.0', java.version: '1.8.0_121'
Driver info: driver.version: Driver
remote stacktrace: Backtrace:
	Ordinal0 [0x00E0C933+3131699]
	Ordinal0 [0x00CF9EC1+2006721]
	Ordinal0 [0x00B9AE28+568872]
	Ordinal0 [0x00B213BF+70591]
	Ordinal0 [0x00B1CC83+52355]
	Ordinal0 [0x00B40E2C+200236]
	Ordinal0 [0x00B40C4D+199757]
	Ordinal0 [0x00B3EB3B+191291]
	Ordinal0 [0x00B22E97+77463]
	Ordinal0 [0x00B23E5E+81502]
	Ordinal0 [0x00B23DE9+81385]
	Ordinal0 [0x00D10A79+2099833]
	GetHandleVerifier [0x00F7AC3A+1396666]
	GetHandleVerifier [0x00F7A8B9+1395769]
	GetHandleVerifier [0x00F86536+1444022]
	GetHandleVerifier [0x00F7B1C8+1398088]
	Ordinal0 [0x00D07D41+2063681]
	Ordinal0 [0x00D1208B+2105483]
	Ordinal0 [0x00D121B1+2105777]
	Ordinal0 [0x00D24754+2180948]
	BaseThreadInitThunk [0x75E66359+25]
	RtlGetAppContainerNamedObjectPath [0x77A97C24+228]
	RtlGetAppContainerNamedObjectPath [0x77A97BF4+180]
]]>
            </message>
            <full-stacktrace>
              <![CDATA[org.openqa.selenium.SessionNotCreatedException: session not created: This version of ChromeDriver only supports Chrome version 85
Build info: version: '3.141.59', revision: 'e82be7d358', time: '2018-11-14T08:17:03'
System info: host: 'SANTOSH', ip: '192.168.43.236', os.name: 'Windows 10', os.arch: 'amd64', os.version: '10.0', java.version: '1.8.0_121'
Driver info: driver.version: Driver
remote stacktrace: Backtrace:
	Ordinal0 [0x00E0C933+3131699]
	Ordinal0 [0x00CF9EC1+2006721]
	Ordinal0 [0x00B9AE28+568872]
	Ordinal0 [0x00B213BF+70591]
	Ordinal0 [0x00B1CC83+52355]
	Ordinal0 [0x00B40E2C+200236]
	Ordinal0 [0x00B40C4D+199757]
	Ordinal0 [0x00B3EB3B+191291]
	Ordinal0 [0x00B22E97+77463]
	Ordinal0 [0x00B23E5E+81502]
	Ordinal0 [0x00B23DE9+81385]
	Ordinal0 [0x00D10A79+2099833]
	GetHandleVerifier [0x00F7AC3A+1396666]
	GetHandleVerifier [0x00F7A8B9+1395769]
	GetHandleVerifier [0x00F86536+1444022]
	GetHandleVerifier [0x00F7B1C8+1398088]
	Ordinal0 [0x00D07D41+2063681]
	Ordinal0 [0x00D1208B+2105483]
	Ordinal0 [0x00D121B1+2105777]
	Ordinal0 [0x00D24754+2180948]
	BaseThreadInitThunk [0x75E66359+25]
	RtlGetAppContainerNamedObjectPath [0x77A97C24+228]
	RtlGetAppContainerNamedObjectPath [0x77A97BF4+180]

	at sun.reflect.NativeConstructorAccessorImpl.newInstance0(Native Method)
	at sun.reflect.NativeConstructorAccessorImpl.newInstance(Unknown Source)
	at sun.reflect.DelegatingConstructorAccessorImpl.newInstance(Unknown Source)
	at java.lang.reflect.Constructor.newInstance(Unknown Source)
	at org.openqa.selenium.remote.W3CHandshakeResponse.lambda$errorHandler$0(W3CHandshakeResponse.java:62)
	at org.openqa.selenium.remote.HandshakeResponse.lambda$getResponseFunction$0(HandshakeResponse.java:30)
	at org.openqa.selenium.remote.ProtocolHandshake.lambda$createSession$0(ProtocolHandshake.java:126)
	at java.util.stream.ReferencePipeline$3$1.accept(Unknown Source)
	at java.util.Spliterators$ArraySpliterator.tryAdvance(Unknown Source)
	at java.util.stream.ReferencePipeline.forEachWithCancel(Unknown Source)
	at java.util.stream.AbstractPipeline.copyIntoWithCancel(Unknown Source)
	at java.util.stream.AbstractPipeline.copyInto(Unknown Source)
	at java.util.stream.AbstractPipeline.wrapAndCopyInto(Unknown Source)
	at java.util.stream.FindOps$FindOp.evaluateSequential(Unknown Source)
	at java.util.stream.AbstractPipeline.evaluate(Unknown Source)
	at java.util.stream.ReferencePipeline.findFirst(Unknown Source)
	at org.openqa.selenium.remote.ProtocolHandshake.createSession(ProtocolHandshake.java:128)
	at org.openqa.selenium.remote.ProtocolHandshake.createSession(ProtocolHandshake.java:74)
	at org.openqa.selenium.remote.HttpCommandExecutor.execute(HttpCommandExecutor.java:136)
	at org.openqa.selenium.remote.service.DriverCommandExecutor.execute(DriverCommandExecutor.java:83)
	at org.openqa.selenium.remote.RemoteWebDriver.execute(RemoteWebDriver.java:552)
	at org.openqa.selenium.remote.RemoteWebDriver.startSession(RemoteWebDriver.java:213)
	at org.openqa.selenium.remote.RemoteWebDriver.<init>(RemoteWebDriver.java:131)
	at org.openqa.selenium.chrome.ChromeDriver.<init>(ChromeDriver.java:181)
	at org.openqa.selenium.chrome.ChromeDriver.<init>(ChromeDriver.java:168)
	at org.openqa.selenium.chrome.ChromeDriver.<init>(ChromeDriver.java:123)
	at com.flipkart.base.Driver.initialize(Driver.java:56)
	at com.flipkart.tests.CartPageTest.setUp(CartPageTest.java:38)
	at sun.reflect.NativeMethodAccessorImpl.invoke0(Native Method)
	at sun.reflect.NativeMethodAccessorImpl.invoke(Unknown Source)
	at sun.reflect.DelegatingMethodAccessorImpl.invoke(Unknown Source)
	at java.lang.reflect.Method.invoke(Unknown Source)
	at org.testng.internal.MethodInvocationHelper.invokeMethod(MethodInvocationHelper.java:104)
	at org.testng.internal.Invoker.invokeConfigurationMethod(Invoker.java:515)
	at org.testng.internal.Invoker.invokeConfigurations(Invoker.java:217)
	at org.testng.internal.Invoker.invokeMethod(Invoker.java:590)
	at org.testng.internal.Invoker.invokeTestMethod(Invoker.java:851)
	at org.testng.internal.Invoker.invokeTestMethods(Invoker.java:1177)
	at org.testng.internal.TestMethodWorker.invokeTestMethods(TestMethodWorker.java:129)
	at org.testng.internal.TestMethodWorker.run(TestMethodWorker.java:112)
	at org.testng.TestRunner.privateRun(TestRunner.java:756)
	at org.testng.TestRunner.run(TestRunner.java:610)
	at org.testng.SuiteRunner.runTest(SuiteRunner.java:387)
	at org.testng.SuiteRunner.runSequentially(SuiteRunner.java:382)
	at org.testng.SuiteRunner.privateRun(SuiteRunner.java:340)
	at org.testng.SuiteRunner.run(SuiteRunner.java:289)
	at org.testng.SuiteRunnerWorker.runSuite(SuiteRunnerWorker.java:52)
	at org.testng.SuiteRunnerWorker.run(SuiteRunnerWorker.java:86)
	at org.testng.TestNG.runSuitesSequentially(TestNG.java:1293)
	at org.testng.TestNG.runSuitesLocally(TestNG.java:1218)
	at org.testng.TestNG.runSuites(TestNG.java:1133)
	at org.testng.TestNG.run(TestNG.java:1104)
	at org.testng.remote.AbstractRemoteTestNG.run(AbstractRemoteTestNG.java:132)
	at org.testng.remote.RemoteTestNG.initAndRun(RemoteTestNG.java:236)
	at org.testng.remote.RemoteTestNG.main(RemoteTestNG.java:81)
]]>
            </full-stacktrace>
          </exception> <!-- org.openqa.selenium.SessionNotCreatedException -->
          <reporter-output>
          </reporter-output>
        </test-method> <!-- logoutfromAppinCart -->
        <test-method status="SKIP" signature="teardown()[pri:0, instance:com.flipkart.tests.CartPageTest@5fe94a96]" name="teardown" is-config="true" duration-ms="0" started-at="2020-08-12T20:51:15Z" finished-at="2020-08-12T20:51:15Z">
          <reporter-output>
          </reporter-output>
        </test-method> <!-- teardown -->
      </class> <!-- com.flipkart.tests.CartPageTest -->
    </test> <!-- CartpageTest -->
  </suite> <!-- FlipKart.com Test -->
</testng-results>
